#
# A fatal error has been detected by the Java Runtime Environment:
#
#  SIGSEGV (0xb) at pc=0x00007150459f4251, pid=12081, tid=12114
#
# JRE version: OpenJDK Runtime Environment (21.0.5+11) (build 21.0.5+11)
# Java VM: OpenJDK 64-Bit Server VM (21.0.5+11, mixed mode, sharing, tiered, compressed oops, compressed class ptrs, g1 gc, linux-amd64)
# Problematic frame:
# C  [libgallium-24.3.1-arch1.1.so+0x3f4251]
#
# Core dump will be written. Default location: Core dumps may be processed with "/usr/lib/systemd/systemd-coredump %P %u %g %s %t %c %h" (or dumping to /home/gian/IdeaProjects/jade/core.12081)
#
# If you would like to submit a bug report, please visit:
#   https://bugreport.java.com/bugreport/crash.jsp
#

---------------  S U M M A R Y ------------

Command Line: -Dfile.encoding=UTF-8 -Duser.country=US -Duser.language=en -Duser.variant -ea Main

Host: AMD Ryzen 5 7535HS with Radeon Graphics, 12 cores, 12G, Arch Linux
Time: Sat Dec 21 20:04:41 2024 CET elapsed time: 0.506466 seconds (0d 0h 0m 0s)

---------------  T H R E A D  ---------------

Current thread is native thread

Stack: [0x0000714fec7fa000,0x0000714fecffa000],  sp=0x0000714fecff8100,  free space=8184k
Native frames: (J=compiled Java code, j=interpreted, Vv=VM code, C=native code)
C  [libgallium-24.3.1-arch1.1.so+0x3f4251]
C  [libgallium-24.3.1-arch1.1.so+0x3f49ec]
C  [libgallium-24.3.1-arch1.1.so+0x3f62ad]
C  [libgallium-24.3.1-arch1.1.so+0x375fb4]
C  [libgallium-24.3.1-arch1.1.so+0x329400]
C  [libgallium-24.3.1-arch1.1.so+0x1b1abb]
C  [libgallium-24.3.1-arch1.1.so+0x86011]
C  [libgallium-24.3.1-arch1.1.so+0x4de6e4]
C  [libgallium-24.3.1-arch1.1.so+0x51355d]
C  [libc.so.6+0x9439d]

siginfo: si_signo: 11 (SIGSEGV), si_code: 1 (SEGV_MAPERR), si_addr: 0x0000000000000008

Registers:
RAX=0x000071504422b010, RBX=0x0000000000000000, RCX=0x0000000000000000, RDX=0x00007150750ba310
RSP=0x0000714fecff8100, RBP=0x0000714fecff8160, RSI=0x0000715044244c98, RDI=0x0000714f6c01c740
R8 =0x0000714f6c01a460, R9 =0x0000000000000000, R10=0x0000000000000001, R11=0xf9512f9c27cab100
R12=0x0000000000000000, R13=0x0000714f6c01a640, R14=0x0000714f6c01c740, R15=0x0000714f6c01a460
RIP=0x00007150459f4251, EFLAGS=0x0000000000010206, CSGSFS=0x002b000000000033, ERR=0x0000000000000004
  TRAPNO=0x000000000000000e


Top of Stack: (sp=0x0000714fecff8100)
0x0000714fecff8100:   0000715045ad26b0 0000000000000078
0x0000714fecff8110:   0000714fecff8130 0000715045ad6d68
0x0000714fecff8120:   0000714f6c01c3e0 0000714f6c01a460
0x0000714fecff8130:   0000714fecff8160 0000000000000000
0x0000714fecff8140:   0000000000000000 0000714f6c01a640
0x0000714fecff8150:   0000714f6c01c740 0000714f6c01a460
0x0000714fecff8160:   0000714fecff8a20 00007150459f49ec
0x0000714fecff8170:   3231714fecff81e0 0000714f6c00f540
0x0000714fecff8180:   00000000ecff81d0 0000714f6c01a640
0x0000714fecff8190:   0000000000000001 0000000000000000
0x0000714fecff81a0:   0000714f6c01c780 000071504422b010
0x0000714fecff81b0:   0000000100ff8280 0000714f6c00c8b0
0x0000714fecff81c0:   0000714f6c01a640 0000714f6c01a648
0x0000714fecff81d0:   00007150750ba310 0000715044244c98
0x0000714fecff81e0:   0000000000000003 0000714f6c0365d8
0x0000714fecff81f0:   0000000000000000 0000714f6c01af60
0x0000714fecff8200:   0000714f6c01a850 0000714f6c01dbf3
0x0000714fecff8210:   0000000000000000 0000000000000000
0x0000714fecff8220:   0000000000000000 0000714f6c01af60
0x0000714fecff8230:   0000714f6c01a850 e340c582356a9000
0x0000714fecff8240:   0000000000000000 0000000000000000
0x0000714fecff8250:   0000000000000000 0000714f6c01af60
0x0000714fecff8260:   0000714f6c01a850 0000715046e2ece0
0x0000714fecff8270:   0000714fecff8340 e340c582356a9000
0x0000714fecff8280:   0000714fecff82a8 0000714fecff82c0
0x0000714fecff8290:   0000714f6c00ab88 000000000000003f
0x0000714fecff82a0:   0000714f6c01dae0 0000715046e2ece0
0x0000714fecff82b0:   0000714fecff8380 000071507a50273f
0x0000714fecff82c0:   0000714f6c01dbf3 0000714f6c01dc32
0x0000714fecff82d0:   0000714f6c01dc33 0000000000000000
0x0000714fecff82e0:   0000000000000002 0000714f6c01daa0
0x0000714fecff82f0:   0000714fecff8360 000071507a51f906 

Instructions: (pc=0x00007150459f4251)
0x00007150459f4151:   00 00 49 89 7c 24 10 4c 89 ef 67 e8 3f 5c 13 00
0x00007150459f4161:   b8 01 00 00 00 e9 69 ff ff ff 0f 1f 44 00 00 48
0x00007150459f4171:   89 c6 4c 89 f7 67 e8 94 fd 21 00 84 c0 75 a1 e9
0x00007150459f4181:   4d ff ff ff 0f 1f 00 8b 4f 10 85 c9 75 51 80 fa
0x00007150459f4191:   13 0f 84 97 00 00 00 ba ff ff ff ff 44 8b 6b 28
0x00007150459f41a1:   41 39 d5 7c bb 41 f6 44 24 2d 04 75 b3 48 89 c7
0x00007150459f41b1:   67 e8 29 2f 22 00 48 89 df 48 8b 4b 18 45 89 e9
0x00007150459f41c1:   49 89 c0 48 8d 35 25 4e 43 01 e8 b0 e1 ff ff 4c
0x00007150459f41d1:   89 ff 48 89 c2 31 c0 67 e8 32 5e 02 00 eb 81 80
0x00007150459f41e1:   fa 13 0f 85 e9 fe ff ff 8b 40 10 85 c0 0f 84 51
0x00007150459f41f1:   ff ff ff e9 d9 fe ff ff 67 e8 e1 2e 22 00 48 89
0x00007150459f4201:   df 48 8b 4b 18 45 89 f1 49 89 c0 48 8d 35 dd 4d
0x00007150459f4211:   43 01 e8 68 e1 ff ff 4c 89 ff 48 89 c2 31 c0 67
0x00007150459f4221:   e8 ea 5d 02 00 48 8b 7b 10 e9 24 ff ff ff 8b 50
0x00007150459f4231:   10 85 d2 0f 84 98 fe ff ff e9 5e ff ff ff 90 55
0x00007150459f4241:   48 89 e5 41 57 41 56 41 55 41 54 53 48 83 ec 38
0x00007150459f4251:   4c 8b 79 08 48 89 7d b0 48 89 75 b8 49 83 3f 00
0x00007150459f4261:   48 89 4d a8 4c 89 45 c8 0f 84 2e 03 00 00 49 89
0x00007150459f4271:   d5 44 89 cb 66 66 2e 0f 1f 84 00 00 00 00 00 84
0x00007150459f4281:   db 74 2e 41 8b 47 20 25 ff ff 1f 00 83 f8 02 0f
0x00007150459f4291:   95 c2 3d 80 00 00 00 0f 95 c1 21 ca 83 f8 10 0f
0x00007150459f42a1:   95 c1 84 ca 74 0b 3d 00 02 00 00 0f 85 46 03 00
0x00007150459f42b1:   00 49 8b 7f 10 67 e8 74 e0 21 00 84 c0 0f 85 cc
0x00007150459f42c1:   02 00 00 49 8b 7f 10 67 e8 e2 2f 22 00 49 39 87
0x00007150459f42d1:   88 00 00 00 0f 84 b5 02 00 00 41 8b 47 20 25 ff
0x00007150459f42e1:   ff 1f 00 3d 00 00 02 00 75 10 41 0f b6 47 2d 83
0x00007150459f42f1:   e0 60 3c 40 0f 84 95 02 00 00 49 8b 77 18 48 8b
0x00007150459f4301:   7d c8 67 e8 17 dc 0d 00 48 85 c0 0f 84 3e 03 00
0x00007150459f4311:   00 48 8b 40 10 4c 8b 70 08 49 8b 76 10 49 39 77
0x00007150459f4321:   10 74 6b 48 8b 08 41 b8 01 00 00 00 4c 89 f2 4c
0x00007150459f4331:   89 fe 4c 89 ef e8 75 fd ff ff 84 c0 75 50 41 8b
0x00007150459f4341:   47 20 49 8b 7e 10 25 ff ff 1f 00 3d 00 02 00 00 



---------------  P R O C E S S  ---------------

VM state: not at safepoint (normal execution)

VM Mutex/Monitor currently owned by a thread: None

Heap address: 0x0000000735200000, size: 3246 MB, Compressed Oops mode: Zero based, Oop shift amount: 3

CDS archive(s) mapped at: [0x0000714ffb000000-0x0000714ffbc97000-0x0000714ffbc97000), size 13201408, SharedBaseAddress: 0x0000714ffb000000, ArchiveRelocationMode: 1.
Compressed class space mapped at: 0x0000714ffc000000-0x000071503c000000, reserved size: 1073741824
Narrow klass base: 0x0000714ffb000000, Narrow klass shift: 0, Narrow klass range: 0x100000000

GC Precious Log:
<Skipped>

Heap:
 garbage-first heap   total 210944K, used 15875K [0x0000000735200000, 0x0000000800000000)
  region size 2048K, 8 young (16384K), 0 survivors (0K)
 Metaspace       used 5295K, committed 5504K, reserved 1114112K
  class space    used 241K, committed 384K, reserved 1048576K

Heap Regions: E=young(eden), S=young(survivor), O=old, HS=humongous(starts), HC=humongous(continues), CS=collection set, F=free, TAMS=top-at-mark-start, PB=parsable bottom
|   0|0x0000000735200000, 0x0000000735200000, 0x0000000735400000|  0%| F|  |TAMS 0x0000000735200000| PB 0x0000000735200000| Untracked 
|   1|0x0000000735400000, 0x0000000735400000, 0x0000000735600000|  0%| F|  |TAMS 0x0000000735400000| PB 0x0000000735400000| Untracked 
|   2|0x0000000735600000, 0x0000000735600000, 0x0000000735800000|  0%| F|  |TAMS 0x0000000735600000| PB 0x0000000735600000| Untracked 
|   3|0x0000000735800000, 0x0000000735800000, 0x0000000735a00000|  0%| F|  |TAMS 0x0000000735800000| PB 0x0000000735800000| Untracked 
|   4|0x0000000735a00000, 0x0000000735a00000, 0x0000000735c00000|  0%| F|  |TAMS 0x0000000735a00000| PB 0x0000000735a00000| Untracked 
|   5|0x0000000735c00000, 0x0000000735c00000, 0x0000000735e00000|  0%| F|  |TAMS 0x0000000735c00000| PB 0x0000000735c00000| Untracked 
|   6|0x0000000735e00000, 0x0000000735e00000, 0x0000000736000000|  0%| F|  |TAMS 0x0000000735e00000| PB 0x0000000735e00000| Untracked 
|   7|0x0000000736000000, 0x0000000736000000, 0x0000000736200000|  0%| F|  |TAMS 0x0000000736000000| PB 0x0000000736000000| Untracked 
|   8|0x0000000736200000, 0x0000000736200000, 0x0000000736400000|  0%| F|  |TAMS 0x0000000736200000| PB 0x0000000736200000| Untracked 
|   9|0x0000000736400000, 0x0000000736400000, 0x0000000736600000|  0%| F|  |TAMS 0x0000000736400000| PB 0x0000000736400000| Untracked 
|  10|0x0000000736600000, 0x0000000736600000, 0x0000000736800000|  0%| F|  |TAMS 0x0000000736600000| PB 0x0000000736600000| Untracked 
|  11|0x0000000736800000, 0x0000000736800000, 0x0000000736a00000|  0%| F|  |TAMS 0x0000000736800000| PB 0x0000000736800000| Untracked 
|  12|0x0000000736a00000, 0x0000000736a00000, 0x0000000736c00000|  0%| F|  |TAMS 0x0000000736a00000| PB 0x0000000736a00000| Untracked 
|  13|0x0000000736c00000, 0x0000000736c00000, 0x0000000736e00000|  0%| F|  |TAMS 0x0000000736c00000| PB 0x0000000736c00000| Untracked 
|  14|0x0000000736e00000, 0x0000000736e00000, 0x0000000737000000|  0%| F|  |TAMS 0x0000000736e00000| PB 0x0000000736e00000| Untracked 
|  15|0x0000000737000000, 0x0000000737000000, 0x0000000737200000|  0%| F|  |TAMS 0x0000000737000000| PB 0x0000000737000000| Untracked 
|  16|0x0000000737200000, 0x0000000737200000, 0x0000000737400000|  0%| F|  |TAMS 0x0000000737200000| PB 0x0000000737200000| Untracked 
|  17|0x0000000737400000, 0x0000000737400000, 0x0000000737600000|  0%| F|  |TAMS 0x0000000737400000| PB 0x0000000737400000| Untracked 
|  18|0x0000000737600000, 0x0000000737600000, 0x0000000737800000|  0%| F|  |TAMS 0x0000000737600000| PB 0x0000000737600000| Untracked 
|  19|0x0000000737800000, 0x0000000737800000, 0x0000000737a00000|  0%| F|  |TAMS 0x0000000737800000| PB 0x0000000737800000| Untracked 
|  20|0x0000000737a00000, 0x0000000737a00000, 0x0000000737c00000|  0%| F|  |TAMS 0x0000000737a00000| PB 0x0000000737a00000| Untracked 
|  21|0x0000000737c00000, 0x0000000737c00000, 0x0000000737e00000|  0%| F|  |TAMS 0x0000000737c00000| PB 0x0000000737c00000| Untracked 
|  22|0x0000000737e00000, 0x0000000737e00000, 0x0000000738000000|  0%| F|  |TAMS 0x0000000737e00000| PB 0x0000000737e00000| Untracked 
|  23|0x0000000738000000, 0x0000000738000000, 0x0000000738200000|  0%| F|  |TAMS 0x0000000738000000| PB 0x0000000738000000| Untracked 
|  24|0x0000000738200000, 0x0000000738200000, 0x0000000738400000|  0%| F|  |TAMS 0x0000000738200000| PB 0x0000000738200000| Untracked 
|  25|0x0000000738400000, 0x0000000738400000, 0x0000000738600000|  0%| F|  |TAMS 0x0000000738400000| PB 0x0000000738400000| Untracked 
|  26|0x0000000738600000, 0x0000000738600000, 0x0000000738800000|  0%| F|  |TAMS 0x0000000738600000| PB 0x0000000738600000| Untracked 
|  27|0x0000000738800000, 0x0000000738800000, 0x0000000738a00000|  0%| F|  |TAMS 0x0000000738800000| PB 0x0000000738800000| Untracked 
|  28|0x0000000738a00000, 0x0000000738a00000, 0x0000000738c00000|  0%| F|  |TAMS 0x0000000738a00000| PB 0x0000000738a00000| Untracked 
|  29|0x0000000738c00000, 0x0000000738c00000, 0x0000000738e00000|  0%| F|  |TAMS 0x0000000738c00000| PB 0x0000000738c00000| Untracked 
|  30|0x0000000738e00000, 0x0000000738e00000, 0x0000000739000000|  0%| F|  |TAMS 0x0000000738e00000| PB 0x0000000738e00000| Untracked 
|  31|0x0000000739000000, 0x0000000739000000, 0x0000000739200000|  0%| F|  |TAMS 0x0000000739000000| PB 0x0000000739000000| Untracked 
|  32|0x0000000739200000, 0x0000000739200000, 0x0000000739400000|  0%| F|  |TAMS 0x0000000739200000| PB 0x0000000739200000| Untracked 
|  33|0x0000000739400000, 0x0000000739400000, 0x0000000739600000|  0%| F|  |TAMS 0x0000000739400000| PB 0x0000000739400000| Untracked 
|  34|0x0000000739600000, 0x0000000739600000, 0x0000000739800000|  0%| F|  |TAMS 0x0000000739600000| PB 0x0000000739600000| Untracked 
|  35|0x0000000739800000, 0x0000000739800000, 0x0000000739a00000|  0%| F|  |TAMS 0x0000000739800000| PB 0x0000000739800000| Untracked 
|  36|0x0000000739a00000, 0x0000000739a00000, 0x0000000739c00000|  0%| F|  |TAMS 0x0000000739a00000| PB 0x0000000739a00000| Untracked 
|  37|0x0000000739c00000, 0x0000000739c00000, 0x0000000739e00000|  0%| F|  |TAMS 0x0000000739c00000| PB 0x0000000739c00000| Untracked 
|  38|0x0000000739e00000, 0x0000000739e00000, 0x000000073a000000|  0%| F|  |TAMS 0x0000000739e00000| PB 0x0000000739e00000| Untracked 
|  39|0x000000073a000000, 0x000000073a000000, 0x000000073a200000|  0%| F|  |TAMS 0x000000073a000000| PB 0x000000073a000000| Untracked 
|  40|0x000000073a200000, 0x000000073a200000, 0x000000073a400000|  0%| F|  |TAMS 0x000000073a200000| PB 0x000000073a200000| Untracked 
|  41|0x000000073a400000, 0x000000073a400000, 0x000000073a600000|  0%| F|  |TAMS 0x000000073a400000| PB 0x000000073a400000| Untracked 
|  42|0x000000073a600000, 0x000000073a600000, 0x000000073a800000|  0%| F|  |TAMS 0x000000073a600000| PB 0x000000073a600000| Untracked 
|  43|0x000000073a800000, 0x000000073a800000, 0x000000073aa00000|  0%| F|  |TAMS 0x000000073a800000| PB 0x000000073a800000| Untracked 
|  44|0x000000073aa00000, 0x000000073aa00000, 0x000000073ac00000|  0%| F|  |TAMS 0x000000073aa00000| PB 0x000000073aa00000| Untracked 
|  45|0x000000073ac00000, 0x000000073ac00000, 0x000000073ae00000|  0%| F|  |TAMS 0x000000073ac00000| PB 0x000000073ac00000| Untracked 
|  46|0x000000073ae00000, 0x000000073ae00000, 0x000000073b000000|  0%| F|  |TAMS 0x000000073ae00000| PB 0x000000073ae00000| Untracked 
|  47|0x000000073b000000, 0x000000073b000000, 0x000000073b200000|  0%| F|  |TAMS 0x000000073b000000| PB 0x000000073b000000| Untracked 
|  48|0x000000073b200000, 0x000000073b200000, 0x000000073b400000|  0%| F|  |TAMS 0x000000073b200000| PB 0x000000073b200000| Untracked 
|  49|0x000000073b400000, 0x000000073b400000, 0x000000073b600000|  0%| F|  |TAMS 0x000000073b400000| PB 0x000000073b400000| Untracked 
|  50|0x000000073b600000, 0x000000073b600000, 0x000000073b800000|  0%| F|  |TAMS 0x000000073b600000| PB 0x000000073b600000| Untracked 
|  51|0x000000073b800000, 0x000000073b800000, 0x000000073ba00000|  0%| F|  |TAMS 0x000000073b800000| PB 0x000000073b800000| Untracked 
|  52|0x000000073ba00000, 0x000000073ba00000, 0x000000073bc00000|  0%| F|  |TAMS 0x000000073ba00000| PB 0x000000073ba00000| Untracked 
|  53|0x000000073bc00000, 0x000000073bc00000, 0x000000073be00000|  0%| F|  |TAMS 0x000000073bc00000| PB 0x000000073bc00000| Untracked 
|  54|0x000000073be00000, 0x000000073be00000, 0x000000073c000000|  0%| F|  |TAMS 0x000000073be00000| PB 0x000000073be00000| Untracked 
|  55|0x000000073c000000, 0x000000073c000000, 0x000000073c200000|  0%| F|  |TAMS 0x000000073c000000| PB 0x000000073c000000| Untracked 
|  56|0x000000073c200000, 0x000000073c200000, 0x000000073c400000|  0%| F|  |TAMS 0x000000073c200000| PB 0x000000073c200000| Untracked 
|  57|0x000000073c400000, 0x000000073c400000, 0x000000073c600000|  0%| F|  |TAMS 0x000000073c400000| PB 0x000000073c400000| Untracked 
|  58|0x000000073c600000, 0x000000073c600000, 0x000000073c800000|  0%| F|  |TAMS 0x000000073c600000| PB 0x000000073c600000| Untracked 
|  59|0x000000073c800000, 0x000000073c800000, 0x000000073ca00000|  0%| F|  |TAMS 0x000000073c800000| PB 0x000000073c800000| Untracked 
|  60|0x000000073ca00000, 0x000000073ca00000, 0x000000073cc00000|  0%| F|  |TAMS 0x000000073ca00000| PB 0x000000073ca00000| Untracked 
|  61|0x000000073cc00000, 0x000000073cc00000, 0x000000073ce00000|  0%| F|  |TAMS 0x000000073cc00000| PB 0x000000073cc00000| Untracked 
|  62|0x000000073ce00000, 0x000000073ce00000, 0x000000073d000000|  0%| F|  |TAMS 0x000000073ce00000| PB 0x000000073ce00000| Untracked 
|  63|0x000000073d000000, 0x000000073d000000, 0x000000073d200000|  0%| F|  |TAMS 0x000000073d000000| PB 0x000000073d000000| Untracked 
|  64|0x000000073d200000, 0x000000073d200000, 0x000000073d400000|  0%| F|  |TAMS 0x000000073d200000| PB 0x000000073d200000| Untracked 
|  65|0x000000073d400000, 0x000000073d400000, 0x000000073d600000|  0%| F|  |TAMS 0x000000073d400000| PB 0x000000073d400000| Untracked 
|  66|0x000000073d600000, 0x000000073d600000, 0x000000073d800000|  0%| F|  |TAMS 0x000000073d600000| PB 0x000000073d600000| Untracked 
|  67|0x000000073d800000, 0x000000073d800000, 0x000000073da00000|  0%| F|  |TAMS 0x000000073d800000| PB 0x000000073d800000| Untracked 
|  68|0x000000073da00000, 0x000000073da00000, 0x000000073dc00000|  0%| F|  |TAMS 0x000000073da00000| PB 0x000000073da00000| Untracked 
|  69|0x000000073dc00000, 0x000000073dc00000, 0x000000073de00000|  0%| F|  |TAMS 0x000000073dc00000| PB 0x000000073dc00000| Untracked 
|  70|0x000000073de00000, 0x000000073de00000, 0x000000073e000000|  0%| F|  |TAMS 0x000000073de00000| PB 0x000000073de00000| Untracked 
|  71|0x000000073e000000, 0x000000073e000000, 0x000000073e200000|  0%| F|  |TAMS 0x000000073e000000| PB 0x000000073e000000| Untracked 
|  72|0x000000073e200000, 0x000000073e200000, 0x000000073e400000|  0%| F|  |TAMS 0x000000073e200000| PB 0x000000073e200000| Untracked 
|  73|0x000000073e400000, 0x000000073e400000, 0x000000073e600000|  0%| F|  |TAMS 0x000000073e400000| PB 0x000000073e400000| Untracked 
|  74|0x000000073e600000, 0x000000073e600000, 0x000000073e800000|  0%| F|  |TAMS 0x000000073e600000| PB 0x000000073e600000| Untracked 
|  75|0x000000073e800000, 0x000000073e800000, 0x000000073ea00000|  0%| F|  |TAMS 0x000000073e800000| PB 0x000000073e800000| Untracked 
|  76|0x000000073ea00000, 0x000000073ea00000, 0x000000073ec00000|  0%| F|  |TAMS 0x000000073ea00000| PB 0x000000073ea00000| Untracked 
|  77|0x000000073ec00000, 0x000000073ec00000, 0x000000073ee00000|  0%| F|  |TAMS 0x000000073ec00000| PB 0x000000073ec00000| Untracked 
|  78|0x000000073ee00000, 0x000000073ee00000, 0x000000073f000000|  0%| F|  |TAMS 0x000000073ee00000| PB 0x000000073ee00000| Untracked 
|  79|0x000000073f000000, 0x000000073f000000, 0x000000073f200000|  0%| F|  |TAMS 0x000000073f000000| PB 0x000000073f000000| Untracked 
|  80|0x000000073f200000, 0x000000073f200000, 0x000000073f400000|  0%| F|  |TAMS 0x000000073f200000| PB 0x000000073f200000| Untracked 
|  81|0x000000073f400000, 0x000000073f400000, 0x000000073f600000|  0%| F|  |TAMS 0x000000073f400000| PB 0x000000073f400000| Untracked 
|  82|0x000000073f600000, 0x000000073f600000, 0x000000073f800000|  0%| F|  |TAMS 0x000000073f600000| PB 0x000000073f600000| Untracked 
|  83|0x000000073f800000, 0x000000073f800000, 0x000000073fa00000|  0%| F|  |TAMS 0x000000073f800000| PB 0x000000073f800000| Untracked 
|  84|0x000000073fa00000, 0x000000073fa00000, 0x000000073fc00000|  0%| F|  |TAMS 0x000000073fa00000| PB 0x000000073fa00000| Untracked 
|  85|0x000000073fc00000, 0x000000073fc00000, 0x000000073fe00000|  0%| F|  |TAMS 0x000000073fc00000| PB 0x000000073fc00000| Untracked 
|  86|0x000000073fe00000, 0x000000073fe00000, 0x0000000740000000|  0%| F|  |TAMS 0x000000073fe00000| PB 0x000000073fe00000| Untracked 
|  87|0x0000000740000000, 0x0000000740000000, 0x0000000740200000|  0%| F|  |TAMS 0x0000000740000000| PB 0x0000000740000000| Untracked 
|  88|0x0000000740200000, 0x0000000740200000, 0x0000000740400000|  0%| F|  |TAMS 0x0000000740200000| PB 0x0000000740200000| Untracked 
|  89|0x0000000740400000, 0x0000000740400000, 0x0000000740600000|  0%| F|  |TAMS 0x0000000740400000| PB 0x0000000740400000| Untracked 
|  90|0x0000000740600000, 0x0000000740600000, 0x0000000740800000|  0%| F|  |TAMS 0x0000000740600000| PB 0x0000000740600000| Untracked 
|  91|0x0000000740800000, 0x0000000740800000, 0x0000000740a00000|  0%| F|  |TAMS 0x0000000740800000| PB 0x0000000740800000| Untracked 
|  92|0x0000000740a00000, 0x0000000740a00000, 0x0000000740c00000|  0%| F|  |TAMS 0x0000000740a00000| PB 0x0000000740a00000| Untracked 
|  93|0x0000000740c00000, 0x0000000740c00000, 0x0000000740e00000|  0%| F|  |TAMS 0x0000000740c00000| PB 0x0000000740c00000| Untracked 
|  94|0x0000000740e00000, 0x0000000740e74648, 0x0000000741000000| 22%| E|  |TAMS 0x0000000740e00000| PB 0x0000000740e00000| Complete 
|  95|0x0000000741000000, 0x0000000741200000, 0x0000000741200000|100%| E|CS|TAMS 0x0000000741000000| PB 0x0000000741000000| Complete 
|  96|0x0000000741200000, 0x0000000741400000, 0x0000000741400000|100%| E|CS|TAMS 0x0000000741200000| PB 0x0000000741200000| Complete 
|  97|0x0000000741400000, 0x0000000741600000, 0x0000000741600000|100%| E|CS|TAMS 0x0000000741400000| PB 0x0000000741400000| Complete 
|  98|0x0000000741600000, 0x0000000741800000, 0x0000000741800000|100%| E|CS|TAMS 0x0000000741600000| PB 0x0000000741600000| Complete 
|  99|0x0000000741800000, 0x0000000741a00000, 0x0000000741a00000|100%| E|CS|TAMS 0x0000000741800000| PB 0x0000000741800000| Complete 
| 100|0x0000000741a00000, 0x0000000741c00000, 0x0000000741c00000|100%| E|CS|TAMS 0x0000000741a00000| PB 0x0000000741a00000| Complete 
| 101|0x0000000741c00000, 0x0000000741e00000, 0x0000000741e00000|100%| E|CS|TAMS 0x0000000741c00000| PB 0x0000000741c00000| Complete 
|1622|0x00000007ffe00000, 0x00000007fff0c670, 0x0000000800000000| 52%| O|  |TAMS 0x00000007ffe00000| PB 0x00000007ffe00000| Untracked 

Card table byte_map: [0x000071505b952000,0x000071505bfa9000] _byte_map_base: 0x0000715057fa9000

Marking Bits: (CMBitMap*) 0x0000715074075be0
 Bits: [0x000071505869a000, 0x000071505b952000)

Polling page: 0x000071507a684000

Metaspace:

Usage:
  Non-class:      4.94 MB used.
      Class:    241.69 KB used.
       Both:      5.17 MB used.

Virtual space:
  Non-class space:       64.00 MB reserved,       5.00 MB (  8%) committed,  1 nodes.
      Class space:        1.00 GB reserved,     384.00 KB ( <1%) committed,  1 nodes.
             Both:        1.06 GB reserved,       5.38 MB ( <1%) committed. 

Chunk freelists:
   Non-Class:  8.38 MB
       Class:  15.56 MB
        Both:  23.93 MB

MaxMetaspaceSize: unlimited
CompressedClassSpaceSize: 1.00 GB
Initial GC threshold: 21.00 MB
Current GC threshold: 21.00 MB
CDS: on
 - commit_granule_bytes: 65536.
 - commit_granule_words: 8192.
 - virtual_space_node_default_size: 8388608.
 - enlarge_chunks_in_place: 1.
 - use_allocation_guard: 0.


Internal statistics:

num_allocs_failed_limit: 0.
num_arena_births: 82.
num_arena_deaths: 0.
num_vsnodes_births: 2.
num_vsnodes_deaths: 0.
num_space_committed: 84.
num_space_uncommitted: 0.
num_chunks_returned_to_freelist: 0.
num_chunks_taken_from_freelist: 233.
num_chunk_merges: 0.
num_chunk_splits: 169.
num_chunks_enlarged: 131.
num_inconsistent_stats: 0.

CodeHeap 'non-profiled nmethods': size=120028Kb used=263Kb max_used=263Kb free=119764Kb
 bounds [0x00007150640c9000, 0x0000715064339000, 0x000071506b600000]
CodeHeap 'profiled nmethods': size=120028Kb used=1385Kb max_used=1385Kb free=118642Kb
 bounds [0x000071505c600000, 0x000071505c870000, 0x0000715063b37000]
CodeHeap 'non-nmethods': size=5704Kb used=1938Kb max_used=1958Kb free=3766Kb
 bounds [0x0000715063b37000, 0x0000715063da7000, 0x00007150640c9000]
 total_blobs=1809 nmethods=838 adapters=877
 compilation: enabled
              stopped_count=0, restarted_count=0
 full_count=0

Compilation events (20 events):
Event: 0.483 Thread 0x0000714fc007fab0 nmethod 824 0x0000715064105310 code [0x0000715064105480, 0x0000715064105530]
Event: 0.483 Thread 0x0000714fc007fab0  822       4       java.lang.invoke.MethodType::makeImpl (109 bytes)
Event: 0.486 Thread 0x0000715074148ae0 nmethod 783 0x0000715064105610 code [0x0000715064105860, 0x0000715064106a40]
Event: 0.486 Thread 0x0000715074148ae0  831       4       java.lang.invoke.BoundMethodHandle::<init> (32 bytes)
Event: 0.486 Thread 0x000071507414a1a0  833       3       sun.net.www.protocol.file.Handler::parseURL (18 bytes)
Event: 0.486 Thread 0x000071507414a1a0 nmethod 833 0x000071505c747490 code [0x000071505c747640, 0x000071505c7477f8]
Event: 0.486 Thread 0x000071507414a1a0  834       3       java.net.URLStreamHandler::parseURL (1124 bytes)
Event: 0.488 Thread 0x0000715074148ae0 nmethod 831 0x0000715064107590 code [0x0000715064107740, 0x0000715064107b00]
Event: 0.488 Thread 0x0000715074148ae0  832       4       jdk.internal.util.StrongReferenceKey::hashCode (8 bytes)
Event: 0.491 Thread 0x0000715074148ae0 nmethod 832 0x0000715064107d10 code [0x0000715064107f00, 0x0000715064108320]
Event: 0.491 Thread 0x0000715074148ae0  830   !   4       java.lang.invoke.MemberName::getFieldType (176 bytes)
Event: 0.492 Thread 0x0000715074148ae0 nmethod 830 0x0000715064108610 code [0x00007150641087a0, 0x00007150641088a0]
Event: 0.497 Thread 0x000071507414a1a0 nmethod 834 0x000071505c747910 code [0x000071505c748ca0, 0x000071505c754d50]
Event: 0.497 Thread 0x000071507414a1a0  836       3       java.lang.String::codePointAt (50 bytes)
Event: 0.498 Thread 0x000071507414a1a0 nmethod 836 0x000071505c759a10 code [0x000071505c759c00, 0x000071505c75a050]
Event: 0.498 Thread 0x000071507414a1a0  837       3       java.lang.Character::charCount (12 bytes)
Event: 0.498 Thread 0x000071507414a1a0 nmethod 837 0x000071505c75a290 code [0x000071505c75a420, 0x000071505c75a578]
Event: 0.502 Thread 0x0000714fc007fab0 nmethod 822 0x0000715064108990 code [0x0000715064108cc0, 0x000071506410a1e0]
Event: 0.503 Thread 0x0000714fc007fab0  838       4       sun.misc.Unsafe::putByte (9 bytes)
Event: 0.503 Thread 0x0000714fc007fab0 nmethod 838 0x000071506410ac10 code [0x000071506410ad80, 0x000071506410ae10]

GC Heap History (0 events):
No events

Dll operation events (8 events):
Event: 0.001 Loaded shared library /usr/lib/jvm/java-21-openjdk/lib/libjava.so
Event: 0.031 Loaded shared library /usr/lib/jvm/java-21-openjdk/lib/libjsvml.so
Event: 0.044 Loaded shared library /usr/lib/jvm/java-21-openjdk/lib/libnio.so
Event: 0.047 Loaded shared library /usr/lib/jvm/java-21-openjdk/lib/libzip.so
Event: 0.068 Loaded shared library /usr/lib/jvm/java-21-openjdk/lib/libjimage.so
Event: 0.107 Loaded shared library /usr/lib/jvm/java-21-openjdk/lib/libnet.so
Event: 0.113 Loaded shared library /tmp/lwjglgian/3.2.3-build-13/liblwjgl.so
Event: 0.256 Loaded shared library /tmp/lwjglgian/3.2.3-build-13/liblwjgl_opengl.so

Deoptimization events (20 events):
Event: 0.329 Thread 0x000071507401a160 DEOPT PACKING pc=0x00007150640d8e6c sp=0x0000715078ffd400
Event: 0.329 Thread 0x000071507401a160 DEOPT UNPACKING pc=0x0000715063b8af99 sp=0x0000715078ffd3b0 mode 2
Event: 0.330 Thread 0x000071507401a160 Uncommon trap: trap_request=0xffffff54 fr.pc=0x00007150640f13f0 relative=0x0000000000000070
Event: 0.330 Thread 0x000071507401a160 Uncommon trap: reason=speculate_null_assert action=make_not_entrant pc=0x00007150640f13f0 method=sun.misc.Unsafe.putLong(Ljava/lang/Object;JJ)V @ 7 c2
Event: 0.330 Thread 0x000071507401a160 DEOPT PACKING pc=0x00007150640f13f0 sp=0x0000715078ffe520
Event: 0.330 Thread 0x000071507401a160 DEOPT UNPACKING pc=0x0000715063b8af99 sp=0x0000715078ffe4b8 mode 2
Event: 0.334 Thread 0x000071507401a160 Uncommon trap: trap_request=0xffffff54 fr.pc=0x00007150640f50ec relative=0x000000000000006c
Event: 0.334 Thread 0x000071507401a160 Uncommon trap: reason=speculate_null_assert action=make_not_entrant pc=0x00007150640f50ec method=sun.misc.Unsafe.getLong(Ljava/lang/Object;J)J @ 5 c2
Event: 0.334 Thread 0x000071507401a160 DEOPT PACKING pc=0x00007150640f50ec sp=0x0000715078ffe390
Event: 0.334 Thread 0x000071507401a160 DEOPT UNPACKING pc=0x0000715063b8af99 sp=0x0000715078ffe338 mode 2
Event: 0.421 Thread 0x000071507401a160 DEOPT PACKING pc=0x000071505c615426 sp=0x0000715078ffd3b0
Event: 0.421 Thread 0x000071507401a160 DEOPT UNPACKING pc=0x0000715063b8b72f sp=0x0000715078ffc820 mode 0
Event: 0.487 Thread 0x000071507401a160 Uncommon trap: trap_request=0xffffff45 fr.pc=0x00007150640f5f9c relative=0x000000000000077c
Event: 0.487 Thread 0x000071507401a160 Uncommon trap: reason=unstable_if action=reinterpret pc=0x00007150640f5f9c method=java.util.regex.Matcher.search(I)Z @ 30 c2
Event: 0.487 Thread 0x000071507401a160 DEOPT PACKING pc=0x00007150640f5f9c sp=0x0000715078ffe3d0
Event: 0.487 Thread 0x000071507401a160 DEOPT UNPACKING pc=0x0000715063b8af99 sp=0x0000715078ffe3d0 mode 2
Event: 0.487 Thread 0x000071507401a160 Uncommon trap: trap_request=0xffffff76 fr.pc=0x00007150640f29e0 relative=0x00000000000001a0
Event: 0.487 Thread 0x000071507401a160 Uncommon trap: reason=predicate action=maybe_recompile pc=0x00007150640f29e0 method=java.util.regex.Pattern$BmpCharPropertyGreedy.match(Ljava/util/regex/Matcher;ILjava/lang/CharSequence;)Z @ 12 c2
Event: 0.487 Thread 0x000071507401a160 DEOPT PACKING pc=0x00007150640f29e0 sp=0x0000715078ffdf60
Event: 0.487 Thread 0x000071507401a160 DEOPT UNPACKING pc=0x0000715063b8af99 sp=0x0000715078ffdf38 mode 2

Classes loaded (20 events):
Event: 0.121 Loading class java/nio/InvalidMarkException
Event: 0.121 Loading class java/nio/InvalidMarkException done
Event: 0.121 Loading class java/nio/BufferOverflowException
Event: 0.121 Loading class java/nio/BufferOverflowException done
Event: 0.121 Loading class java/nio/BufferUnderflowException
Event: 0.121 Loading class java/nio/BufferUnderflowException done
Event: 0.132 Loading class java/lang/NoSuchFieldError
Event: 0.132 Loading class java/lang/NoSuchFieldError done
Event: 0.135 Loading class jdk/internal/reflect/MethodHandleIntegerFieldAccessorImpl
Event: 0.135 Loading class jdk/internal/reflect/MethodHandleIntegerFieldAccessorImpl done
Event: 0.322 Loading class jdk/internal/module/ModulePatcher$PatchedModuleReader
Event: 0.322 Loading class jdk/internal/module/ModulePatcher$PatchedModuleReader done
Event: 0.322 Loading class sun/net/www/protocol/jrt/Handler
Event: 0.322 Loading class sun/net/www/protocol/jrt/Handler done
Event: 0.327 Loading class sun/text/resources/cldr/FormatData_en
Event: 0.328 Loading class sun/text/resources/cldr/FormatData_en done
Event: 0.328 Loading class sun/text/resources/cldr/FormatData_en_US
Event: 0.328 Loading class sun/text/resources/cldr/FormatData_en_US done
Event: 0.445 Loading class jdk/internal/reflect/MethodHandleLongFieldAccessorImpl
Event: 0.445 Loading class jdk/internal/reflect/MethodHandleLongFieldAccessorImpl done

Classes unloaded (0 events):
No events

Classes redefined (0 events):
No events

Internal exceptions (19 events):
Event: 0.094 Thread 0x000071507401a160 Exception <a 'java/lang/NoSuchMethodError'{0x0000000741b64fd8}: 'void java.lang.invoke.DirectMethodHandle$Holder.invokeStatic(java.lang.Object, java.lang.Object)'> (0x0000000741b64fd8) 
thrown [/usr/src/debug/java21-openjdk/jdk21u-jdk-21.0.5-11/src/hotspot/share/interpreter/linkResolver.cpp, line 772]
Event: 0.095 Thread 0x000071507401a160 Exception <a 'java/lang/NoSuchMethodError'{0x0000000741b6a110}: 'void java.lang.System.load(java.lang.String, java.lang.Class)'> (0x0000000741b6a110) 
thrown [/usr/src/debug/java21-openjdk/jdk21u-jdk-21.0.5-11/src/hotspot/share/interpreter/linkResolver.cpp, line 772]
Event: 0.095 Thread 0x000071507401a160 Exception <a 'java/lang/NoSuchMethodError'{0x0000000741b6ade0}: 'void java.lang.invoke.DirectMethodHandle$Holder.invokeSpecial(java.lang.Object, java.lang.Object, java.lang.Object)'> (0x0000000741b6ade0) 
thrown [/usr/src/debug/java21-openjdk/jdk21u-jdk-21.0.5-11/src/hotspot/share/interpreter/linkResolver.cpp, line 772]
Event: 0.097 Thread 0x000071507401a160 Exception <a 'java/lang/NoSuchMethodError'{0x0000000741b7b840}: 'java.lang.Object java.lang.invoke.DirectMethodHandle$Holder.invokeStatic(java.lang.Object, java.lang.Object, int)'> (0x0000000741b7b840) 
thrown [/usr/src/debug/java21-openjdk/jdk21u-jdk-21.0.5-11/src/hotspot/share/interpreter/linkResolver.cpp, line 772]
Event: 0.098 Thread 0x000071507401a160 Exception <a 'java/lang/NoSuchMethodError'{0x0000000741b86fb8}: 'void java.lang.invoke.DelegatingMethodHandle$Holder.delegate(java.lang.Object, java.lang.Object, int, java.lang.Object)'> (0x0000000741b86fb8) 
thrown [/usr/src/debug/java21-openjdk/jdk21u-jdk-21.0.5-11/src/hotspot/share/interpreter/linkResolver.cpp, line 772]
Event: 0.098 Thread 0x000071507401a160 Exception <a 'java/lang/NoSuchMethodError'{0x0000000741b8afb0}: 'int java.lang.invoke.DirectMethodHandle$Holder.invokeSpecial(java.lang.Object, java.lang.Object, java.lang.Object)'> (0x0000000741b8afb0) 
thrown [/usr/src/debug/java21-openjdk/jdk21u-jdk-21.0.5-11/src/hotspot/share/interpreter/linkResolver.cpp, line 772]
Event: 0.102 Thread 0x000071507401a160 Exception <a 'java/lang/NoSuchMethodError'{0x0000000741ba44b0}: 'void java.lang.System.loadLibrary(java.lang.String, java.lang.Class)'> (0x0000000741ba44b0) 
thrown [/usr/src/debug/java21-openjdk/jdk21u-jdk-21.0.5-11/src/hotspot/share/interpreter/linkResolver.cpp, line 772]
Event: 0.112 Thread 0x000071507401a160 Exception <a 'sun/nio/fs/UnixException'{0x0000000741bc8938}> (0x0000000741bc8938) 
thrown [/usr/src/debug/java21-openjdk/jdk21u-jdk-21.0.5-11/src/hotspot/share/prims/jni.cpp, line 520]
Event: 0.132 Thread 0x000071507401a160 Exception <a 'sun/nio/fs/UnixException'{0x000000074189e458}> (0x000000074189e458) 
thrown [/usr/src/debug/java21-openjdk/jdk21u-jdk-21.0.5-11/src/hotspot/share/prims/jni.cpp, line 520]
Event: 0.135 Thread 0x000071507401a160 Exception <a 'java/lang/NoSuchMethodError'{0x00000007418aeba0}: 'int java.lang.invoke.Invokers$Holder.invokeExact_MT(java.lang.Object, java.lang.Object)'> (0x00000007418aeba0) 
thrown [/usr/src/debug/java21-openjdk/jdk21u-jdk-21.0.5-11/src/hotspot/share/interpreter/linkResolver.cpp, line 772]
Event: 0.245 Thread 0x000071507401a160 Exception <a 'java/lang/NoSuchMethodError'{0x00000007418fe2a0}: 'void java.lang.invoke.DirectMethodHandle$Holder.invokeStaticInit(java.lang.Object, long, double, double)'> (0x00000007418fe2a0) 
thrown [/usr/src/debug/java21-openjdk/jdk21u-jdk-21.0.5-11/src/hotspot/share/interpreter/linkResolver.cpp, line 772]
Event: 0.247 Thread 0x000071507401a160 Exception <a 'java/lang/NoSuchMethodError'{0x000000074190bcf8}: 'void java.lang.invoke.DirectMethodHandle$Holder.invokeStaticInit(java.lang.Object, long, int, int, int)'> (0x000000074190bcf8) 
thrown [/usr/src/debug/java21-openjdk/jdk21u-jdk-21.0.5-11/src/hotspot/share/interpreter/linkResolver.cpp, line 772]
Event: 0.249 Thread 0x000071507401a160 Exception <a 'java/lang/NoSuchMethodError'{0x0000000741921370}: 'void java.lang.invoke.DirectMethodHandle$Holder.invokeStaticInit(java.lang.Object, long, int, int, int, int)'> (0x0000000741921370) 
thrown [/usr/src/debug/java21-openjdk/jdk21u-jdk-21.0.5-11/src/hotspot/share/interpreter/linkResolver.cpp, line 772]
Event: 0.252 Thread 0x000071507401a160 Exception <a 'java/lang/NoSuchMethodError'{0x0000000741943d48}: 'void java.lang.System.load(java.lang.String, java.lang.Class)'> (0x0000000741943d48) 
thrown [/usr/src/debug/java21-openjdk/jdk21u-jdk-21.0.5-11/src/hotspot/share/interpreter/linkResolver.cpp, line 772]
Event: 0.253 Thread 0x000071507401a160 Exception <a 'java/lang/NoSuchMethodError'{0x00000007419467b8}: 'void java.lang.System.loadLibrary(java.lang.String, java.lang.Class)'> (0x00000007419467b8) 
thrown [/usr/src/debug/java21-openjdk/jdk21u-jdk-21.0.5-11/src/hotspot/share/interpreter/linkResolver.cpp, line 772]
Event: 0.256 Thread 0x000071507401a160 Exception <a 'sun/nio/fs/UnixException'{0x0000000741954c60}> (0x0000000741954c60) 
thrown [/usr/src/debug/java21-openjdk/jdk21u-jdk-21.0.5-11/src/hotspot/share/prims/jni.cpp, line 520]
Event: 0.258 Thread 0x000071507401a160 Exception <a 'sun/nio/fs/UnixException'{0x000000074195aab8}> (0x000000074195aab8) 
thrown [/usr/src/debug/java21-openjdk/jdk21u-jdk-21.0.5-11/src/hotspot/share/prims/jni.cpp, line 520]
Event: 0.445 Thread 0x000071507401a160 Exception <a 'java/lang/NoSuchMethodError'{0x000000074100d918}: 'long java.lang.invoke.DelegatingMethodHandle$Holder.reinvoke_L(java.lang.Object, java.lang.Object)'> (0x000000074100d918) 
thrown [/usr/src/debug/java21-openjdk/jdk21u-jdk-21.0.5-11/src/hotspot/share/interpreter/linkResolver.cpp, line 772]
Event: 0.446 Thread 0x000071507401a160 Exception <a 'java/lang/NoSuchMethodError'{0x0000000741013d80}: 'long java.lang.invoke.Invokers$Holder.invokeExact_MT(java.lang.Object, java.lang.Object, java.lang.Object)'> (0x0000000741013d80) 
thrown [/usr/src/debug/java21-openjdk/jdk21u-jdk-21.0.5-11/src/hotspot/share/interpreter/linkResolver.cpp, line 772]

ZGC Phase Switch (0 events):
No events

VM Operations (0 events):
No events

Memory protections (11 events):
Event: 0.001 Protecting memory [0x0000715078f00000,0x0000715078f04000] with protection modes 0
Event: 0.028 Protecting memory [0x00007150514f6000,0x00007150514fa000] with protection modes 0
Event: 0.028 Protecting memory [0x0000715051100000,0x0000715051104000] with protection modes 0
Event: 0.029 Protecting memory [0x0000715050fff000,0x0000715051003000] with protection modes 0
Event: 0.029 Protecting memory [0x0000715050efe000,0x0000715050f02000] with protection modes 0
Event: 0.029 Protecting memory [0x0000715050dfd000,0x0000715050e01000] with protection modes 0
Event: 0.030 Protecting memory [0x0000715050cfc000,0x0000715050d00000] with protection modes 0
Event: 0.030 Protecting memory [0x0000715050bfb000,0x0000715050bff000] with protection modes 0
Event: 0.037 Protecting memory [0x0000715050a29000,0x0000715050a2d000] with protection modes 0
Event: 0.039 Protecting memory [0x0000715050928000,0x000071505092c000] with protection modes 0
Event: 0.330 Protecting memory [0x0000715044009000,0x000071504400d000] with protection modes 0

Nmethod flushes (0 events):
No events

Events (11 events):
Event: 0.018 Thread 0x000071507401a160 Thread added: 0x000071507401a160
Event: 0.028 Thread 0x000071507401a160 Thread added: 0x00007150741415a0
Event: 0.028 Thread 0x000071507401a160 Thread added: 0x0000715074142c30
Event: 0.029 Thread 0x000071507401a160 Thread added: 0x00007150741443c0
Event: 0.029 Thread 0x000071507401a160 Thread added: 0x0000715074145a00
Event: 0.029 Thread 0x000071507401a160 Thread added: 0x0000715074146fa0
Event: 0.030 Thread 0x000071507401a160 Thread added: 0x0000715074148ae0
Event: 0.030 Thread 0x000071507401a160 Thread added: 0x000071507414a1a0
Event: 0.037 Thread 0x000071507401a160 Thread added: 0x0000715074156660
Event: 0.039 Thread 0x000071507401a160 Thread added: 0x0000715074159650
Event: 0.330 Thread 0x000071507414a1a0 Thread added: 0x0000714fc007fab0


Dynamic libraries:
735200000-741e00000 rw-p 00000000 00:00 0 
741e00000-7ffe00000 ---p 00000000 00:00 0 
7ffe00000-7fff0d000 rw-p 00cd6000 103:02 28870157                        /usr/lib/jvm/java-21-openjdk/lib/server/classes.jsa
7fff0d000-800000000 rw-p 00000000 00:00 0 
61bae05c6000-61bae05c7000 r--p 00000000 103:02 28847147                  /usr/lib/jvm/java-21-openjdk/bin/java
61bae05c7000-61bae05c8000 r-xp 00001000 103:02 28847147                  /usr/lib/jvm/java-21-openjdk/bin/java
61bae05c8000-61bae05c9000 r--p 00002000 103:02 28847147                  /usr/lib/jvm/java-21-openjdk/bin/java
61bae05c9000-61bae05ca000 r--p 00002000 103:02 28847147                  /usr/lib/jvm/java-21-openjdk/bin/java
61bae05ca000-61bae05cb000 rw-p 00003000 103:02 28847147                  /usr/lib/jvm/java-21-openjdk/bin/java
61baeb2b9000-61baeb301000 rw-p 00000000 00:00 0                          [heap]
714f68000000-714f683cb000 rw-p 00000000 00:00 0 
714f683cb000-714f6c000000 ---p 00000000 00:00 0 
714f6c000000-714f6c066000 rw-p 00000000 00:00 0 
714f6c066000-714f70000000 ---p 00000000 00:00 0 
714f74000000-714f74021000 rw-p 00000000 00:00 0 
714f74021000-714f78000000 ---p 00000000 00:00 0 
714f78000000-714f78021000 rw-p 00000000 00:00 0 
714f78021000-714f7c000000 ---p 00000000 00:00 0 
714f80000000-714f80021000 rw-p 00000000 00:00 0 
714f80021000-714f84000000 ---p 00000000 00:00 0 
714f84000000-714f84021000 rw-p 00000000 00:00 0 
714f84021000-714f88000000 ---p 00000000 00:00 0 
714f8c000000-714f8c021000 rw-p 00000000 00:00 0 
714f8c021000-714f90000000 ---p 00000000 00:00 0 
714f90000000-714f90021000 rw-p 00000000 00:00 0 
714f90021000-714f94000000 ---p 00000000 00:00 0 
714f98000000-714f98049000 rw-p 00000000 00:00 0 
714f98049000-714f9c000000 ---p 00000000 00:00 0 
714f9c000000-714f9c021000 rw-p 00000000 00:00 0 
714f9c021000-714fa0000000 ---p 00000000 00:00 0 
714fa4000000-714fa4021000 rw-p 00000000 00:00 0 
714fa4021000-714fa8000000 ---p 00000000 00:00 0 
714fabe00000-714fac2ab000 r--p 00000000 103:02 28352251                  /usr/lib/libLLVM.so.18.1
714fac2ab000-714fb0e9d000 r-xp 004ab000 103:02 28352251                  /usr/lib/libLLVM.so.18.1
714fb0e9d000-714fb3bf6000 r--p 0509d000 103:02 28352251                  /usr/lib/libLLVM.so.18.1
714fb3bf6000-714fb3dd1000 r--p 07df5000 103:02 28352251                  /usr/lib/libLLVM.so.18.1
714fb3dd1000-714fb3e1b000 rw-p 07fd0000 103:02 28352251                  /usr/lib/libLLVM.so.18.1
714fb3e1b000-714fb3eb7000 rw-p 00000000 00:00 0 
714fb4000000-714fb4021000 rw-p 00000000 00:00 0 
714fb4021000-714fb8000000 ---p 00000000 00:00 0 
714fb8000000-714fb8021000 rw-p 00000000 00:00 0 
714fb8021000-714fbc000000 ---p 00000000 00:00 0 
714fc0000000-714fc03ea000 rw-p 00000000 00:00 0 
714fc03ea000-714fc4000000 ---p 00000000 00:00 0 
714fc4000000-714fc4293000 rw-p 00000000 00:00 0 
714fc4293000-714fc8000000 ---p 00000000 00:00 0 
714fcc000000-714fcc021000 rw-p 00000000 00:00 0 
714fcc021000-714fd0000000 ---p 00000000 00:00 0 
714fd0000000-714fd0021000 rw-p 00000000 00:00 0 
714fd0021000-714fd4000000 ---p 00000000 00:00 0 
714fd8000000-714fd8021000 rw-p 00000000 00:00 0 
714fd8021000-714fdc000000 ---p 00000000 00:00 0 
714fdc000000-714fdc021000 rw-p 00000000 00:00 0 
714fdc021000-714fe0000000 ---p 00000000 00:00 0 
714fe3c00000-714fe3c58000 r-xp 00000000 00:2b 112                        /tmp/lwjglgian/3.2.3-build-13/liblwjgl_opengl.so
714fe3c58000-714fe3e57000 ---p 00058000 00:2b 112                        /tmp/lwjglgian/3.2.3-build-13/liblwjgl_opengl.so
714fe3e57000-714fe3e58000 r--p 00057000 00:2b 112                        /tmp/lwjglgian/3.2.3-build-13/liblwjgl_opengl.so
714fe3e58000-714fe3e59000 rw-p 00058000 00:2b 112                        /tmp/lwjglgian/3.2.3-build-13/liblwjgl_opengl.so
714fe4000000-714fe4021000 rw-p 00000000 00:00 0 
714fe4021000-714fe8000000 ---p 00000000 00:00 0 
714fe8000000-714fe8021000 rw-p 00000000 00:00 0 
714fe8021000-714fec000000 ---p 00000000 00:00 0 
714fec3f9000-714fec5f9000 rw-s 12a5f2000 00:06 428                       /dev/dri/renderD128
714fec5f9000-714fec7f9000 rw-s 128733000 00:06 428                       /dev/dri/renderD128
714fec7f9000-714fec7fa000 ---p 00000000 00:00 0 
714fec7fa000-714fecffa000 rw-p 00000000 00:00 0 
714fecffa000-714fecffb000 ---p 00000000 00:00 0 
714fecffb000-714fed7fb000 rw-p 00000000 00:00 0 
714fed7fb000-714fed7fc000 ---p 00000000 00:00 0 
714fed7fc000-714fedffc000 rw-p 00000000 00:00 0 
714fedffc000-714fedffd000 ---p 00000000 00:00 0 
714fedffd000-714fee7fd000 rw-p 00000000 00:00 0 
714fee7fd000-714fee7fe000 ---p 00000000 00:00 0 
714fee7fe000-714feeffe000 rw-p 00000000 00:00 0 
714feeffe000-714feefff000 ---p 00000000 00:00 0 
714feefff000-714fef7ff000 rw-p 00000000 00:00 0 
714fef7ff000-714fef800000 ---p 00000000 00:00 0 
714fef800000-714ff0000000 rw-p 00000000 00:00 0 
714ff0000000-714ff0160000 rw-p 00000000 00:00 0 
714ff0160000-714ff0400000 ---p 00000000 00:00 0 
714ff0400000-714ff0500000 rw-p 00000000 00:00 0 
714ff0500000-714ff07a0000 rw-p 00000000 00:00 0 
714ff07a0000-714ff4000000 ---p 00000000 00:00 0 
714ff4000000-714ff4021000 rw-p 00000000 00:00 0 
714ff4021000-714ff8000000 ---p 00000000 00:00 0 
714ff81fe000-714ff81ff000 ---p 00000000 00:00 0 
714ff81ff000-714ff89ff000 rw-p 00000000 00:00 0 
714ff89ff000-714ff8a00000 ---p 00000000 00:00 0 
714ff8a00000-714ff9200000 rw-p 00000000 00:00 0 
714ff9200000-714ffaf50000 r--p 00000000 103:02 28329760                  /usr/lib/libicudata.so.75.1
714ffaf50000-714ffaf51000 r--p 01d4f000 103:02 28329760                  /usr/lib/libicudata.so.75.1
714ffb000000-714ffbc97000 rw-p 00001000 103:02 28870157                  /usr/lib/jvm/java-21-openjdk/lib/server/classes.jsa
714ffbc97000-714ffc000000 ---p 00000000 00:00 0 
714ffc000000-714ffc040000 rw-p 00000000 00:00 0 
714ffc040000-714ffc060000 rw-p 00000000 00:00 0 
714ffc060000-71503c000000 ---p 00000000 00:00 0 
71503c000000-71503c021000 rw-p 00000000 00:00 0 
71503c021000-715040000000 ---p 00000000 00:00 0 
715040000000-715040021000 rw-p 00000000 00:00 0 
715040021000-715044000000 ---p 00000000 00:00 0 
715044008000-715044009000 ---p 00000000 00:00 0 
715044009000-71504400d000 ---p 00000000 00:00 0 
71504400d000-715044109000 rw-p 00000000 00:00 0 
715044109000-715044387000 rw-p 00000000 00:00 0 
715044387000-715044587000 rw-s 116885000 00:06 428                       /dev/dri/renderD128
715044587000-715044787000 rw-s 128b39000 00:06 428                       /dev/dri/renderD128
715044787000-7150448c8000 rw-s 00000000 103:02 25296913                  /home/gian/.cache/mesa_shader_cache_db/index
7150448c8000-7150448c9000 ---p 00000000 00:00 0 
7150448c9000-7150450c9000 rw-p 00000000 00:00 0 
7150450c9000-715045110000 r--p 00000000 103:02 28329775                  /usr/lib/libicuuc.so.75.1
715045110000-715045222000 r-xp 00047000 103:02 28329775                  /usr/lib/libicuuc.so.75.1
715045222000-7150452ad000 r--p 00159000 103:02 28329775                  /usr/lib/libicuuc.so.75.1
7150452ad000-7150452c0000 r--p 001e4000 103:02 28329775                  /usr/lib/libicuuc.so.75.1
7150452c0000-7150452c1000 rw-p 001f7000 103:02 28329775                  /usr/lib/libicuuc.so.75.1
7150452c1000-7150452c3000 rw-p 00000000 00:00 0 
7150452c3000-7150452e4000 r--p 00000000 103:02 28329859                  /usr/lib/libxml2.so.2.13.5
7150452e4000-7150453c8000 r-xp 00021000 103:02 28329859                  /usr/lib/libxml2.so.2.13.5
7150453c8000-715045403000 r--p 00105000 103:02 28329859                  /usr/lib/libxml2.so.2.13.5
715045403000-71504540e000 r--p 00140000 103:02 28329859                  /usr/lib/libxml2.so.2.13.5
71504540e000-71504540f000 rw-p 0014b000 103:02 28329859                  /usr/lib/libxml2.so.2.13.5
71504540f000-715045410000 rw-p 00000000 00:00 0 
715045410000-71504541d000 r--p 00000000 103:02 28315798                  /usr/lib/libncursesw.so.6.5
71504541d000-715045464000 r-xp 0000d000 103:02 28315798                  /usr/lib/libncursesw.so.6.5
715045464000-71504547a000 r--p 00054000 103:02 28315798                  /usr/lib/libncursesw.so.6.5
71504547a000-71504547e000 r--p 0006a000 103:02 28315798                  /usr/lib/libncursesw.so.6.5
71504547e000-71504547f000 rw-p 0006e000 103:02 28315798                  /usr/lib/libncursesw.so.6.5
71504547f000-715045493000 r--p 00000000 103:02 28354742                  /usr/lib/libSPIRV-Tools.so
715045493000-71504556d000 r-xp 00014000 103:02 28354742                  /usr/lib/libSPIRV-Tools.so
71504556d000-7150455b5000 r--p 000ee000 103:02 28354742                  /usr/lib/libSPIRV-Tools.so
7150455b5000-7150455ff000 r--p 00136000 103:02 28354742                  /usr/lib/libSPIRV-Tools.so
7150455ff000-715045600000 rw-p 00180000 103:02 28354742                  /usr/lib/libSPIRV-Tools.so
715045600000-715045618000 r--p 00000000 103:02 28352347                  /usr/lib/libgallium-24.3.1-arch1.1.so
715045618000-715046d91000 r-xp 00018000 103:02 28352347                  /usr/lib/libgallium-24.3.1-arch1.1.so
715046d91000-715047bb4000 r--p 01791000 103:02 28352347                  /usr/lib/libgallium-24.3.1-arch1.1.so
715047bb4000-715047c6c000 r--p 025b4000 103:02 28352347                  /usr/lib/libgallium-24.3.1-arch1.1.so
715047c6c000-715047c83000 rw-p 0266c000 103:02 28352347                  /usr/lib/libgallium-24.3.1-arch1.1.so
715047c83000-715047e46000 rw-p 00000000 00:00 0 
715047e53000-715047e56000 r--p 00000000 103:02 28326637                  /usr/lib/liblzma.so.5.6.3
715047e56000-715047e79000 r-xp 00003000 103:02 28326637                  /usr/lib/liblzma.so.5.6.3
715047e79000-715047e84000 r--p 00026000 103:02 28326637                  /usr/lib/liblzma.so.5.6.3
715047e84000-715047e85000 r--p 00031000 103:02 28326637                  /usr/lib/liblzma.so.5.6.3
715047e85000-715047e86000 rw-p 00032000 103:02 28326637                  /usr/lib/liblzma.so.5.6.3
715047e86000-715047e88000 r--p 00000000 103:02 28352131                  /usr/lib/libpciaccess.so.0.11.1
715047e88000-715047e8d000 r-xp 00002000 103:02 28352131                  /usr/lib/libpciaccess.so.0.11.1
715047e8d000-715047e8f000 r--p 00007000 103:02 28352131                  /usr/lib/libpciaccess.so.0.11.1
715047e8f000-715047e90000 r--p 00008000 103:02 28352131                  /usr/lib/libpciaccess.so.0.11.1
715047e90000-715047e91000 rw-p 00009000 103:02 28352131                  /usr/lib/libpciaccess.so.0.11.1
715047e91000-715047e97000 r--p 00000000 103:02 28352202                  /usr/lib/libedit.so.0.0.73
715047e97000-715047eb7000 r-xp 00006000 103:02 28352202                  /usr/lib/libedit.so.0.0.73
715047eb7000-715047ec4000 r--p 00026000 103:02 28352202                  /usr/lib/libedit.so.0.0.73
715047ec4000-715047ec6000 r--p 00033000 103:02 28352202                  /usr/lib/libedit.so.0.0.73
715047ec6000-715047ec7000 rw-p 00035000 103:02 28352202                  /usr/lib/libedit.so.0.0.73
715047ec7000-715047eca000 rw-p 00000000 00:00 0 
715047eca000-715047ecc000 r--p 00000000 103:02 28331385                  /usr/lib/libffi.so.8.1.4
715047ecc000-715047ed2000 r-xp 00002000 103:02 28331385                  /usr/lib/libffi.so.8.1.4
715047ed2000-715047ed3000 r--p 00008000 103:02 28331385                  /usr/lib/libffi.so.8.1.4
715047ed3000-715047ed4000 r--p 00009000 103:02 28331385                  /usr/lib/libffi.so.8.1.4
715047ed4000-715047ed5000 rw-p 0000a000 103:02 28331385                  /usr/lib/libffi.so.8.1.4
715047ed5000-715047ed8000 r--p 00000000 103:02 28352150                  /usr/lib/libdrm_intel.so.1.123.0
715047ed8000-715047eee000 r-xp 00003000 103:02 28352150                  /usr/lib/libdrm_intel.so.1.123.0
715047eee000-715047ef7000 r--p 00019000 103:02 28352150                  /usr/lib/libdrm_intel.so.1.123.0
715047ef7000-715047ef8000 r--p 00022000 103:02 28352150                  /usr/lib/libdrm_intel.so.1.123.0
715047ef8000-715047ef9000 rw-p 00023000 103:02 28352150                  /usr/lib/libdrm_intel.so.1.123.0
715047ef9000-715047efc000 r--p 00000000 103:02 28352147                  /usr/lib/libdrm_amdgpu.so.1.123.0
715047efc000-715047f01000 r-xp 00003000 103:02 28352147                  /usr/lib/libdrm_amdgpu.so.1.123.0
715047f01000-715047f03000 r--p 00008000 103:02 28352147                  /usr/lib/libdrm_amdgpu.so.1.123.0
715047f03000-715047f04000 r--p 00009000 103:02 28352147                  /usr/lib/libdrm_amdgpu.so.1.123.0
715047f04000-715047f05000 rw-p 0000a000 103:02 28352147                  /usr/lib/libdrm_amdgpu.so.1.123.0
715047f05000-715047f08000 r--p 00000000 103:02 28336207                  /usr/lib/libelf-0.192.so
715047f08000-715047f1b000 r-xp 00003000 103:02 28336207                  /usr/lib/libelf-0.192.so
715047f1b000-715047f1f000 r--p 00016000 103:02 28336207                  /usr/lib/libelf-0.192.so
715047f1f000-715047f20000 r--p 00019000 103:02 28336207                  /usr/lib/libelf-0.192.so
715047f20000-715047f21000 rw-p 0001a000 103:02 28336207                  /usr/lib/libelf-0.192.so
715047f21000-715047f2d000 r--p 00000000 103:02 28326930                  /usr/lib/libzstd.so.1.5.6
715047f2d000-715047fed000 r-xp 0000c000 103:02 28326930                  /usr/lib/libzstd.so.1.5.6
715047fed000-715047ffe000 r--p 000cc000 103:02 28326930                  /usr/lib/libzstd.so.1.5.6
715047ffe000-715047fff000 r--p 000dd000 103:02 28326930                  /usr/lib/libzstd.so.1.5.6
715047fff000-715048000000 rw-p 000de000 103:02 28326930                  /usr/lib/libzstd.so.1.5.6
715048000000-715048021000 rw-p 00000000 00:00 0 
715048021000-71504c000000 ---p 00000000 00:00 0 
71504c000000-71504c021000 rw-p 00000000 00:00 0 
71504c021000-715050000000 ---p 00000000 00:00 0 
715050002000-715050004000 r--p 00000000 103:02 28352156                  /usr/lib/libdrm_radeon.so.1.123.0
715050004000-71505000a000 r-xp 00002000 103:02 28352156                  /usr/lib/libdrm_radeon.so.1.123.0
71505000a000-71505000e000 r--p 00008000 103:02 28352156                  /usr/lib/libdrm_radeon.so.1.123.0
71505000e000-71505000f000 r--p 0000b000 103:02 28352156                  /usr/lib/libdrm_radeon.so.1.123.0
71505000f000-715050010000 rw-p 0000c000 103:02 28352156                  /usr/lib/libdrm_radeon.so.1.123.0
715050010000-715050011000 r--p 00000000 103:02 28352170                  /usr/lib/libxshmfence.so.1.0.0
715050011000-715050012000 r-xp 00001000 103:02 28352170                  /usr/lib/libxshmfence.so.1.0.0
715050012000-715050013000 r--p 00002000 103:02 28352170                  /usr/lib/libxshmfence.so.1.0.0
715050013000-715050014000 r--p 00002000 103:02 28352170                  /usr/lib/libxshmfence.so.1.0.0
715050014000-715050015000 rw-p 00003000 103:02 28352170                  /usr/lib/libxshmfence.so.1.0.0
715050015000-715050018000 r--p 00000000 103:02 28346956                  /usr/lib/libxcb-sync.so.1.0.0
715050018000-71505001b000 r-xp 00003000 103:02 28346956                  /usr/lib/libxcb-sync.so.1.0.0
71505001b000-71505001c000 r--p 00006000 103:02 28346956                  /usr/lib/libxcb-sync.so.1.0.0
71505001c000-71505001d000 r--p 00007000 103:02 28346956                  /usr/lib/libxcb-sync.so.1.0.0
71505001d000-71505001e000 rw-p 00008000 103:02 28346956                  /usr/lib/libxcb-sync.so.1.0.0
71505001e000-715050025000 r--p 00000000 103:02 28346935                  /usr/lib/libxcb-randr.so.0.1.0
715050025000-71505002b000 r-xp 00007000 103:02 28346935                  /usr/lib/libxcb-randr.so.0.1.0
71505002b000-71505002e000 r--p 0000d000 103:02 28346935                  /usr/lib/libxcb-randr.so.0.1.0
71505002e000-71505002f000 r--p 00010000 103:02 28346935                  /usr/lib/libxcb-randr.so.0.1.0
71505002f000-715050030000 rw-p 00011000 103:02 28346935                  /usr/lib/libxcb-randr.so.0.1.0
715050030000-715050032000 r--p 00000000 103:02 28352267                  /usr/lib/libsensors.so.5.0.0
715050032000-715050039000 r-xp 00002000 103:02 28352267                  /usr/lib/libsensors.so.5.0.0
715050039000-71505003d000 r--p 00009000 103:02 28352267                  /usr/lib/libsensors.so.5.0.0
71505003d000-71505003e000 r--p 0000d000 103:02 28352267                  /usr/lib/libsensors.so.5.0.0
71505003e000-71505003f000 rw-p 0000e000 103:02 28352267                  /usr/lib/libsensors.so.5.0.0
71505003f000-715050042000 r--p 00000000 103:02 28346962                  /usr/lib/libxcb-xfixes.so.0.0.0
715050042000-715050045000 r-xp 00003000 103:02 28346962                  /usr/lib/libxcb-xfixes.so.0.0.0
715050045000-715050046000 r--p 00006000 103:02 28346962                  /usr/lib/libxcb-xfixes.so.0.0.0
715050046000-715050047000 r--p 00007000 103:02 28346962                  /usr/lib/libxcb-xfixes.so.0.0.0
715050047000-715050048000 rw-p 00008000 103:02 28346962                  /usr/lib/libxcb-xfixes.so.0.0.0
715050048000-715050049000 r--p 00000000 103:02 28346932                  /usr/lib/libxcb-present.so.0.0.0
715050049000-71505004a000 r-xp 00001000 103:02 28346932                  /usr/lib/libxcb-present.so.0.0.0
71505004a000-71505004b000 r--p 00002000 103:02 28346932                  /usr/lib/libxcb-present.so.0.0.0
71505004b000-71505004c000 r--p 00002000 103:02 28346932                  /usr/lib/libxcb-present.so.0.0.0
71505004c000-71505004d000 rw-p 00003000 103:02 28346932                  /usr/lib/libxcb-present.so.0.0.0
71505004d000-71505004f000 r--p 00000000 103:02 28335324                  /usr/lib/libexpat.so.1.10.0
71505004f000-71505006c000 r-xp 00002000 103:02 28335324                  /usr/lib/libexpat.so.1.10.0
71505006c000-715050074000 r--p 0001f000 103:02 28335324                  /usr/lib/libexpat.so.1.10.0
715050074000-715050076000 r--p 00026000 103:02 28335324                  /usr/lib/libexpat.so.1.10.0
715050076000-715050077000 rw-p 00028000 103:02 28335324                  /usr/lib/libexpat.so.1.10.0
715050077000-715050083000 r--p 00000000 103:02 28346929                  /usr/lib/libxcb-glx.so.0.0.0
715050083000-71505008c000 r-xp 0000c000 103:02 28346929                  /usr/lib/libxcb-glx.so.0.0.0
71505008c000-715050091000 r--p 00015000 103:02 28346929                  /usr/lib/libxcb-glx.so.0.0.0
715050091000-715050093000 r--p 0001a000 103:02 28346929                  /usr/lib/libxcb-glx.so.0.0.0
715050093000-715050094000 rw-p 0001c000 103:02 28346929                  /usr/lib/libxcb-glx.so.0.0.0
715050094000-7150500a9000 r--p 00000000 103:02 28352342                  /usr/lib/libGLX_mesa.so.0.0.0
7150500a9000-7150500e2000 r-xp 00015000 103:02 28352342                  /usr/lib/libGLX_mesa.so.0.0.0
7150500e2000-7150500f5000 r--p 0004e000 103:02 28352342                  /usr/lib/libGLX_mesa.so.0.0.0
7150500f5000-7150500fa000 r--p 00060000 103:02 28352342                  /usr/lib/libGLX_mesa.so.0.0.0
7150500fa000-7150500fb000 rw-p 00065000 103:02 28352342                  /usr/lib/libGLX_mesa.so.0.0.0
7150500fb000-71505013c000 r--p 00000000 103:02 28352374                  /usr/lib/libGLdispatch.so.0.0.0
71505013c000-71505017b000 r-xp 00041000 103:02 28352374                  /usr/lib/libGLdispatch.so.0.0.0
71505017b000-71505018e000 r--p 00080000 103:02 28352374                  /usr/lib/libGLdispatch.so.0.0.0
71505018e000-7150501aa000 r--p 00093000 103:02 28352374                  /usr/lib/libGLdispatch.so.0.0.0
7150501aa000-7150501ab000 rw-p 000af000 103:02 28352374                  /usr/lib/libGLdispatch.so.0.0.0
7150501ab000-7150501b3000 rw-p 00000000 00:00 0 
7150501b3000-715050200000 rw-p 00000000 00:00 0 
715050200000-715050243000 r-xp 00000000 00:2b 111                        /tmp/lwjglgian/3.2.3-build-13/libglfw.so
715050243000-715050442000 ---p 00043000 00:2b 111                        /tmp/lwjglgian/3.2.3-build-13/libglfw.so
715050442000-715050443000 r--p 00042000 00:2b 111                        /tmp/lwjglgian/3.2.3-build-13/libglfw.so
715050443000-715050445000 rw-p 00043000 00:2b 111                        /tmp/lwjglgian/3.2.3-build-13/libglfw.so
715050445000-715050466000 rw-p 00000000 00:00 0 
71505046a000-71505046c000 r--p 00000000 103:02 28346926                  /usr/lib/libxcb-dri3.so.0.1.0
71505046c000-71505046e000 r-xp 00002000 103:02 28346926                  /usr/lib/libxcb-dri3.so.0.1.0
71505046e000-71505046f000 r--p 00004000 103:02 28346926                  /usr/lib/libxcb-dri3.so.0.1.0
71505046f000-715050470000 r--p 00004000 103:02 28346926                  /usr/lib/libxcb-dri3.so.0.1.0
715050470000-715050471000 rw-p 00005000 103:02 28346926                  /usr/lib/libxcb-dri3.so.0.1.0
715050471000-715050472000 r--p 00000000 103:02 28346953                  /usr/lib/libxcb-shm.so.0.0.0
715050472000-715050473000 r-xp 00001000 103:02 28346953                  /usr/lib/libxcb-shm.so.0.0.0
715050473000-715050474000 r--p 00002000 103:02 28346953                  /usr/lib/libxcb-shm.so.0.0.0
715050474000-715050475000 r--p 00002000 103:02 28346953                  /usr/lib/libxcb-shm.so.0.0.0
715050475000-715050476000 rw-p 00003000 103:02 28346953                  /usr/lib/libxcb-shm.so.0.0.0
715050476000-71505047b000 r--p 00000000 103:02 28352144                  /usr/lib/libdrm.so.2.123.0
71505047b000-715050487000 r-xp 00005000 103:02 28352144                  /usr/lib/libdrm.so.2.123.0
715050487000-71505048b000 r--p 00011000 103:02 28352144                  /usr/lib/libdrm.so.2.123.0
71505048b000-71505048c000 r--p 00015000 103:02 28352144                  /usr/lib/libdrm.so.2.123.0
71505048c000-71505048d000 rw-p 00016000 103:02 28352144                  /usr/lib/libdrm.so.2.123.0
71505048d000-715050490000 r--p 00000000 103:02 28352371                  /usr/lib/libGLX.so.0.0.0
715050490000-7150504aa000 r-xp 00003000 103:02 28352371                  /usr/lib/libGLX.so.0.0.0
7150504aa000-7150504ad000 r--p 0001d000 103:02 28352371                  /usr/lib/libGLX.so.0.0.0
7150504ad000-7150504ae000 r--p 00020000 103:02 28352371                  /usr/lib/libGLX.so.0.0.0
7150504ae000-7150504af000 rw-p 00021000 103:02 28352371                  /usr/lib/libGLX.so.0.0.0
7150504af000-7150504bf000 rw-p 00000000 00:00 0 
7150504bf000-7150504d6000 r--p 00000000 103:02 28349325                  /usr/lib/libX11.so.6.4.0
7150504d6000-71505056a000 r-xp 00017000 103:02 28349325                  /usr/lib/libX11.so.6.4.0
71505056a000-7150505f9000 r--p 000ab000 103:02 28349325                  /usr/lib/libX11.so.6.4.0
7150505f9000-7150505fc000 r--p 00139000 103:02 28349325                  /usr/lib/libX11.so.6.4.0
7150505fc000-715050600000 rw-p 0013c000 103:02 28349325                  /usr/lib/libX11.so.6.4.0
715050600000-715050651000 r-xp 00000000 00:2b 110                        /tmp/lwjglgian/3.2.3-build-13/liblwjgl.so
715050651000-715050850000 ---p 00051000 00:2b 110                        /tmp/lwjglgian/3.2.3-build-13/liblwjgl.so
715050850000-715050851000 r--p 00050000 00:2b 110                        /tmp/lwjglgian/3.2.3-build-13/liblwjgl.so
715050851000-715050852000 rw-p 00051000 00:2b 110                        /tmp/lwjglgian/3.2.3-build-13/liblwjgl.so
715050852000-715050853000 r--p 00000000 103:02 28352355                  /usr/lib/libglapi.so.0.0.0
715050853000-715050861000 r-xp 00001000 103:02 28352355                  /usr/lib/libglapi.so.0.0.0
715050861000-715050876000 r--p 0000f000 103:02 28352355                  /usr/lib/libglapi.so.0.0.0
715050876000-71505087a000 r--p 00023000 103:02 28352355                  /usr/lib/libglapi.so.0.0.0
71505087a000-71505087b000 rw-p 00027000 103:02 28352355                  /usr/lib/libglapi.so.0.0.0
71505087b000-7150508bd000 r--p 00000000 103:02 28352365                  /usr/lib/libGL.so.1.7.0
7150508bd000-7150508dc000 r-xp 00042000 103:02 28352365                  /usr/lib/libGL.so.1.7.0
7150508dc000-7150508f1000 r--p 00061000 103:02 28352365                  /usr/lib/libGL.so.1.7.0
7150508f1000-7150508ff000 r--p 00075000 103:02 28352365                  /usr/lib/libGL.so.1.7.0
7150508ff000-715050900000 rw-p 00083000 103:02 28352365                  /usr/lib/libGL.so.1.7.0
715050900000-715050901000 rw-p 00000000 00:00 0 
715050901000-715050904000 r--p 00000000 103:02 28352549                  /usr/lib/libXcursor.so.1.0.2
715050904000-71505090a000 r-xp 00003000 103:02 28352549                  /usr/lib/libXcursor.so.1.0.2
71505090a000-71505090c000 r--p 00009000 103:02 28352549                  /usr/lib/libXcursor.so.1.0.2
71505090c000-71505090d000 r--p 0000a000 103:02 28352549                  /usr/lib/libXcursor.so.1.0.2
71505090d000-71505090e000 rw-p 0000b000 103:02 28352549                  /usr/lib/libXcursor.so.1.0.2
71505090e000-715050910000 r--p 00000000 103:02 28350717                  /usr/lib/libXrender.so.1.3.0
715050910000-715050917000 r-xp 00002000 103:02 28350717                  /usr/lib/libXrender.so.1.3.0
715050917000-715050918000 r--p 00009000 103:02 28350717                  /usr/lib/libXrender.so.1.3.0
715050918000-715050919000 r--p 00009000 103:02 28350717                  /usr/lib/libXrender.so.1.3.0
715050919000-71505091a000 rw-p 0000a000 103:02 28350717                  /usr/lib/libXrender.so.1.3.0
71505091a000-71505091c000 r--p 00000000 103:02 28352690                  /usr/lib/libXrandr.so.2.2.0
71505091c000-715050923000 r-xp 00002000 103:02 28352690                  /usr/lib/libXrandr.so.2.2.0
715050923000-715050925000 r--p 00009000 103:02 28352690                  /usr/lib/libXrandr.so.2.2.0
715050925000-715050926000 r--p 0000a000 103:02 28352690                  /usr/lib/libXrandr.so.2.2.0
715050926000-715050927000 rw-p 0000b000 103:02 28352690                  /usr/lib/libXrandr.so.2.2.0
715050927000-715050928000 ---p 00000000 00:00 0 
715050928000-71505092c000 ---p 00000000 00:00 0 
71505092c000-715050a28000 rw-p 00000000 00:00 0 
715050a28000-715050a29000 ---p 00000000 00:00 0 
715050a29000-715050a2d000 ---p 00000000 00:00 0 
715050a2d000-715050b29000 rw-p 00000000 00:00 0 
715050b29000-715050b2e000 r--p 00000000 103:02 28870131                  /usr/lib/jvm/java-21-openjdk/lib/libjsvml.so
715050b2e000-715050b6f000 r-xp 00005000 103:02 28870131                  /usr/lib/jvm/java-21-openjdk/lib/libjsvml.so
715050b6f000-715050bf8000 r--p 00046000 103:02 28870131                  /usr/lib/jvm/java-21-openjdk/lib/libjsvml.so
715050bf8000-715050bf9000 r--p 000ce000 103:02 28870131                  /usr/lib/jvm/java-21-openjdk/lib/libjsvml.so
715050bf9000-715050bfa000 rw-p 000cf000 103:02 28870131                  /usr/lib/jvm/java-21-openjdk/lib/libjsvml.so
715050bfa000-715050bfb000 ---p 00000000 00:00 0 
715050bfb000-715050bff000 ---p 00000000 00:00 0 
715050bff000-715050cfb000 rw-p 00000000 00:00 0 
715050cfb000-715050cfc000 ---p 00000000 00:00 0 
715050cfc000-715050d00000 ---p 00000000 00:00 0 
715050d00000-715050dfc000 rw-p 00000000 00:00 0 
715050dfc000-715050dfd000 ---p 00000000 00:00 0 
715050dfd000-715050e01000 ---p 00000000 00:00 0 
715050e01000-715050efd000 rw-p 00000000 00:00 0 
715050efd000-715050efe000 ---p 00000000 00:00 0 
715050efe000-715050f02000 ---p 00000000 00:00 0 
715050f02000-715050ffe000 rw-p 00000000 00:00 0 
715050ffe000-715050fff000 ---p 00000000 00:00 0 
715050fff000-715051003000 ---p 00000000 00:00 0 
715051003000-7150510ff000 rw-p 00000000 00:00 0 
7150510ff000-715051100000 ---p 00000000 00:00 0 
715051100000-715051104000 ---p 00000000 00:00 0 
715051104000-715051200000 rw-p 00000000 00:00 0 
715051200000-7150514eb000 r--p 00000000 103:02 28346012                  /usr/lib/locale/locale-archive
7150514eb000-7150514ec000 r--p 00000000 103:02 28349322                  /usr/lib/libX11-xcb.so.1.0.0
7150514ec000-7150514ed000 r-xp 00001000 103:02 28349322                  /usr/lib/libX11-xcb.so.1.0.0
7150514ed000-7150514ee000 r--p 00002000 103:02 28349322                  /usr/lib/libX11-xcb.so.1.0.0
7150514ee000-7150514ef000 r--p 00002000 103:02 28349322                  /usr/lib/libX11-xcb.so.1.0.0
7150514ef000-7150514f0000 rw-p 00003000 103:02 28349322                  /usr/lib/libX11-xcb.so.1.0.0
7150514f0000-7150514f1000 r--p 00000000 103:02 28352617                  /usr/lib/libXinerama.so.1.0.0
7150514f1000-7150514f2000 r-xp 00001000 103:02 28352617                  /usr/lib/libXinerama.so.1.0.0
7150514f2000-7150514f3000 r--p 00002000 103:02 28352617                  /usr/lib/libXinerama.so.1.0.0
7150514f3000-7150514f4000 r--p 00002000 103:02 28352617                  /usr/lib/libXinerama.so.1.0.0
7150514f4000-7150514f5000 rw-p 00003000 103:02 28352617                  /usr/lib/libXinerama.so.1.0.0
7150514f5000-7150514f6000 ---p 00000000 00:00 0 
7150514f6000-7150514fa000 ---p 00000000 00:00 0 
7150514fa000-7150515f6000 rw-p 00000000 00:00 0 
7150515f6000-7150515f7000 ---p 00000000 00:00 0 
7150515f7000-7150516f7000 rw-p 00000000 00:00 0 
7150516f7000-7150516f8000 ---p 00000000 00:00 0 
7150516f8000-7150517f8000 rw-p 00000000 00:00 0 
7150517f8000-7150517f9000 ---p 00000000 00:00 0 
7150517f9000-7150518f9000 rw-p 00000000 00:00 0 
7150518f9000-7150518fa000 ---p 00000000 00:00 0 
7150518fa000-7150519fa000 rw-p 00000000 00:00 0 
7150519fa000-715054021000 rw-p 00000000 00:00 0 
715054021000-715058000000 ---p 00000000 00:00 0 
715058000000-715058003000 r--p 00000000 103:02 28350209                  /usr/lib/libXi.so.6.1.0
715058003000-71505800f000 r-xp 00003000 103:02 28350209                  /usr/lib/libXi.so.6.1.0
71505800f000-715058011000 r--p 0000f000 103:02 28350209                  /usr/lib/libXi.so.6.1.0
715058011000-715058012000 r--p 00011000 103:02 28350209                  /usr/lib/libXi.so.6.1.0
715058012000-715058013000 rw-p 00012000 103:02 28350209                  /usr/lib/libXi.so.6.1.0
715058013000-715058498000 rw-p 00000000 00:00 0 
715058498000-715058499000 ---p 00000000 00:00 0 
715058499000-715058599000 rw-p 00000000 00:00 0 
715058599000-71505859a000 ---p 00000000 00:00 0 
71505859a000-71505869a000 rw-p 00000000 00:00 0 
71505869a000-7150589ca000 rw-p 00000000 00:00 0 
7150589ca000-71505b94a000 ---p 00000000 00:00 0 
71505b94a000-71505b9b8000 rw-p 00000000 00:00 0 
71505b9b8000-71505bfa8000 ---p 00000000 00:00 0 
71505bfa8000-71505c00f000 rw-p 00000000 00:00 0 
71505c00f000-71505c5ff000 ---p 00000000 00:00 0 
71505c5ff000-71505c600000 rw-p 00000000 00:00 0 
71505c600000-71505c870000 rwxp 00000000 00:00 0 
71505c870000-715063b37000 ---p 00000000 00:00 0 
715063b37000-715063da7000 rwxp 00000000 00:00 0 
715063da7000-7150640c9000 ---p 00000000 00:00 0 
7150640c9000-715064339000 rwxp 00000000 00:00 0 
715064339000-71506b600000 ---p 00000000 00:00 0 
71506b600000-715073e0d000 r--s 00000000 103:02 28870148                  /usr/lib/jvm/java-21-openjdk/lib/modules
715073e0e000-715073e10000 r--p 00000000 103:02 28350204                  /usr/lib/libXfixes.so.3.1.0
715073e10000-715073e13000 r-xp 00002000 103:02 28350204                  /usr/lib/libXfixes.so.3.1.0
715073e13000-715073e14000 r--p 00005000 103:02 28350204                  /usr/lib/libXfixes.so.3.1.0
715073e14000-715073e15000 r--p 00005000 103:02 28350204                  /usr/lib/libXfixes.so.3.1.0
715073e15000-715073e16000 rw-p 00006000 103:02 28350204                  /usr/lib/libXfixes.so.3.1.0
715073e16000-715073e22000 r--p 00000000 103:02 28346983                  /usr/lib/libxcb.so.1.1.0
715073e22000-715073e36000 r-xp 0000c000 103:02 28346983                  /usr/lib/libxcb.so.1.1.0
715073e36000-715073e3f000 r--p 00020000 103:02 28346983                  /usr/lib/libxcb.so.1.1.0
715073e3f000-715073e40000 r--p 00028000 103:02 28346983                  /usr/lib/libxcb.so.1.1.0
715073e40000-715073e41000 rw-p 00029000 103:02 28346983                  /usr/lib/libxcb.so.1.1.0
715073e5f000-715073e63000 r-xp 00000000 00:00 0 
715073e63000-715073eff000 rw-p 00000000 00:00 0 
715073eff000-715073f00000 ---p 00000000 00:00 0 
715073f00000-715074000000 rw-p 00000000 00:00 0 
715074000000-7150750e4000 rw-p 00000000 00:00 0 
7150750e4000-715078000000 ---p 00000000 00:00 0 
715078000000-715078001000 rw-s 00000000 00:01 12873                      /memfd:xshmfence (deleted)
715078001000-715078002000 rw-s 11647f000 00:06 428                       /dev/dri/renderD128
715078002000-715078003000 rw-s 11d159000 00:06 428                       /dev/dri/renderD128
715078003000-715078007000 r--p 00000000 103:02 28350139                  /usr/lib/libXext.so.6.4.0
715078007000-715078012000 r-xp 00004000 103:02 28350139                  /usr/lib/libXext.so.6.4.0
715078012000-715078016000 r--p 0000f000 103:02 28350139                  /usr/lib/libXext.so.6.4.0
715078016000-715078017000 r--p 00012000 103:02 28350139                  /usr/lib/libXext.so.6.4.0
715078017000-715078018000 rw-p 00013000 103:02 28350139                  /usr/lib/libXext.so.6.4.0
715078018000-71507801a000 r--p 00000000 103:02 28346894                  /usr/lib/libXdmcp.so.6.0.0
71507801a000-71507801c000 r-xp 00002000 103:02 28346894                  /usr/lib/libXdmcp.so.6.0.0
71507801c000-71507801e000 r--p 00004000 103:02 28346894                  /usr/lib/libXdmcp.so.6.0.0
71507801e000-71507801f000 r--p 00005000 103:02 28346894                  /usr/lib/libXdmcp.so.6.0.0
71507801f000-715078020000 rw-p 00006000 103:02 28346894                  /usr/lib/libXdmcp.so.6.0.0
715078020000-715078a2f000 rw-p 00000000 00:00 0 
715078a2f000-715078b15000 ---p 00000000 00:00 0 
715078b15000-715078b1a000 rw-p 00000000 00:00 0 
715078b1a000-715078c00000 ---p 00000000 00:00 0 
715078c00000-715078c97000 r--p 00000000 103:02 28315735                  /usr/lib/libstdc++.so.6.0.33
715078c97000-715078de4000 r-xp 00097000 103:02 28315735                  /usr/lib/libstdc++.so.6.0.33
715078de4000-715078e74000 r--p 001e4000 103:02 28315735                  /usr/lib/libstdc++.so.6.0.33
715078e74000-715078e81000 r--p 00274000 103:02 28315735                  /usr/lib/libstdc++.so.6.0.33
715078e81000-715078e82000 rw-p 00281000 103:02 28315735                  /usr/lib/libstdc++.so.6.0.33
715078e82000-715078e86000 rw-p 00000000 00:00 0 
715078e86000-715078e87000 r--p 00000000 103:02 28352174                  /usr/lib/libXxf86vm.so.1.0.0
715078e87000-715078e8a000 r-xp 00001000 103:02 28352174                  /usr/lib/libXxf86vm.so.1.0.0
715078e8a000-715078e8b000 r--p 00004000 103:02 28352174                  /usr/lib/libXxf86vm.so.1.0.0
715078e8b000-715078e8c000 r--p 00004000 103:02 28352174                  /usr/lib/libXxf86vm.so.1.0.0
715078e8c000-715078e8d000 rw-p 00005000 103:02 28352174                  /usr/lib/libXxf86vm.so.1.0.0
715078e8d000-715078e8e000 r--p 00000000 103:02 28346898                  /usr/lib/libXau.so.6.0.0
715078e8e000-715078e8f000 r-xp 00001000 103:02 28346898                  /usr/lib/libXau.so.6.0.0
715078e8f000-715078e90000 r--p 00002000 103:02 28346898                  /usr/lib/libXau.so.6.0.0
715078e90000-715078e91000 r--p 00002000 103:02 28346898                  /usr/lib/libXau.so.6.0.0
715078e91000-715078e92000 rw-p 00003000 103:02 28346898                  /usr/lib/libXau.so.6.0.0
715078e92000-715078e93000 r--p 00000000 103:02 28314926                  /usr/lib/libpthread.so.0
715078e93000-715078e94000 r-xp 00001000 103:02 28314926                  /usr/lib/libpthread.so.0
715078e94000-715078e95000 r--p 00002000 103:02 28314926                  /usr/lib/libpthread.so.0
715078e95000-715078e96000 r--p 00002000 103:02 28314926                  /usr/lib/libpthread.so.0
715078e96000-715078e97000 rw-p 00003000 103:02 28314926                  /usr/lib/libpthread.so.0
715078e97000-715078f00000 rw-p 00000000 00:00 0 
715078f00000-715078f04000 ---p 00000000 00:00 0 
715078f04000-715079000000 rw-p 00000000 00:00 0 
715079000000-71507900e000 r--p 00000000 103:02 28870160                  /usr/lib/jvm/java-21-openjdk/lib/server/libjvm.so
71507900e000-715079fa0000 r-xp 0000e000 103:02 28870160                  /usr/lib/jvm/java-21-openjdk/lib/server/libjvm.so
715079fa0000-71507a18f000 r--p 00fa0000 103:02 28870160                  /usr/lib/jvm/java-21-openjdk/lib/server/libjvm.so
71507a18f000-71507a260000 r--p 0118e000 103:02 28870160                  /usr/lib/jvm/java-21-openjdk/lib/server/libjvm.so
71507a260000-71507a28a000 rw-p 0125f000 103:02 28870160                  /usr/lib/jvm/java-21-openjdk/lib/server/libjvm.so
71507a28a000-71507a2f0000 rw-p 00000000 00:00 0 
71507a2f0000-71507a2f1000 rw-s 12f4aa000 00:06 428                       /dev/dri/renderD128
71507a2f1000-71507a2f2000 rw-s 11f049000 00:06 428                       /dev/dri/renderD128
71507a2f2000-71507a2f3000 r-xp 00000000 00:00 0 
71507a2f3000-71507a2f5000 r--p 00000000 103:02 28870147                  /usr/lib/jvm/java-21-openjdk/lib/libzip.so
71507a2f5000-71507a2f9000 r-xp 00002000 103:02 28870147                  /usr/lib/jvm/java-21-openjdk/lib/libzip.so
71507a2f9000-71507a2fb000 r--p 00006000 103:02 28870147                  /usr/lib/jvm/java-21-openjdk/lib/libzip.so
71507a2fb000-71507a2fc000 r--p 00007000 103:02 28870147                  /usr/lib/jvm/java-21-openjdk/lib/libzip.so
71507a2fc000-71507a2fd000 rw-p 00008000 103:02 28870147                  /usr/lib/jvm/java-21-openjdk/lib/libzip.so
71507a2fd000-71507a300000 r--p 00000000 103:02 28870138                  /usr/lib/jvm/java-21-openjdk/lib/libnet.so
71507a300000-71507a307000 r-xp 00003000 103:02 28870138                  /usr/lib/jvm/java-21-openjdk/lib/libnet.so
71507a307000-71507a309000 r--p 0000a000 103:02 28870138                  /usr/lib/jvm/java-21-openjdk/lib/libnet.so
71507a309000-71507a30a000 r--p 0000b000 103:02 28870138                  /usr/lib/jvm/java-21-openjdk/lib/libnet.so
71507a30a000-71507a30b000 rw-p 0000c000 103:02 28870138                  /usr/lib/jvm/java-21-openjdk/lib/libnet.so
71507a30b000-71507a312000 r--p 00000000 103:02 28870139                  /usr/lib/jvm/java-21-openjdk/lib/libnio.so
71507a312000-71507a31b000 r-xp 00007000 103:02 28870139                  /usr/lib/jvm/java-21-openjdk/lib/libnio.so
71507a31b000-71507a320000 r--p 00010000 103:02 28870139                  /usr/lib/jvm/java-21-openjdk/lib/libnio.so
71507a320000-71507a321000 r--p 00014000 103:02 28870139                  /usr/lib/jvm/java-21-openjdk/lib/libnio.so
71507a321000-71507a322000 rw-p 00015000 103:02 28870139                  /usr/lib/jvm/java-21-openjdk/lib/libnio.so
71507a322000-71507a32c000 r--p 00000000 103:02 28870123                  /usr/lib/jvm/java-21-openjdk/lib/libjava.so
71507a32c000-71507a339000 r-xp 0000a000 103:02 28870123                  /usr/lib/jvm/java-21-openjdk/lib/libjava.so
71507a339000-71507a33e000 r--p 00017000 103:02 28870123                  /usr/lib/jvm/java-21-openjdk/lib/libjava.so
71507a33e000-71507a33f000 r--p 0001b000 103:02 28870123                  /usr/lib/jvm/java-21-openjdk/lib/libjava.so
71507a33f000-71507a340000 rw-p 0001c000 103:02 28870123                  /usr/lib/jvm/java-21-openjdk/lib/libjava.so
71507a340000-71507a341000 rw-p 00000000 00:00 0 
71507a341000-71507a345000 r--p 00000000 103:02 28315705                  /usr/lib/libgcc_s.so.1
71507a345000-71507a369000 r-xp 00004000 103:02 28315705                  /usr/lib/libgcc_s.so.1
71507a369000-71507a36d000 r--p 00028000 103:02 28315705                  /usr/lib/libgcc_s.so.1
71507a36d000-71507a36e000 r--p 0002b000 103:02 28315705                  /usr/lib/libgcc_s.so.1
71507a36e000-71507a36f000 rw-p 0002c000 103:02 28315705                  /usr/lib/libgcc_s.so.1
71507a36f000-71507a37d000 r--p 00000000 103:02 28314909                  /usr/lib/libm.so.6
71507a37d000-71507a400000 r-xp 0000e000 103:02 28314909                  /usr/lib/libm.so.6
71507a400000-71507a45c000 r--p 00091000 103:02 28314909                  /usr/lib/libm.so.6
71507a45c000-71507a45d000 r--p 000ec000 103:02 28314909                  /usr/lib/libm.so.6
71507a45d000-71507a45e000 rw-p 000ed000 103:02 28314909                  /usr/lib/libm.so.6
71507a45e000-71507a461000 rw-p 00000000 00:00 0 
71507a461000-71507a464000 r--p 00000000 103:02 28318975                  /usr/lib/libz.so.1.3.1
71507a464000-71507a472000 r-xp 00003000 103:02 28318975                  /usr/lib/libz.so.1.3.1
71507a472000-71507a478000 r--p 00011000 103:02 28318975                  /usr/lib/libz.so.1.3.1
71507a478000-71507a479000 r--p 00017000 103:02 28318975                  /usr/lib/libz.so.1.3.1
71507a479000-71507a47a000 rw-p 00018000 103:02 28318975                  /usr/lib/libz.so.1.3.1
71507a47a000-71507a49e000 r--p 00000000 103:02 28314899                  /usr/lib/libc.so.6
71507a49e000-71507a60f000 r-xp 00024000 103:02 28314899                  /usr/lib/libc.so.6
71507a60f000-71507a65d000 r--p 00195000 103:02 28314899                  /usr/lib/libc.so.6
71507a65d000-71507a661000 r--p 001e3000 103:02 28314899                  /usr/lib/libc.so.6
71507a661000-71507a663000 rw-p 001e7000 103:02 28314899                  /usr/lib/libc.so.6
71507a663000-71507a66b000 rw-p 00000000 00:00 0 
71507a66b000-71507a66c000 r--p 00000000 103:02 28314904                  /usr/lib/libdl.so.2
71507a66c000-71507a66d000 r-xp 00001000 103:02 28314904                  /usr/lib/libdl.so.2
71507a66d000-71507a66e000 r--p 00002000 103:02 28314904                  /usr/lib/libdl.so.2
71507a66e000-71507a66f000 r--p 00002000 103:02 28314904                  /usr/lib/libdl.so.2
71507a66f000-71507a670000 rw-p 00003000 103:02 28314904                  /usr/lib/libdl.so.2
71507a670000-71507a675000 rw-p 00000000 00:00 0 
71507a675000-71507a67c000 ---p 00000000 00:00 0 
71507a67c000-71507a684000 rw-s 00000000 00:2b 141                        /tmp/hsperfdata_gian/12081
71507a684000-71507a685000 ---p 00000000 00:00 0 
71507a685000-71507a686000 r--p 00000000 00:00 0 
71507a686000-71507a687000 ---p 00000000 00:00 0 
71507a687000-71507a688000 r--p 00000000 103:02 28870127                  /usr/lib/jvm/java-21-openjdk/lib/libjimage.so
71507a688000-71507a68a000 r-xp 00001000 103:02 28870127                  /usr/lib/jvm/java-21-openjdk/lib/libjimage.so
71507a68a000-71507a68b000 r--p 00003000 103:02 28870127                  /usr/lib/jvm/java-21-openjdk/lib/libjimage.so
71507a68b000-71507a68c000 r--p 00003000 103:02 28870127                  /usr/lib/jvm/java-21-openjdk/lib/libjimage.so
71507a68c000-71507a68d000 rw-p 00004000 103:02 28870127                  /usr/lib/jvm/java-21-openjdk/lib/libjimage.so
71507a68d000-71507a68f000 r--p 00000000 103:02 28870128                  /usr/lib/jvm/java-21-openjdk/lib/libjli.so
71507a68f000-71507a699000 r-xp 00002000 103:02 28870128                  /usr/lib/jvm/java-21-openjdk/lib/libjli.so
71507a699000-71507a69c000 r--p 0000c000 103:02 28870128                  /usr/lib/jvm/java-21-openjdk/lib/libjli.so
71507a69c000-71507a69d000 r--p 0000e000 103:02 28870128                  /usr/lib/jvm/java-21-openjdk/lib/libjli.so
71507a69d000-71507a69e000 rw-p 0000f000 103:02 28870128                  /usr/lib/jvm/java-21-openjdk/lib/libjli.so
71507a69e000-71507a6a0000 rw-p 00000000 00:00 0 
71507a6a0000-71507a6a4000 r--p 00000000 00:00 0                          [vvar]
71507a6a4000-71507a6a6000 r-xp 00000000 00:00 0                          [vdso]
71507a6a6000-71507a6a7000 r--p 00000000 103:02 28314890                  /usr/lib/ld-linux-x86-64.so.2
71507a6a7000-71507a6d0000 r-xp 00001000 103:02 28314890                  /usr/lib/ld-linux-x86-64.so.2
71507a6d0000-71507a6da000 r--p 0002a000 103:02 28314890                  /usr/lib/ld-linux-x86-64.so.2
71507a6da000-71507a6dc000 r--p 00034000 103:02 28314890                  /usr/lib/ld-linux-x86-64.so.2
71507a6dc000-71507a6de000 rw-p 00036000 103:02 28314890                  /usr/lib/ld-linux-x86-64.so.2
7ffcadd58000-7ffcadd7a000 rw-p 00000000 00:00 0                          [stack]
ffffffffff600000-ffffffffff601000 --xp 00000000 00:00 0                  [vsyscall]
Total number of mappings: 517


VM Arguments:
jvm_args: -Dfile.encoding=UTF-8 -Duser.country=US -Duser.language=en -Duser.variant -ea 
java_command: Main
java_class_path (initial): /home/gian/IdeaProjects/jade/build/classes/java/main:/home/gian/IdeaProjects/jade/build/resources/main:/home/gian/.gradle/caches/modules-2/files-2.1/org.lwjgl/lwjgl-assimp/3.2.3/f62aa07a20afbdd3097efc296c4841e0d29700eb/lwjgl-assimp-3.2.3.jar:/home/gian/.gradle/caches/modules-2/files-2.1/org.lwjgl/lwjgl-assimp/3.2.3/9ecc218db17c49f2819a5a80dee7efea65a9ac4f/lwjgl-assimp-3.2.3-natives-linux.jar:/home/gian/.gradle/caches/modules-2/files-2.1/org.lwjgl/lwjgl-glfw/3.2.3/5e520d5c290c8b012545a8d34fa5db5ab051ea53/lwjgl-glfw-3.2.3.jar:/home/gian/.gradle/caches/modules-2/files-2.1/org.lwjgl/lwjgl-glfw/3.2.3/62b044d9b0a057444bef2ab70b9afc288ec09dba/lwjgl-glfw-3.2.3-natives-linux.jar:/home/gian/.gradle/caches/modules-2/files-2.1/org.lwjgl/lwjgl-nfd/3.2.3/c44fee1043c022cf6614a28872d44cf114ca7737/lwjgl-nfd-3.2.3.jar:/home/gian/.gradle/caches/modules-2/files-2.1/org.lwjgl/lwjgl-nfd/3.2.3/e473f9c4814eb3e3cb8a8235266b10fee8063d09/lwjgl-nfd-3.2.3-natives-linux.jar:/home/gian/.gradle/caches/modules-2/files-2.1/org.lwjgl/lwjgl-openal/3.2.3/106742e805803ab9eab8e343f0fb31a3d263903c/lwjgl-openal-3.2.3.jar:/home/gian/.gradle/caches/modules-2/files-2.1/org.lwjgl/lwjgl-openal/3.2.3/869ddd9dbbf92a7d1be7f5942ca0adbde068d999/lwjgl-openal-3.2.3-natives-linux.jar:/home/gian/.gradle/caches/modules-2/files-2.1/org.lwjgl/lwjgl-opengl/3.2.3/bdd534a323d0c8f54969b95e424b6ac8984f7d6e/lwjgl-opengl-3.2.3.jar:/home/gian/.gradle/caches/modules-2/files-2.1/org.lwjgl/lwjgl-opengl/3.2.3/7f14db5da9aa7951efe88993f519d7d38ad6e46b/lwjgl-opengl-3.2.3-natives-linux.jar:/home/gian/.gradle/caches/modules-2/files-2.1/org.lwjgl/lwjgl-stb/3.2.3/40eccaa4fa86fc815f2e17946a392fb5fdcc286a/lwjgl-stb-3.2.3.jar:/home/gian/.gradle/caches/modules-2/files-2.1/org.lwjgl/lwjgl-stb/3.2.3/189950254d81e9214b39cc656163541bf1accbba/lwjgl-stb-3.2.3-natives-linux.jar:/home/gian/.gradle/caches/modules-2/files-2.1/org.lwjgl/lwjgl/3.2.3/17a59ba0fe8d474ec9dbe0d5db40d2cfe59c4c08/lwjgl-3.2.3.jar:/home/gian/.gradle/caches/modules-2/files-2.1/org.lwjgl/lwjgl/3.2.3/3d9d36c93446c7a1c90bc7aec8fa89c7988bf82b/lwjgl-3.2.3-natives-linux.jar:/home/gian/.gradle/caches/modules-2/files-2.1/org.joml/joml/1.10.7/f8c3f2e7db281bde099342dd36133de4bbba390c/joml-1.10.7.jar:/home/gian/.gradle/caches/modules-2/files-2.1/org.jetbrains.kotlin/kotlin-stdlib-jdk8/1.8.20/73576ddf378c5b4f1f6b449fe6b119b8183fc078/kotlin-stdlib-jdk8-1.8.20.jar:/home/gian/.gradle/caches/modules-2/files-2.1/org.jetbrains.kotlin/kotlin-stdlib-jdk7/1.8.20/3aa51faf20aae8b31e1a4bc54f8370673d7b7df4/kotlin-stdlib-jdk7-1.8.20.jar:/home/gian/.gradle/caches/modules-2/files-2.1/org.jetbrains.kotlin/kotlin-stdlib/1.8.20/e72fc5e03ec6c064c678a6bd0d955c88d55b0c4a/kotlin-stdlib-1.8.20.jar:/home/gian/.gradle/caches/modules-2/files-2.1/org.jetbrains.kotlin/kotlin-stdlib-common/1.8.20/5eddaaf234c8c49d03eebeb6a14feb7f90faca71/kotlin-stdlib-common-1.8.20.jar:/home/gian/.gradle/caches/modules-2/files-2.1/org.jetbrains/annotations/13.0/919f0dfe192fb4e063e7dacadee7f8bb9a2672a9/annotations-13.0.jar
Launcher Type: SUN_STANDARD

[Global flags]
     intx CICompilerCount                          = 4                                         {product} {ergonomic}
     uint ConcGCThreads                            = 3                                         {product} {ergonomic}
     uint G1ConcRefinementThreads                  = 10                                        {product} {ergonomic}
   size_t G1HeapRegionSize                         = 2097152                                   {product} {ergonomic}
    uintx GCDrainStackTargetSize                   = 64                                        {product} {ergonomic}
   size_t InitialHeapSize                          = 213909504                                 {product} {ergonomic}
   size_t MarkStackSize                            = 4194304                                   {product} {ergonomic}
   size_t MaxHeapSize                              = 3403677696                                {product} {ergonomic}
   size_t MaxNewSize                               = 2040528896                                {product} {ergonomic}
   size_t MinHeapDeltaBytes                        = 2097152                                   {product} {ergonomic}
   size_t MinHeapSize                              = 8388608                                   {product} {ergonomic}
    uintx NonNMethodCodeHeapSize                   = 5839372                                {pd product} {ergonomic}
    uintx NonProfiledCodeHeapSize                  = 122909434                              {pd product} {ergonomic}
    uintx ProfiledCodeHeapSize                     = 122909434                              {pd product} {ergonomic}
    uintx ReservedCodeCacheSize                    = 251658240                              {pd product} {ergonomic}
     bool SegmentedCodeCache                       = true                                      {product} {ergonomic}
   size_t SoftMaxHeapSize                          = 3403677696                             {manageable} {ergonomic}
     bool UseCompressedOops                        = true                           {product lp64_product} {ergonomic}
     bool UseG1GC                                  = true                                      {product} {ergonomic}

Logging:
Log output configuration:
 #0: stdout all=warning uptime,level,tags foldmultilines=false
 #1: stderr all=off uptime,level,tags foldmultilines=false

Environment Variables:
PATH=/home/gian/.cargo/bin:/usr/local/sbin:/usr/local/bin:/usr/bin:/opt/android-sdk/cmdline-tools/latest/bin:/opt/android-sdk/platform-tools:/var/lib/flatpak/exports/bin:/usr/lib/jvm/default/bin:/usr/bin/site_perl:/usr/bin/vendor_perl:/usr/bin/core_perl
SHELL=/usr/bin/bash
DISPLAY=:1
LANG=en_US.UTF-8

Active Locale:
LC_ALL=en_US.UTF-8
LC_COLLATE=en_US.UTF-8
LC_CTYPE=en_US.UTF-8
LC_MESSAGES=en_US.UTF-8
LC_MONETARY=en_US.UTF-8
LC_NUMERIC=en_US.UTF-8
LC_TIME=en_US.UTF-8

Signal Handlers:
   SIGSEGV: 0x0000715079c5f8d0 in libjvm.so+12974288, mask=11100100010111111101111111111110, flags=SA_RESTART|SA_SIGINFO, unblocked
    SIGBUS: 0x0000715079c5f8d0 in libjvm.so+12974288, mask=11100100010111111101111111111110, flags=SA_RESTART|SA_SIGINFO, unblocked
    SIGFPE: 0x0000715079c5f8d0 in libjvm.so+12974288, mask=11100100010111111101111111111110, flags=SA_RESTART|SA_SIGINFO, unblocked
   SIGPIPE: 0x0000715079b1df80 in libjvm.so+11657088, mask=11100100010111111101111111111110, flags=SA_RESTART|SA_SIGINFO, blocked
   SIGXFSZ: 0x0000715079b1df80 in libjvm.so+11657088, mask=11100100010111111101111111111110, flags=SA_RESTART|SA_SIGINFO, blocked
    SIGILL: 0x0000715079c5f8d0 in libjvm.so+12974288, mask=11100100010111111101111111111110, flags=SA_RESTART|SA_SIGINFO, unblocked
   SIGUSR2: 0x0000715079b2bad0 in libjvm.so+11713232, mask=00000000000000000000000000000000, flags=SA_RESTART|SA_SIGINFO, blocked
    SIGHUP: 0x0000715079b16540 in libjvm.so+11625792, mask=11100100010111111101111111111110, flags=SA_RESTART|SA_SIGINFO, blocked
    SIGINT: 0x0000715079b16540 in libjvm.so+11625792, mask=11100100010111111101111111111110, flags=SA_RESTART|SA_SIGINFO, blocked
   SIGTERM: 0x0000715079b16540 in libjvm.so+11625792, mask=11100100010111111101111111111110, flags=SA_RESTART|SA_SIGINFO, blocked
   SIGQUIT: 0x0000715079b16540 in libjvm.so+11625792, mask=11100100010111111101111111111110, flags=SA_RESTART|SA_SIGINFO, blocked
   SIGTRAP: 0x0000715079c5f8d0 in libjvm.so+12974288, mask=11100100010111111101111111111110, flags=SA_RESTART|SA_SIGINFO, unblocked


Periodic native trim disabled

---------------  S Y S T E M  ---------------

OS:
NAME="Arch Linux"
PRETTY_NAME="Arch Linux"
ID=arch
BUILD_ID=rolling
ANSI_COLOR="38;2;23;147;209"
HOME_URL="https://archlinux.org/"
DOCUMENTATION_URL="https://wiki.archlinux.org/"
SUPPORT_URL="https://bbs.archlinux.org/"
BUG_REPORT_URL="https://gitlab.archlinux.org/groups/archlinux/-/issues"
PRIVACY_POLICY_URL="https://terms.archlinux.org/docs/privacy-policy/"
LOGO=archlinux-logo
uname: Linux 6.12.1-arch1-1 #1 SMP PREEMPT_DYNAMIC Fri, 22 Nov 2024 16:04:27 +0000 x86_64
OS uptime: 0 days 2:17 hours
libc: glibc 2.40 NPTL 2.40 
rlimit (soft/hard): STACK 8192k/infinity , CORE infinity/infinity , NPROC 51463/51463 , NOFILE 524288/524288 , AS infinity/infinity , CPU infinity/infinity , DATA infinity/infinity , FSIZE infinity/infinity , MEMLOCK 8192k/8192k
load average: 1.14 1.27 1.34

/proc/meminfo:
MemTotal:       13289404 kB
MemFree:         2083448 kB
MemAvailable:    5983836 kB
Buffers:          142820 kB
Cached:          4047552 kB
SwapCached:            0 kB
Active:          6919540 kB
Inactive:        2993860 kB
Active(anon):    5822196 kB
Inactive(anon):        0 kB
Active(file):    1097344 kB
Inactive(file):  2993860 kB
Unevictable:         136 kB
Mlocked:             136 kB
SwapTotal:       4194300 kB
SwapFree:        4194300 kB
Zswap:                 0 kB
Zswapped:              0 kB
Dirty:              1132 kB
Writeback:             0 kB
AnonPages:       5714100 kB
Mapped:          1331684 kB
Shmem:             99136 kB
KReclaimable:     116512 kB
Slab:             230964 kB
SReclaimable:     116512 kB
SUnreclaim:       114452 kB
KernelStack:       18912 kB
PageTables:        53704 kB
SecPageTables:      4224 kB
NFS_Unstable:          0 kB
Bounce:                0 kB
WritebackTmp:          0 kB
CommitLimit:    10839000 kB
Committed_AS:    9547628 kB
VmallocTotal:   34359738367 kB
VmallocUsed:       93280 kB
VmallocChunk:          0 kB
Percpu:             9168 kB
HardwareCorrupted:     0 kB
AnonHugePages:   2711552 kB
ShmemHugePages:        0 kB
ShmemPmdMapped:        0 kB
FileHugePages:   1644544 kB
FilePmdMapped:    872448 kB
CmaTotal:              0 kB
CmaFree:               0 kB
Unaccepted:            0 kB
HugePages_Total:       0
HugePages_Free:        0
HugePages_Rsvd:        0
HugePages_Surp:        0
Hugepagesize:       2048 kB
Hugetlb:               0 kB
DirectMap4k:      964956 kB
DirectMap2M:    12683264 kB
DirectMap1G:           0 kB

/sys/kernel/mm/transparent_hugepage/enabled: [always] madvise never
/sys/kernel/mm/transparent_hugepage/hpage_pmd_size: 2097152
/sys/kernel/mm/transparent_hugepage/defrag (defrag/compaction efforts parameter): always defer defer+madvise [madvise] never

Process Memory:
Virtual Size: 7161332K (peak: 7161332K)
Resident Set Size: 225260K (peak: 225260K) (anon: 74780K, file: 149648K, shmem: 832K)
Swapped out: 0K
C-Heap outstanding allocations: 50944K, retained: 5331K
glibc malloc tunables: (default)

/proc/sys/kernel/threads-max (system-wide limit on the number of threads): 102926
/proc/sys/vm/max_map_count (maximum number of memory map areas a process may have): 1048576
/proc/sys/vm/swappiness (control to define how aggressively the kernel swaps out anonymous memory): 60
/proc/sys/kernel/pid_max (system-wide limit on number of process identifiers): 4194304

container information not found.
Steal ticks since vm start: 0
Steal ticks percentage since vm start:  0.000

CPU: total 12 (initial active 12) (12 cores per cpu, 2 threads per core) family 25 model 68 stepping 1 microcode 0xa404105, cx8, cmov, fxsr, ht, mmx, 3dnowpref, sse, sse2, sse3, ssse3, sse4a, sse4.1, sse4.2, popcnt, lzcnt, tsc, tscinvbit, avx, avx2, aes, erms, clmul, bmi1, bmi2, adx, sha, fma, vzeroupper, clflush, clflushopt, rdtscp, rdpid, fsrm, f16c, pku, ospke, cet_ss
CPU Model and flags from /proc/cpuinfo:
model name	: AMD Ryzen 5 7535HS with Radeon Graphics
flags		: fpu vme de pse tsc msr pae mce cx8 apic sep mtrr pge mca cmov pat pse36 clflush mmx fxsr sse sse2 ht syscall nx mmxext fxsr_opt pdpe1gb rdtscp lm constant_tsc rep_good nopl xtopology nonstop_tsc cpuid extd_apicid aperfmperf rapl pni pclmulqdq monitor ssse3 fma cx16 sse4_1 sse4_2 x2apic movbe popcnt aes xsave avx f16c rdrand lahf_lm cmp_legacy svm extapic cr8_legacy abm sse4a misalignsse 3dnowprefetch osvw ibs skinit wdt tce topoext perfctr_core perfctr_nb bpext perfctr_llc mwaitx cpb cat_l3 cdp_l3 hw_pstate ssbd mba ibrs ibpb stibp vmmcall fsgsbase bmi1 avx2 smep bmi2 erms invpcid cqm rdt_a rdseed adx smap clflushopt clwb sha_ni xsaveopt xsavec xgetbv1 xsaves cqm_llc cqm_occup_llc cqm_mbm_total cqm_mbm_local user_shstk clzero irperf xsaveerptr rdpru wbnoinvd cppc arat npt lbrv svm_lock nrip_save tsc_scale vmcb_clean flushbyasid decodeassists pausefilter pfthreshold avic v_vmsave_vmload vgif v_spec_ctrl umip pku ospke vaes vpclmulqdq rdpid overflow_recov succor smca fsrm debug_swap

Online cpus: 0-11
Offline cpus: 
BIOS frequency limitation: <Not Available>
Frequency switch latency (ns): 0
Available cpu frequencies: <Not Available>
Current governor: powersave
Core performance/turbo boost: 1

Memory: 4k page, physical 13289404k(5983836k free), swap 4194300k(4194300k free)
Page Sizes: 4k

vm_info: OpenJDK 64-Bit Server VM (21.0.5+11) for linux-amd64 JRE (21.0.5+11), built on 2024-10-16T10:19:33Z by "builduser" with gcc 14.2.1 20240910

END.
