#
# A fatal error has been detected by the Java Runtime Environment:
#
#  SIGSEGV (0xb) at pc=0x000074587d5f4251, pid=8009, tid=8038
#
# JRE version: OpenJDK Runtime Environment (21.0.5+11) (build 21.0.5+11)
# Java VM: OpenJDK 64-Bit Server VM (21.0.5+11, mixed mode, sharing, tiered, compressed oops, compressed class ptrs, g1 gc, linux-amd64)
# Problematic frame:
# C  [libgallium-24.3.1-arch1.1.so+0x3f4251]
#
# Core dump will be written. Default location: Core dumps may be processed with "/usr/lib/systemd/systemd-coredump %P %u %g %s %t %c %h" (or dumping to /home/gian/IdeaProjects/jade/core.8009)
#
# If you would like to submit a bug report, please visit:
#   https://bugreport.java.com/bugreport/crash.jsp
#

---------------  S U M M A R Y ------------

Command Line: -Dfile.encoding=UTF-8 -Duser.country=US -Duser.language=en -Duser.variant Main

Host: AMD Ryzen 5 7535HS with Radeon Graphics, 12 cores, 12G, Arch Linux
Time: Sat Dec 21 18:53:18 2024 CET elapsed time: 0.420330 seconds (0d 0h 0m 0s)

---------------  T H R E A D  ---------------

Current thread is native thread

Stack: [0x00007458247fa000,0x0000745824ffa000],  sp=0x0000745824ff8100,  free space=8184k
Native frames: (J=compiled Java code, j=interpreted, Vv=VM code, C=native code)
C  [libgallium-24.3.1-arch1.1.so+0x3f4251]
C  [libgallium-24.3.1-arch1.1.so+0x3f49ec]
C  [libgallium-24.3.1-arch1.1.so+0x3f62ad]
C  [libgallium-24.3.1-arch1.1.so+0x375fb4]
C  [libgallium-24.3.1-arch1.1.so+0x329400]
C  [libgallium-24.3.1-arch1.1.so+0x1b1abb]
C  [libgallium-24.3.1-arch1.1.so+0x86011]
C  [libgallium-24.3.1-arch1.1.so+0x4de6e4]
C  [libgallium-24.3.1-arch1.1.so+0x51355d]
C  [libc.so.6+0x9439d]

siginfo: si_signo: 11 (SIGSEGV), si_code: 1 (SEGV_MAPERR), si_addr: 0x0000000000000008

Registers:
RAX=0x000074587c168010, RBX=0x0000000000000000, RCX=0x0000000000000000, RDX=0x00007458ad0e8d90
RSP=0x0000745824ff8100, RBP=0x0000745824ff8160, RSI=0x000074587c181c98, RDI=0x00007457a4038170
R8 =0x00007457a400adc0, R9 =0x0000000000000000, R10=0x0000000000000001, R11=0x0927e2c3888a2a19
R12=0x0000000000000000, R13=0x00007457a4019c00, R14=0x00007457a4038170, R15=0x00007457a400adc0
RIP=0x000074587d5f4251, EFLAGS=0x0000000000010206, CSGSFS=0x002b000000000033, ERR=0x0000000000000004
  TRAPNO=0x000000000000000e


Top of Stack: (sp=0x0000745824ff8100)
0x0000745824ff8100:   000074587d6d26b0 0000000000000078
0x0000745824ff8110:   0000745824ff8130 000074587d6d6d68
0x0000745824ff8120:   00007457a4014b10 00007457a400adc0
0x0000745824ff8130:   0000745824ff8160 0000000000000000
0x0000745824ff8140:   0000000000000000 00007457a4019c00
0x0000745824ff8150:   00007457a4038170 00007457a400adc0
0x0000745824ff8160:   0000745824ff8a20 000074587d5f49ec
0x0000745824ff8170:   3231745824ff81e0 00007457a401c670
0x0000745824ff8180:   0000000024ff81d0 00007457a4019c00
0x0000745824ff8190:   0000000000000001 0000000000000000
0x0000745824ff81a0:   00007457a401b150 000074587c168010
0x0000745824ff81b0:   0000000100ff8280 00007457a4019ba0
0x0000745824ff81c0:   00007457a4019c00 00007457a4019c08
0x0000745824ff81d0:   00007458ad0e8d90 000074587c181c98
0x0000745824ff81e0:   0000000000000003 00007457a4051198
0x0000745824ff81f0:   0000000000000000 00007457a401b6a0
0x0000745824ff8200:   00007457a40150a0 00007457a4038863
0x0000745824ff8210:   0000000000000000 0000000000000000
0x0000745824ff8220:   0000000000000000 00007457a401b6a0
0x0000745824ff8230:   00007457a40150a0 b1ae6d92d8f6d000
0x0000745824ff8240:   0000000000000000 0000000000000000
0x0000745824ff8250:   0000000000000000 00007457a401b6a0
0x0000745824ff8260:   00007457a40150a0 000074587ea2ece0
0x0000745824ff8270:   0000745824ff8340 b1ae6d92d8f6d000
0x0000745824ff8280:   0000745824ff82a8 0000745824ff82c0
0x0000745824ff8290:   00007457a400a9d8 000000000000003f
0x0000745824ff82a0:   00007457a4038750 000074587ea2ece0
0x0000745824ff82b0:   0000745824ff8380 00007458b247e73f
0x0000745824ff82c0:   00007457a4038863 00007457a40388a2
0x0000745824ff82d0:   00007457a40388a3 0000000000000000
0x0000745824ff82e0:   0000000000000002 00007457a4038710
0x0000745824ff82f0:   0000745824ff8360 00007458b249b906 

Instructions: (pc=0x000074587d5f4251)
0x000074587d5f4151:   00 00 49 89 7c 24 10 4c 89 ef 67 e8 3f 5c 13 00
0x000074587d5f4161:   b8 01 00 00 00 e9 69 ff ff ff 0f 1f 44 00 00 48
0x000074587d5f4171:   89 c6 4c 89 f7 67 e8 94 fd 21 00 84 c0 75 a1 e9
0x000074587d5f4181:   4d ff ff ff 0f 1f 00 8b 4f 10 85 c9 75 51 80 fa
0x000074587d5f4191:   13 0f 84 97 00 00 00 ba ff ff ff ff 44 8b 6b 28
0x000074587d5f41a1:   41 39 d5 7c bb 41 f6 44 24 2d 04 75 b3 48 89 c7
0x000074587d5f41b1:   67 e8 29 2f 22 00 48 89 df 48 8b 4b 18 45 89 e9
0x000074587d5f41c1:   49 89 c0 48 8d 35 25 4e 43 01 e8 b0 e1 ff ff 4c
0x000074587d5f41d1:   89 ff 48 89 c2 31 c0 67 e8 32 5e 02 00 eb 81 80
0x000074587d5f41e1:   fa 13 0f 85 e9 fe ff ff 8b 40 10 85 c0 0f 84 51
0x000074587d5f41f1:   ff ff ff e9 d9 fe ff ff 67 e8 e1 2e 22 00 48 89
0x000074587d5f4201:   df 48 8b 4b 18 45 89 f1 49 89 c0 48 8d 35 dd 4d
0x000074587d5f4211:   43 01 e8 68 e1 ff ff 4c 89 ff 48 89 c2 31 c0 67
0x000074587d5f4221:   e8 ea 5d 02 00 48 8b 7b 10 e9 24 ff ff ff 8b 50
0x000074587d5f4231:   10 85 d2 0f 84 98 fe ff ff e9 5e ff ff ff 90 55
0x000074587d5f4241:   48 89 e5 41 57 41 56 41 55 41 54 53 48 83 ec 38
0x000074587d5f4251:   4c 8b 79 08 48 89 7d b0 48 89 75 b8 49 83 3f 00
0x000074587d5f4261:   48 89 4d a8 4c 89 45 c8 0f 84 2e 03 00 00 49 89
0x000074587d5f4271:   d5 44 89 cb 66 66 2e 0f 1f 84 00 00 00 00 00 84
0x000074587d5f4281:   db 74 2e 41 8b 47 20 25 ff ff 1f 00 83 f8 02 0f
0x000074587d5f4291:   95 c2 3d 80 00 00 00 0f 95 c1 21 ca 83 f8 10 0f
0x000074587d5f42a1:   95 c1 84 ca 74 0b 3d 00 02 00 00 0f 85 46 03 00
0x000074587d5f42b1:   00 49 8b 7f 10 67 e8 74 e0 21 00 84 c0 0f 85 cc
0x000074587d5f42c1:   02 00 00 49 8b 7f 10 67 e8 e2 2f 22 00 49 39 87
0x000074587d5f42d1:   88 00 00 00 0f 84 b5 02 00 00 41 8b 47 20 25 ff
0x000074587d5f42e1:   ff 1f 00 3d 00 00 02 00 75 10 41 0f b6 47 2d 83
0x000074587d5f42f1:   e0 60 3c 40 0f 84 95 02 00 00 49 8b 77 18 48 8b
0x000074587d5f4301:   7d c8 67 e8 17 dc 0d 00 48 85 c0 0f 84 3e 03 00
0x000074587d5f4311:   00 48 8b 40 10 4c 8b 70 08 49 8b 76 10 49 39 77
0x000074587d5f4321:   10 74 6b 48 8b 08 41 b8 01 00 00 00 4c 89 f2 4c
0x000074587d5f4331:   89 fe 4c 89 ef e8 75 fd ff ff 84 c0 75 50 41 8b
0x000074587d5f4341:   47 20 49 8b 7e 10 25 ff ff 1f 00 3d 00 02 00 00 



---------------  P R O C E S S  ---------------

VM state: not at safepoint (normal execution)

VM Mutex/Monitor currently owned by a thread: None

Heap address: 0x0000000735200000, size: 3246 MB, Compressed Oops mode: Zero based, Oop shift amount: 3

CDS archive(s) mapped at: [0x0000745833000000-0x0000745833c97000-0x0000745833c97000), size 13201408, SharedBaseAddress: 0x0000745833000000, ArchiveRelocationMode: 1.
Compressed class space mapped at: 0x0000745834000000-0x0000745874000000, reserved size: 1073741824
Narrow klass base: 0x0000745833000000, Narrow klass shift: 0, Narrow klass range: 0x100000000

GC Precious Log:
<Skipped>

Heap:
 garbage-first heap   total 210944K, used 15891K [0x0000000735200000, 0x0000000800000000)
  region size 2048K, 8 young (16384K), 0 survivors (0K)
 Metaspace       used 5293K, committed 5504K, reserved 1114112K
  class space    used 241K, committed 384K, reserved 1048576K

Heap Regions: E=young(eden), S=young(survivor), O=old, HS=humongous(starts), HC=humongous(continues), CS=collection set, F=free, TAMS=top-at-mark-start, PB=parsable bottom
|   0|0x0000000735200000, 0x0000000735200000, 0x0000000735400000|  0%| F|  |TAMS 0x0000000735200000| PB 0x0000000735200000| Untracked 
|   1|0x0000000735400000, 0x0000000735400000, 0x0000000735600000|  0%| F|  |TAMS 0x0000000735400000| PB 0x0000000735400000| Untracked 
|   2|0x0000000735600000, 0x0000000735600000, 0x0000000735800000|  0%| F|  |TAMS 0x0000000735600000| PB 0x0000000735600000| Untracked 
|   3|0x0000000735800000, 0x0000000735800000, 0x0000000735a00000|  0%| F|  |TAMS 0x0000000735800000| PB 0x0000000735800000| Untracked 
|   4|0x0000000735a00000, 0x0000000735a00000, 0x0000000735c00000|  0%| F|  |TAMS 0x0000000735a00000| PB 0x0000000735a00000| Untracked 
|   5|0x0000000735c00000, 0x0000000735c00000, 0x0000000735e00000|  0%| F|  |TAMS 0x0000000735c00000| PB 0x0000000735c00000| Untracked 
|   6|0x0000000735e00000, 0x0000000735e00000, 0x0000000736000000|  0%| F|  |TAMS 0x0000000735e00000| PB 0x0000000735e00000| Untracked 
|   7|0x0000000736000000, 0x0000000736000000, 0x0000000736200000|  0%| F|  |TAMS 0x0000000736000000| PB 0x0000000736000000| Untracked 
|   8|0x0000000736200000, 0x0000000736200000, 0x0000000736400000|  0%| F|  |TAMS 0x0000000736200000| PB 0x0000000736200000| Untracked 
|   9|0x0000000736400000, 0x0000000736400000, 0x0000000736600000|  0%| F|  |TAMS 0x0000000736400000| PB 0x0000000736400000| Untracked 
|  10|0x0000000736600000, 0x0000000736600000, 0x0000000736800000|  0%| F|  |TAMS 0x0000000736600000| PB 0x0000000736600000| Untracked 
|  11|0x0000000736800000, 0x0000000736800000, 0x0000000736a00000|  0%| F|  |TAMS 0x0000000736800000| PB 0x0000000736800000| Untracked 
|  12|0x0000000736a00000, 0x0000000736a00000, 0x0000000736c00000|  0%| F|  |TAMS 0x0000000736a00000| PB 0x0000000736a00000| Untracked 
|  13|0x0000000736c00000, 0x0000000736c00000, 0x0000000736e00000|  0%| F|  |TAMS 0x0000000736c00000| PB 0x0000000736c00000| Untracked 
|  14|0x0000000736e00000, 0x0000000736e00000, 0x0000000737000000|  0%| F|  |TAMS 0x0000000736e00000| PB 0x0000000736e00000| Untracked 
|  15|0x0000000737000000, 0x0000000737000000, 0x0000000737200000|  0%| F|  |TAMS 0x0000000737000000| PB 0x0000000737000000| Untracked 
|  16|0x0000000737200000, 0x0000000737200000, 0x0000000737400000|  0%| F|  |TAMS 0x0000000737200000| PB 0x0000000737200000| Untracked 
|  17|0x0000000737400000, 0x0000000737400000, 0x0000000737600000|  0%| F|  |TAMS 0x0000000737400000| PB 0x0000000737400000| Untracked 
|  18|0x0000000737600000, 0x0000000737600000, 0x0000000737800000|  0%| F|  |TAMS 0x0000000737600000| PB 0x0000000737600000| Untracked 
|  19|0x0000000737800000, 0x0000000737800000, 0x0000000737a00000|  0%| F|  |TAMS 0x0000000737800000| PB 0x0000000737800000| Untracked 
|  20|0x0000000737a00000, 0x0000000737a00000, 0x0000000737c00000|  0%| F|  |TAMS 0x0000000737a00000| PB 0x0000000737a00000| Untracked 
|  21|0x0000000737c00000, 0x0000000737c00000, 0x0000000737e00000|  0%| F|  |TAMS 0x0000000737c00000| PB 0x0000000737c00000| Untracked 
|  22|0x0000000737e00000, 0x0000000737e00000, 0x0000000738000000|  0%| F|  |TAMS 0x0000000737e00000| PB 0x0000000737e00000| Untracked 
|  23|0x0000000738000000, 0x0000000738000000, 0x0000000738200000|  0%| F|  |TAMS 0x0000000738000000| PB 0x0000000738000000| Untracked 
|  24|0x0000000738200000, 0x0000000738200000, 0x0000000738400000|  0%| F|  |TAMS 0x0000000738200000| PB 0x0000000738200000| Untracked 
|  25|0x0000000738400000, 0x0000000738400000, 0x0000000738600000|  0%| F|  |TAMS 0x0000000738400000| PB 0x0000000738400000| Untracked 
|  26|0x0000000738600000, 0x0000000738600000, 0x0000000738800000|  0%| F|  |TAMS 0x0000000738600000| PB 0x0000000738600000| Untracked 
|  27|0x0000000738800000, 0x0000000738800000, 0x0000000738a00000|  0%| F|  |TAMS 0x0000000738800000| PB 0x0000000738800000| Untracked 
|  28|0x0000000738a00000, 0x0000000738a00000, 0x0000000738c00000|  0%| F|  |TAMS 0x0000000738a00000| PB 0x0000000738a00000| Untracked 
|  29|0x0000000738c00000, 0x0000000738c00000, 0x0000000738e00000|  0%| F|  |TAMS 0x0000000738c00000| PB 0x0000000738c00000| Untracked 
|  30|0x0000000738e00000, 0x0000000738e00000, 0x0000000739000000|  0%| F|  |TAMS 0x0000000738e00000| PB 0x0000000738e00000| Untracked 
|  31|0x0000000739000000, 0x0000000739000000, 0x0000000739200000|  0%| F|  |TAMS 0x0000000739000000| PB 0x0000000739000000| Untracked 
|  32|0x0000000739200000, 0x0000000739200000, 0x0000000739400000|  0%| F|  |TAMS 0x0000000739200000| PB 0x0000000739200000| Untracked 
|  33|0x0000000739400000, 0x0000000739400000, 0x0000000739600000|  0%| F|  |TAMS 0x0000000739400000| PB 0x0000000739400000| Untracked 
|  34|0x0000000739600000, 0x0000000739600000, 0x0000000739800000|  0%| F|  |TAMS 0x0000000739600000| PB 0x0000000739600000| Untracked 
|  35|0x0000000739800000, 0x0000000739800000, 0x0000000739a00000|  0%| F|  |TAMS 0x0000000739800000| PB 0x0000000739800000| Untracked 
|  36|0x0000000739a00000, 0x0000000739a00000, 0x0000000739c00000|  0%| F|  |TAMS 0x0000000739a00000| PB 0x0000000739a00000| Untracked 
|  37|0x0000000739c00000, 0x0000000739c00000, 0x0000000739e00000|  0%| F|  |TAMS 0x0000000739c00000| PB 0x0000000739c00000| Untracked 
|  38|0x0000000739e00000, 0x0000000739e00000, 0x000000073a000000|  0%| F|  |TAMS 0x0000000739e00000| PB 0x0000000739e00000| Untracked 
|  39|0x000000073a000000, 0x000000073a000000, 0x000000073a200000|  0%| F|  |TAMS 0x000000073a000000| PB 0x000000073a000000| Untracked 
|  40|0x000000073a200000, 0x000000073a200000, 0x000000073a400000|  0%| F|  |TAMS 0x000000073a200000| PB 0x000000073a200000| Untracked 
|  41|0x000000073a400000, 0x000000073a400000, 0x000000073a600000|  0%| F|  |TAMS 0x000000073a400000| PB 0x000000073a400000| Untracked 
|  42|0x000000073a600000, 0x000000073a600000, 0x000000073a800000|  0%| F|  |TAMS 0x000000073a600000| PB 0x000000073a600000| Untracked 
|  43|0x000000073a800000, 0x000000073a800000, 0x000000073aa00000|  0%| F|  |TAMS 0x000000073a800000| PB 0x000000073a800000| Untracked 
|  44|0x000000073aa00000, 0x000000073aa00000, 0x000000073ac00000|  0%| F|  |TAMS 0x000000073aa00000| PB 0x000000073aa00000| Untracked 
|  45|0x000000073ac00000, 0x000000073ac00000, 0x000000073ae00000|  0%| F|  |TAMS 0x000000073ac00000| PB 0x000000073ac00000| Untracked 
|  46|0x000000073ae00000, 0x000000073ae00000, 0x000000073b000000|  0%| F|  |TAMS 0x000000073ae00000| PB 0x000000073ae00000| Untracked 
|  47|0x000000073b000000, 0x000000073b000000, 0x000000073b200000|  0%| F|  |TAMS 0x000000073b000000| PB 0x000000073b000000| Untracked 
|  48|0x000000073b200000, 0x000000073b200000, 0x000000073b400000|  0%| F|  |TAMS 0x000000073b200000| PB 0x000000073b200000| Untracked 
|  49|0x000000073b400000, 0x000000073b400000, 0x000000073b600000|  0%| F|  |TAMS 0x000000073b400000| PB 0x000000073b400000| Untracked 
|  50|0x000000073b600000, 0x000000073b600000, 0x000000073b800000|  0%| F|  |TAMS 0x000000073b600000| PB 0x000000073b600000| Untracked 
|  51|0x000000073b800000, 0x000000073b800000, 0x000000073ba00000|  0%| F|  |TAMS 0x000000073b800000| PB 0x000000073b800000| Untracked 
|  52|0x000000073ba00000, 0x000000073ba00000, 0x000000073bc00000|  0%| F|  |TAMS 0x000000073ba00000| PB 0x000000073ba00000| Untracked 
|  53|0x000000073bc00000, 0x000000073bc00000, 0x000000073be00000|  0%| F|  |TAMS 0x000000073bc00000| PB 0x000000073bc00000| Untracked 
|  54|0x000000073be00000, 0x000000073be00000, 0x000000073c000000|  0%| F|  |TAMS 0x000000073be00000| PB 0x000000073be00000| Untracked 
|  55|0x000000073c000000, 0x000000073c000000, 0x000000073c200000|  0%| F|  |TAMS 0x000000073c000000| PB 0x000000073c000000| Untracked 
|  56|0x000000073c200000, 0x000000073c200000, 0x000000073c400000|  0%| F|  |TAMS 0x000000073c200000| PB 0x000000073c200000| Untracked 
|  57|0x000000073c400000, 0x000000073c400000, 0x000000073c600000|  0%| F|  |TAMS 0x000000073c400000| PB 0x000000073c400000| Untracked 
|  58|0x000000073c600000, 0x000000073c600000, 0x000000073c800000|  0%| F|  |TAMS 0x000000073c600000| PB 0x000000073c600000| Untracked 
|  59|0x000000073c800000, 0x000000073c800000, 0x000000073ca00000|  0%| F|  |TAMS 0x000000073c800000| PB 0x000000073c800000| Untracked 
|  60|0x000000073ca00000, 0x000000073ca00000, 0x000000073cc00000|  0%| F|  |TAMS 0x000000073ca00000| PB 0x000000073ca00000| Untracked 
|  61|0x000000073cc00000, 0x000000073cc00000, 0x000000073ce00000|  0%| F|  |TAMS 0x000000073cc00000| PB 0x000000073cc00000| Untracked 
|  62|0x000000073ce00000, 0x000000073ce00000, 0x000000073d000000|  0%| F|  |TAMS 0x000000073ce00000| PB 0x000000073ce00000| Untracked 
|  63|0x000000073d000000, 0x000000073d000000, 0x000000073d200000|  0%| F|  |TAMS 0x000000073d000000| PB 0x000000073d000000| Untracked 
|  64|0x000000073d200000, 0x000000073d200000, 0x000000073d400000|  0%| F|  |TAMS 0x000000073d200000| PB 0x000000073d200000| Untracked 
|  65|0x000000073d400000, 0x000000073d400000, 0x000000073d600000|  0%| F|  |TAMS 0x000000073d400000| PB 0x000000073d400000| Untracked 
|  66|0x000000073d600000, 0x000000073d600000, 0x000000073d800000|  0%| F|  |TAMS 0x000000073d600000| PB 0x000000073d600000| Untracked 
|  67|0x000000073d800000, 0x000000073d800000, 0x000000073da00000|  0%| F|  |TAMS 0x000000073d800000| PB 0x000000073d800000| Untracked 
|  68|0x000000073da00000, 0x000000073da00000, 0x000000073dc00000|  0%| F|  |TAMS 0x000000073da00000| PB 0x000000073da00000| Untracked 
|  69|0x000000073dc00000, 0x000000073dc00000, 0x000000073de00000|  0%| F|  |TAMS 0x000000073dc00000| PB 0x000000073dc00000| Untracked 
|  70|0x000000073de00000, 0x000000073de00000, 0x000000073e000000|  0%| F|  |TAMS 0x000000073de00000| PB 0x000000073de00000| Untracked 
|  71|0x000000073e000000, 0x000000073e000000, 0x000000073e200000|  0%| F|  |TAMS 0x000000073e000000| PB 0x000000073e000000| Untracked 
|  72|0x000000073e200000, 0x000000073e200000, 0x000000073e400000|  0%| F|  |TAMS 0x000000073e200000| PB 0x000000073e200000| Untracked 
|  73|0x000000073e400000, 0x000000073e400000, 0x000000073e600000|  0%| F|  |TAMS 0x000000073e400000| PB 0x000000073e400000| Untracked 
|  74|0x000000073e600000, 0x000000073e600000, 0x000000073e800000|  0%| F|  |TAMS 0x000000073e600000| PB 0x000000073e600000| Untracked 
|  75|0x000000073e800000, 0x000000073e800000, 0x000000073ea00000|  0%| F|  |TAMS 0x000000073e800000| PB 0x000000073e800000| Untracked 
|  76|0x000000073ea00000, 0x000000073ea00000, 0x000000073ec00000|  0%| F|  |TAMS 0x000000073ea00000| PB 0x000000073ea00000| Untracked 
|  77|0x000000073ec00000, 0x000000073ec00000, 0x000000073ee00000|  0%| F|  |TAMS 0x000000073ec00000| PB 0x000000073ec00000| Untracked 
|  78|0x000000073ee00000, 0x000000073ee00000, 0x000000073f000000|  0%| F|  |TAMS 0x000000073ee00000| PB 0x000000073ee00000| Untracked 
|  79|0x000000073f000000, 0x000000073f000000, 0x000000073f200000|  0%| F|  |TAMS 0x000000073f000000| PB 0x000000073f000000| Untracked 
|  80|0x000000073f200000, 0x000000073f200000, 0x000000073f400000|  0%| F|  |TAMS 0x000000073f200000| PB 0x000000073f200000| Untracked 
|  81|0x000000073f400000, 0x000000073f400000, 0x000000073f600000|  0%| F|  |TAMS 0x000000073f400000| PB 0x000000073f400000| Untracked 
|  82|0x000000073f600000, 0x000000073f600000, 0x000000073f800000|  0%| F|  |TAMS 0x000000073f600000| PB 0x000000073f600000| Untracked 
|  83|0x000000073f800000, 0x000000073f800000, 0x000000073fa00000|  0%| F|  |TAMS 0x000000073f800000| PB 0x000000073f800000| Untracked 
|  84|0x000000073fa00000, 0x000000073fa00000, 0x000000073fc00000|  0%| F|  |TAMS 0x000000073fa00000| PB 0x000000073fa00000| Untracked 
|  85|0x000000073fc00000, 0x000000073fc00000, 0x000000073fe00000|  0%| F|  |TAMS 0x000000073fc00000| PB 0x000000073fc00000| Untracked 
|  86|0x000000073fe00000, 0x000000073fe00000, 0x0000000740000000|  0%| F|  |TAMS 0x000000073fe00000| PB 0x000000073fe00000| Untracked 
|  87|0x0000000740000000, 0x0000000740000000, 0x0000000740200000|  0%| F|  |TAMS 0x0000000740000000| PB 0x0000000740000000| Untracked 
|  88|0x0000000740200000, 0x0000000740200000, 0x0000000740400000|  0%| F|  |TAMS 0x0000000740200000| PB 0x0000000740200000| Untracked 
|  89|0x0000000740400000, 0x0000000740400000, 0x0000000740600000|  0%| F|  |TAMS 0x0000000740400000| PB 0x0000000740400000| Untracked 
|  90|0x0000000740600000, 0x0000000740600000, 0x0000000740800000|  0%| F|  |TAMS 0x0000000740600000| PB 0x0000000740600000| Untracked 
|  91|0x0000000740800000, 0x0000000740800000, 0x0000000740a00000|  0%| F|  |TAMS 0x0000000740800000| PB 0x0000000740800000| Untracked 
|  92|0x0000000740a00000, 0x0000000740a00000, 0x0000000740c00000|  0%| F|  |TAMS 0x0000000740a00000| PB 0x0000000740a00000| Untracked 
|  93|0x0000000740c00000, 0x0000000740c00000, 0x0000000740e00000|  0%| F|  |TAMS 0x0000000740c00000| PB 0x0000000740c00000| Untracked 
|  94|0x0000000740e00000, 0x0000000740e78648, 0x0000000741000000| 23%| E|  |TAMS 0x0000000740e00000| PB 0x0000000740e00000| Complete 
|  95|0x0000000741000000, 0x0000000741200000, 0x0000000741200000|100%| E|CS|TAMS 0x0000000741000000| PB 0x0000000741000000| Complete 
|  96|0x0000000741200000, 0x0000000741400000, 0x0000000741400000|100%| E|CS|TAMS 0x0000000741200000| PB 0x0000000741200000| Complete 
|  97|0x0000000741400000, 0x0000000741600000, 0x0000000741600000|100%| E|CS|TAMS 0x0000000741400000| PB 0x0000000741400000| Complete 
|  98|0x0000000741600000, 0x0000000741800000, 0x0000000741800000|100%| E|CS|TAMS 0x0000000741600000| PB 0x0000000741600000| Complete 
|  99|0x0000000741800000, 0x0000000741a00000, 0x0000000741a00000|100%| E|CS|TAMS 0x0000000741800000| PB 0x0000000741800000| Complete 
| 100|0x0000000741a00000, 0x0000000741c00000, 0x0000000741c00000|100%| E|CS|TAMS 0x0000000741a00000| PB 0x0000000741a00000| Complete 
| 101|0x0000000741c00000, 0x0000000741e00000, 0x0000000741e00000|100%| E|CS|TAMS 0x0000000741c00000| PB 0x0000000741c00000| Complete 
|1622|0x00000007ffe00000, 0x00000007fff0c670, 0x0000000800000000| 52%| O|  |TAMS 0x00000007ffe00000| PB 0x00000007ffe00000| Untracked 

Card table byte_map: [0x0000745893952000,0x0000745893fa9000] _byte_map_base: 0x000074588ffa9000

Marking Bits: (CMBitMap*) 0x00007458ac075c00
 Bits: [0x000074589069a000, 0x0000745893952000)

Polling page: 0x00007458b2600000

Metaspace:

Usage:
  Non-class:      4.93 MB used.
      Class:    241.16 KB used.
       Both:      5.17 MB used.

Virtual space:
  Non-class space:       64.00 MB reserved,       5.00 MB (  8%) committed,  1 nodes.
      Class space:        1.00 GB reserved,     384.00 KB ( <1%) committed,  1 nodes.
             Both:        1.06 GB reserved,       5.38 MB ( <1%) committed. 

Chunk freelists:
   Non-Class:  8.39 MB
       Class:  15.56 MB
        Both:  23.95 MB

MaxMetaspaceSize: unlimited
CompressedClassSpaceSize: 1.00 GB
Initial GC threshold: 21.00 MB
Current GC threshold: 21.00 MB
CDS: on
 - commit_granule_bytes: 65536.
 - commit_granule_words: 8192.
 - virtual_space_node_default_size: 8388608.
 - enlarge_chunks_in_place: 1.
 - use_allocation_guard: 0.


Internal statistics:

num_allocs_failed_limit: 0.
num_arena_births: 82.
num_arena_deaths: 0.
num_vsnodes_births: 2.
num_vsnodes_deaths: 0.
num_space_committed: 84.
num_space_uncommitted: 0.
num_chunks_returned_to_freelist: 0.
num_chunks_taken_from_freelist: 233.
num_chunk_merges: 0.
num_chunk_splits: 169.
num_chunks_enlarged: 130.
num_inconsistent_stats: 0.

CodeHeap 'non-profiled nmethods': size=120028Kb used=233Kb max_used=233Kb free=119794Kb
 bounds [0x000074589c0c9000, 0x000074589c339000, 0x00007458a3600000]
CodeHeap 'profiled nmethods': size=120028Kb used=1400Kb max_used=1400Kb free=118627Kb
 bounds [0x0000745894600000, 0x0000745894870000, 0x000074589bb37000]
CodeHeap 'non-nmethods': size=5704Kb used=1938Kb max_used=1955Kb free=3765Kb
 bounds [0x000074589bb37000, 0x000074589bda7000, 0x000074589c0c9000]
 total_blobs=1805 nmethods=835 adapters=876
 compilation: enabled
              stopped_count=0, restarted_count=0
 full_count=0

Compilation events (20 events):
Event: 0.406 Thread 0x00007457fc0892e0  824       4       java.lang.invoke.MethodHandle::<init> (37 bytes)
Event: 0.406 Thread 0x00007457fc0a8690  825       4       java.lang.invoke.LambdaForm::prepare (108 bytes)
Event: 0.407 Thread 0x00007458ac148ac0 nmethod 786 0x000074589c101990 code [0x000074589c101b00, 0x000074589c101bb0]
Event: 0.407 Thread 0x00007458ac148ac0  827       4       java.lang.ref.SoftReference::get (29 bytes)
Event: 0.407 Thread 0x00007457fc0a8690 nmethod 825 0x000074589c101c90 code [0x000074589c101e20, 0x000074589c101f30]
Event: 0.407 Thread 0x00007457fc0a8690  826       4       jdk.internal.util.ReferencedKeyMap::removeStaleReferences (30 bytes)
Event: 0.407 Thread 0x00007458ac148ac0 nmethod 827 0x000074589c102010 code [0x000074589c1021a0, 0x000074589c1022e0]
Event: 0.407 Thread 0x00007458ac148ac0  828   !   4       java.lang.ref.NativeReferenceQueue::poll (28 bytes)
Event: 0.407 Thread 0x00007457fc0a8690 nmethod 826 0x000074589c102390 code [0x000074589c102520, 0x000074589c102610]
Event: 0.408 Thread 0x00007458ac148ac0 nmethod 828 0x000074589c102710 code [0x000074589c102880, 0x000074589c102930]
Event: 0.409 Thread 0x00007457fc0892e0 nmethod 824 0x000074589c102a10 code [0x000074589c102bc0, 0x000074589c102f48]
Event: 0.415 Thread 0x00007458ac14a180 nmethod 830 0x0000745894748e90 code [0x000074589474a220, 0x00007458947562d0]
Event: 0.415 Thread 0x00007458ac14a180  834       3       jdk.internal.org.objectweb.asm.MethodWriter::visitVarInsn (302 bytes)
Event: 0.416 Thread 0x00007458ac14a180 nmethod 834 0x000074589475af90 code [0x000074589475b200, 0x000074589475bb00]
Event: 0.416 Thread 0x00007458ac14a180  833       3       jdk.internal.ref.CleanerFactory::cleaner (4 bytes)
Event: 0.416 Thread 0x00007458ac14a180 nmethod 833 0x000074589475bd90 code [0x000074589475bf20, 0x000074589475c010]
Event: 0.416 Thread 0x00007458ac14a180  832   !   3       jdk.internal.loader.URLClassPath$FileLoader::getResource (153 bytes)
Event: 0.416 Thread 0x00007458ac14a180 nmethod 832 0x000074589475c090 code [0x000074589475c3c0, 0x000074589475d3e0]
Event: 0.416 Thread 0x00007458ac14a180  831       3       java.lang.String::contains (19 bytes)
Event: 0.417 Thread 0x00007458ac14a180 nmethod 831 0x000074589475dc10 code [0x000074589475ddc0, 0x000074589475e028]

GC Heap History (0 events):
No events

Dll operation events (8 events):
Event: 0.001 Loaded shared library /usr/lib/jvm/java-21-openjdk/lib/libjava.so
Event: 0.020 Loaded shared library /usr/lib/jvm/java-21-openjdk/lib/libjsvml.so
Event: 0.029 Loaded shared library /usr/lib/jvm/java-21-openjdk/lib/libnio.so
Event: 0.031 Loaded shared library /usr/lib/jvm/java-21-openjdk/lib/libzip.so
Event: 0.046 Loaded shared library /usr/lib/jvm/java-21-openjdk/lib/libjimage.so
Event: 0.074 Loaded shared library /usr/lib/jvm/java-21-openjdk/lib/libnet.so
Event: 0.079 Loaded shared library /tmp/lwjglgian/3.2.3-build-13/liblwjgl.so
Event: 0.212 Loaded shared library /tmp/lwjglgian/3.2.3-build-13/liblwjgl_opengl.so

Deoptimization events (18 events):
Event: 0.204 Thread 0x00007458ac01a180 DEOPT PACKING pc=0x00007458946174c8 sp=0x00007458b0bfd530
Event: 0.204 Thread 0x00007458ac01a180 DEOPT UNPACKING pc=0x000074589bb8b72f sp=0x00007458b0bfc970 mode 0
Event: 0.268 Thread 0x00007458ac01a180 DEOPT PACKING pc=0x0000745894602dc9 sp=0x00007458b0bfc7c0
Event: 0.268 Thread 0x00007458ac01a180 DEOPT UNPACKING pc=0x000074589bb8b72f sp=0x00007458b0bfbc48 mode 0
Event: 0.272 Thread 0x00007458ac01a180 Uncommon trap: trap_request=0xffffff45 fr.pc=0x000074589c0cca60 relative=0x00000000000000c0
Event: 0.272 Thread 0x00007458ac01a180 Uncommon trap: reason=unstable_if action=reinterpret pc=0x000074589c0cca60 method=java.lang.String.isLatin1()Z @ 10 c2
Event: 0.272 Thread 0x00007458ac01a180 DEOPT PACKING pc=0x000074589c0cca60 sp=0x00007458b0bfdee0
Event: 0.272 Thread 0x00007458ac01a180 DEOPT UNPACKING pc=0x000074589bb8af99 sp=0x00007458b0bfde40 mode 2
Event: 0.272 Thread 0x00007458ac01a180 Uncommon trap: trap_request=0xffffff45 fr.pc=0x000074589c0f236c relative=0x000000000000006c
Event: 0.272 Thread 0x00007458ac01a180 Uncommon trap: reason=unstable_if action=reinterpret pc=0x000074589c0f236c method=java.lang.String.isLatin1()Z @ 10 c2
Event: 0.272 Thread 0x00007458ac01a180 DEOPT PACKING pc=0x000074589c0f236c sp=0x00007458b0bfd400
Event: 0.272 Thread 0x00007458ac01a180 DEOPT UNPACKING pc=0x000074589bb8af99 sp=0x00007458b0bfd3b0 mode 2
Event: 0.350 Thread 0x00007458ac01a180 DEOPT PACKING pc=0x0000745894614b26 sp=0x00007458b0bfd3b0
Event: 0.350 Thread 0x00007458ac01a180 DEOPT UNPACKING pc=0x000074589bb8b72f sp=0x00007458b0bfc820 mode 0
Event: 0.371 Thread 0x00007458ac01a180 Uncommon trap: trap_request=0xffffff54 fr.pc=0x000074589c0f4a70 relative=0x0000000000000070
Event: 0.371 Thread 0x00007458ac01a180 Uncommon trap: reason=speculate_null_assert action=make_not_entrant pc=0x000074589c0f4a70 method=sun.misc.Unsafe.putLong(Ljava/lang/Object;JJ)V @ 7 c2
Event: 0.371 Thread 0x00007458ac01a180 DEOPT PACKING pc=0x000074589c0f4a70 sp=0x00007458b0bfe410
Event: 0.371 Thread 0x00007458ac01a180 DEOPT UNPACKING pc=0x000074589bb8af99 sp=0x00007458b0bfe3a8 mode 2

Classes loaded (20 events):
Event: 0.086 Loading class java/nio/InvalidMarkException
Event: 0.086 Loading class java/nio/InvalidMarkException done
Event: 0.086 Loading class java/nio/BufferOverflowException
Event: 0.086 Loading class java/nio/BufferOverflowException done
Event: 0.086 Loading class java/nio/BufferUnderflowException
Event: 0.086 Loading class java/nio/BufferUnderflowException done
Event: 0.094 Loading class java/lang/NoSuchFieldError
Event: 0.094 Loading class java/lang/NoSuchFieldError done
Event: 0.096 Loading class jdk/internal/reflect/MethodHandleIntegerFieldAccessorImpl
Event: 0.096 Loading class jdk/internal/reflect/MethodHandleIntegerFieldAccessorImpl done
Event: 0.267 Loading class jdk/internal/module/ModulePatcher$PatchedModuleReader
Event: 0.267 Loading class jdk/internal/module/ModulePatcher$PatchedModuleReader done
Event: 0.268 Loading class sun/net/www/protocol/jrt/Handler
Event: 0.268 Loading class sun/net/www/protocol/jrt/Handler done
Event: 0.271 Loading class sun/text/resources/cldr/FormatData_en
Event: 0.271 Loading class sun/text/resources/cldr/FormatData_en done
Event: 0.272 Loading class sun/text/resources/cldr/FormatData_en_US
Event: 0.272 Loading class sun/text/resources/cldr/FormatData_en_US done
Event: 0.371 Loading class jdk/internal/reflect/MethodHandleLongFieldAccessorImpl
Event: 0.371 Loading class jdk/internal/reflect/MethodHandleLongFieldAccessorImpl done

Classes unloaded (0 events):
No events

Classes redefined (0 events):
No events

Internal exceptions (19 events):
Event: 0.065 Thread 0x00007458ac01a180 Exception <a 'java/lang/NoSuchMethodError'{0x0000000741b64fd8}: 'void java.lang.invoke.DirectMethodHandle$Holder.invokeStatic(java.lang.Object, java.lang.Object)'> (0x0000000741b64fd8) 
thrown [/usr/src/debug/java21-openjdk/jdk21u-jdk-21.0.5-11/src/hotspot/share/interpreter/linkResolver.cpp, line 772]
Event: 0.065 Thread 0x00007458ac01a180 Exception <a 'java/lang/NoSuchMethodError'{0x0000000741b6a110}: 'void java.lang.System.load(java.lang.String, java.lang.Class)'> (0x0000000741b6a110) 
thrown [/usr/src/debug/java21-openjdk/jdk21u-jdk-21.0.5-11/src/hotspot/share/interpreter/linkResolver.cpp, line 772]
Event: 0.066 Thread 0x00007458ac01a180 Exception <a 'java/lang/NoSuchMethodError'{0x0000000741b6ade0}: 'void java.lang.invoke.DirectMethodHandle$Holder.invokeSpecial(java.lang.Object, java.lang.Object, java.lang.Object)'> (0x0000000741b6ade0) 
thrown [/usr/src/debug/java21-openjdk/jdk21u-jdk-21.0.5-11/src/hotspot/share/interpreter/linkResolver.cpp, line 772]
Event: 0.067 Thread 0x00007458ac01a180 Exception <a 'java/lang/NoSuchMethodError'{0x0000000741b7b840}: 'java.lang.Object java.lang.invoke.DirectMethodHandle$Holder.invokeStatic(java.lang.Object, java.lang.Object, int)'> (0x0000000741b7b840) 
thrown [/usr/src/debug/java21-openjdk/jdk21u-jdk-21.0.5-11/src/hotspot/share/interpreter/linkResolver.cpp, line 772]
Event: 0.067 Thread 0x00007458ac01a180 Exception <a 'java/lang/NoSuchMethodError'{0x0000000741b86fb8}: 'void java.lang.invoke.DelegatingMethodHandle$Holder.delegate(java.lang.Object, java.lang.Object, int, java.lang.Object)'> (0x0000000741b86fb8) 
thrown [/usr/src/debug/java21-openjdk/jdk21u-jdk-21.0.5-11/src/hotspot/share/interpreter/linkResolver.cpp, line 772]
Event: 0.068 Thread 0x00007458ac01a180 Exception <a 'java/lang/NoSuchMethodError'{0x0000000741b8afb0}: 'int java.lang.invoke.DirectMethodHandle$Holder.invokeSpecial(java.lang.Object, java.lang.Object, java.lang.Object)'> (0x0000000741b8afb0) 
thrown [/usr/src/debug/java21-openjdk/jdk21u-jdk-21.0.5-11/src/hotspot/share/interpreter/linkResolver.cpp, line 772]
Event: 0.070 Thread 0x00007458ac01a180 Exception <a 'java/lang/NoSuchMethodError'{0x0000000741ba44b0}: 'void java.lang.System.loadLibrary(java.lang.String, java.lang.Class)'> (0x0000000741ba44b0) 
thrown [/usr/src/debug/java21-openjdk/jdk21u-jdk-21.0.5-11/src/hotspot/share/interpreter/linkResolver.cpp, line 772]
Event: 0.079 Thread 0x00007458ac01a180 Exception <a 'sun/nio/fs/UnixException'{0x0000000741bc8938}> (0x0000000741bc8938) 
thrown [/usr/src/debug/java21-openjdk/jdk21u-jdk-21.0.5-11/src/hotspot/share/prims/jni.cpp, line 520]
Event: 0.094 Thread 0x00007458ac01a180 Exception <a 'sun/nio/fs/UnixException'{0x000000074189e458}> (0x000000074189e458) 
thrown [/usr/src/debug/java21-openjdk/jdk21u-jdk-21.0.5-11/src/hotspot/share/prims/jni.cpp, line 520]
Event: 0.096 Thread 0x00007458ac01a180 Exception <a 'java/lang/NoSuchMethodError'{0x00000007418aeba0}: 'int java.lang.invoke.Invokers$Holder.invokeExact_MT(java.lang.Object, java.lang.Object)'> (0x00000007418aeba0) 
thrown [/usr/src/debug/java21-openjdk/jdk21u-jdk-21.0.5-11/src/hotspot/share/interpreter/linkResolver.cpp, line 772]
Event: 0.202 Thread 0x00007458ac01a180 Exception <a 'java/lang/NoSuchMethodError'{0x00000007418fe2a0}: 'void java.lang.invoke.DirectMethodHandle$Holder.invokeStaticInit(java.lang.Object, long, double, double)'> (0x00000007418fe2a0) 
thrown [/usr/src/debug/java21-openjdk/jdk21u-jdk-21.0.5-11/src/hotspot/share/interpreter/linkResolver.cpp, line 772]
Event: 0.203 Thread 0x00007458ac01a180 Exception <a 'java/lang/NoSuchMethodError'{0x000000074190bcf8}: 'void java.lang.invoke.DirectMethodHandle$Holder.invokeStaticInit(java.lang.Object, long, int, int, int)'> (0x000000074190bcf8) 
thrown [/usr/src/debug/java21-openjdk/jdk21u-jdk-21.0.5-11/src/hotspot/share/interpreter/linkResolver.cpp, line 772]
Event: 0.205 Thread 0x00007458ac01a180 Exception <a 'java/lang/NoSuchMethodError'{0x0000000741921370}: 'void java.lang.invoke.DirectMethodHandle$Holder.invokeStaticInit(java.lang.Object, long, int, int, int, int)'> (0x0000000741921370) 
thrown [/usr/src/debug/java21-openjdk/jdk21u-jdk-21.0.5-11/src/hotspot/share/interpreter/linkResolver.cpp, line 772]
Event: 0.209 Thread 0x00007458ac01a180 Exception <a 'java/lang/NoSuchMethodError'{0x0000000741943d48}: 'void java.lang.System.load(java.lang.String, java.lang.Class)'> (0x0000000741943d48) 
thrown [/usr/src/debug/java21-openjdk/jdk21u-jdk-21.0.5-11/src/hotspot/share/interpreter/linkResolver.cpp, line 772]
Event: 0.209 Thread 0x00007458ac01a180 Exception <a 'java/lang/NoSuchMethodError'{0x00000007419467b8}: 'void java.lang.System.loadLibrary(java.lang.String, java.lang.Class)'> (0x00000007419467b8) 
thrown [/usr/src/debug/java21-openjdk/jdk21u-jdk-21.0.5-11/src/hotspot/share/interpreter/linkResolver.cpp, line 772]
Event: 0.211 Thread 0x00007458ac01a180 Exception <a 'sun/nio/fs/UnixException'{0x0000000741954c60}> (0x0000000741954c60) 
thrown [/usr/src/debug/java21-openjdk/jdk21u-jdk-21.0.5-11/src/hotspot/share/prims/jni.cpp, line 520]
Event: 0.213 Thread 0x00007458ac01a180 Exception <a 'sun/nio/fs/UnixException'{0x000000074195aab8}> (0x000000074195aab8) 
thrown [/usr/src/debug/java21-openjdk/jdk21u-jdk-21.0.5-11/src/hotspot/share/prims/jni.cpp, line 520]
Event: 0.371 Thread 0x00007458ac01a180 Exception <a 'java/lang/NoSuchMethodError'{0x000000074100d918}: 'long java.lang.invoke.DelegatingMethodHandle$Holder.reinvoke_L(java.lang.Object, java.lang.Object)'> (0x000000074100d918) 
thrown [/usr/src/debug/java21-openjdk/jdk21u-jdk-21.0.5-11/src/hotspot/share/interpreter/linkResolver.cpp, line 772]
Event: 0.372 Thread 0x00007458ac01a180 Exception <a 'java/lang/NoSuchMethodError'{0x0000000741013d80}: 'long java.lang.invoke.Invokers$Holder.invokeExact_MT(java.lang.Object, java.lang.Object, java.lang.Object)'> (0x0000000741013d80) 
thrown [/usr/src/debug/java21-openjdk/jdk21u-jdk-21.0.5-11/src/hotspot/share/interpreter/linkResolver.cpp, line 772]

ZGC Phase Switch (0 events):
No events

VM Operations (0 events):
No events

Memory protections (12 events):
Event: 0.001 Protecting memory [0x00007458b0b00000,0x00007458b0b04000] with protection modes 0
Event: 0.018 Protecting memory [0x0000745889100000,0x0000745889104000] with protection modes 0
Event: 0.019 Protecting memory [0x0000745888fff000,0x0000745889003000] with protection modes 0
Event: 0.019 Protecting memory [0x0000745888efe000,0x0000745888f02000] with protection modes 0
Event: 0.019 Protecting memory [0x0000745888dfd000,0x0000745888e01000] with protection modes 0
Event: 0.019 Protecting memory [0x0000745888cfc000,0x0000745888d00000] with protection modes 0
Event: 0.019 Protecting memory [0x0000745888bfb000,0x0000745888bff000] with protection modes 0
Event: 0.020 Protecting memory [0x0000745888afa000,0x0000745888afe000] with protection modes 0
Event: 0.024 Protecting memory [0x0000745888928000,0x000074588892c000] with protection modes 0
Event: 0.025 Protecting memory [0x0000745888827000,0x000074588882b000] with protection modes 0
Event: 0.406 Protecting memory [0x00007458300fe000,0x0000745830102000] with protection modes 0
Event: 0.406 Protecting memory [0x00007458242f9000,0x00007458242fd000] with protection modes 0

Nmethod flushes (0 events):
No events

Events (12 events):
Event: 0.011 Thread 0x00007458ac01a180 Thread added: 0x00007458ac01a180
Event: 0.018 Thread 0x00007458ac01a180 Thread added: 0x00007458ac141580
Event: 0.019 Thread 0x00007458ac01a180 Thread added: 0x00007458ac142c10
Event: 0.019 Thread 0x00007458ac01a180 Thread added: 0x00007458ac1443a0
Event: 0.019 Thread 0x00007458ac01a180 Thread added: 0x00007458ac1459e0
Event: 0.019 Thread 0x00007458ac01a180 Thread added: 0x00007458ac146f80
Event: 0.019 Thread 0x00007458ac01a180 Thread added: 0x00007458ac148ac0
Event: 0.020 Thread 0x00007458ac01a180 Thread added: 0x00007458ac14a180
Event: 0.024 Thread 0x00007458ac01a180 Thread added: 0x00007458ac156660
Event: 0.025 Thread 0x00007458ac01a180 Thread added: 0x00007458ac159650
Event: 0.406 Thread 0x00007458ac148ac0 Thread added: 0x00007457fc0a8690
Event: 0.406 Thread 0x00007458ac148ac0 Thread added: 0x00007457fc0892e0


Dynamic libraries:
735200000-741e00000 rw-p 00000000 00:00 0 
741e00000-7ffe00000 ---p 00000000 00:00 0 
7ffe00000-7fff0d000 rw-p 00cd6000 103:02 28870157                        /usr/lib/jvm/java-21-openjdk/lib/server/classes.jsa
7fff0d000-800000000 rw-p 00000000 00:00 0 
63b2f63bd000-63b2f63be000 r--p 00000000 103:02 28847147                  /usr/lib/jvm/java-21-openjdk/bin/java
63b2f63be000-63b2f63bf000 r-xp 00001000 103:02 28847147                  /usr/lib/jvm/java-21-openjdk/bin/java
63b2f63bf000-63b2f63c0000 r--p 00002000 103:02 28847147                  /usr/lib/jvm/java-21-openjdk/bin/java
63b2f63c0000-63b2f63c1000 r--p 00002000 103:02 28847147                  /usr/lib/jvm/java-21-openjdk/bin/java
63b2f63c1000-63b2f63c2000 rw-p 00003000 103:02 28847147                  /usr/lib/jvm/java-21-openjdk/bin/java
63b32ac2a000-63b32ac72000 rw-p 00000000 00:00 0                          [heap]
745798000000-745798068000 rw-p 00000000 00:00 0 
745798068000-74579c000000 ---p 00000000 00:00 0 
7457a0000000-7457a0021000 rw-p 00000000 00:00 0 
7457a0021000-7457a4000000 ---p 00000000 00:00 0 
7457a4000000-7457a4081000 rw-p 00000000 00:00 0 
7457a4081000-7457a8000000 ---p 00000000 00:00 0 
7457ac000000-7457ac021000 rw-p 00000000 00:00 0 
7457ac021000-7457b0000000 ---p 00000000 00:00 0 
7457b0000000-7457b0021000 rw-p 00000000 00:00 0 
7457b0021000-7457b4000000 ---p 00000000 00:00 0 
7457b8000000-7457b8021000 rw-p 00000000 00:00 0 
7457b8021000-7457bc000000 ---p 00000000 00:00 0 
7457bc000000-7457bc021000 rw-p 00000000 00:00 0 
7457bc021000-7457c0000000 ---p 00000000 00:00 0 
7457c4000000-7457c4021000 rw-p 00000000 00:00 0 
7457c4021000-7457c8000000 ---p 00000000 00:00 0 
7457c8000000-7457c8021000 rw-p 00000000 00:00 0 
7457c8021000-7457cc000000 ---p 00000000 00:00 0 
7457d0000000-7457d0049000 rw-p 00000000 00:00 0 
7457d0049000-7457d4000000 ---p 00000000 00:00 0 
7457d4000000-7457d4021000 rw-p 00000000 00:00 0 
7457d4021000-7457d8000000 ---p 00000000 00:00 0 
7457dc000000-7457dc021000 rw-p 00000000 00:00 0 
7457dc021000-7457e0000000 ---p 00000000 00:00 0 
7457e3e00000-7457e42ab000 r--p 00000000 103:02 28352251                  /usr/lib/libLLVM.so.18.1
7457e42ab000-7457e8e9d000 r-xp 004ab000 103:02 28352251                  /usr/lib/libLLVM.so.18.1
7457e8e9d000-7457ebbf6000 r--p 0509d000 103:02 28352251                  /usr/lib/libLLVM.so.18.1
7457ebbf6000-7457ebdd1000 r--p 07df5000 103:02 28352251                  /usr/lib/libLLVM.so.18.1
7457ebdd1000-7457ebe1b000 rw-p 07fd0000 103:02 28352251                  /usr/lib/libLLVM.so.18.1
7457ebe1b000-7457ebeb7000 rw-p 00000000 00:00 0 
7457ec000000-7457ec021000 rw-p 00000000 00:00 0 
7457ec021000-7457f0000000 ---p 00000000 00:00 0 
7457f0000000-7457f0021000 rw-p 00000000 00:00 0 
7457f0021000-7457f4000000 ---p 00000000 00:00 0 
7457f8000000-7457f84e8000 rw-p 00000000 00:00 0 
7457f84e8000-7457fc000000 ---p 00000000 00:00 0 
7457fc000000-7457fc200000 rw-p 00000000 00:00 0 
7457fc200000-745800000000 ---p 00000000 00:00 0 
745804000000-745804021000 rw-p 00000000 00:00 0 
745804021000-745808000000 ---p 00000000 00:00 0 
745808000000-745808021000 rw-p 00000000 00:00 0 
745808021000-74580c000000 ---p 00000000 00:00 0 
745810000000-745810021000 rw-p 00000000 00:00 0 
745810021000-745814000000 ---p 00000000 00:00 0 
745814000000-745814021000 rw-p 00000000 00:00 0 
745814021000-745818000000 ---p 00000000 00:00 0 
74581bc00000-74581bc58000 r-xp 00000000 00:2b 112                        /tmp/lwjglgian/3.2.3-build-13/liblwjgl_opengl.so
74581bc58000-74581be57000 ---p 00058000 00:2b 112                        /tmp/lwjglgian/3.2.3-build-13/liblwjgl_opengl.so
74581be57000-74581be58000 r--p 00057000 00:2b 112                        /tmp/lwjglgian/3.2.3-build-13/liblwjgl_opengl.so
74581be58000-74581be59000 rw-p 00058000 00:2b 112                        /tmp/lwjglgian/3.2.3-build-13/liblwjgl_opengl.so
74581c000000-74581c021000 rw-p 00000000 00:00 0 
74581c021000-745820000000 ---p 00000000 00:00 0 
745820000000-745820021000 rw-p 00000000 00:00 0 
745820021000-745824000000 ---p 00000000 00:00 0 
7458242f8000-7458242f9000 ---p 00000000 00:00 0 
7458242f9000-7458242fd000 ---p 00000000 00:00 0 
7458242fd000-7458243f9000 rw-p 00000000 00:00 0 
7458243f9000-7458245f9000 rw-s 117c69000 00:06 428                       /dev/dri/renderD128
7458245f9000-7458247f9000 rw-s 117a69000 00:06 428                       /dev/dri/renderD128
7458247f9000-7458247fa000 ---p 00000000 00:00 0 
7458247fa000-745824ffa000 rw-p 00000000 00:00 0 
745824ffa000-745824ffb000 ---p 00000000 00:00 0 
745824ffb000-7458257fb000 rw-p 00000000 00:00 0 
7458257fb000-7458257fc000 ---p 00000000 00:00 0 
7458257fc000-745825ffc000 rw-p 00000000 00:00 0 
745825ffc000-745825ffd000 ---p 00000000 00:00 0 
745825ffd000-7458267fd000 rw-p 00000000 00:00 0 
7458267fd000-7458267fe000 ---p 00000000 00:00 0 
7458267fe000-745826ffe000 rw-p 00000000 00:00 0 
745826ffe000-745826fff000 ---p 00000000 00:00 0 
745826fff000-7458277ff000 rw-p 00000000 00:00 0 
7458277ff000-745827800000 ---p 00000000 00:00 0 
745827800000-745828000000 rw-p 00000000 00:00 0 
745828000000-745828160000 rw-p 00000000 00:00 0 
745828160000-745828400000 ---p 00000000 00:00 0 
745828400000-745828500000 rw-p 00000000 00:00 0 
745828500000-7458287a0000 rw-p 00000000 00:00 0 
7458287a0000-74582c000000 ---p 00000000 00:00 0 
74582c000000-74582c021000 rw-p 00000000 00:00 0 
74582c021000-745830000000 ---p 00000000 00:00 0 
7458300fd000-7458300fe000 ---p 00000000 00:00 0 
7458300fe000-745830102000 ---p 00000000 00:00 0 
745830102000-7458301fe000 rw-p 00000000 00:00 0 
7458301fe000-7458301ff000 ---p 00000000 00:00 0 
7458301ff000-7458309ff000 rw-p 00000000 00:00 0 
7458309ff000-745830a00000 ---p 00000000 00:00 0 
745830a00000-745831200000 rw-p 00000000 00:00 0 
745831200000-745832f50000 r--p 00000000 103:02 28329760                  /usr/lib/libicudata.so.75.1
745832f50000-745832f51000 r--p 01d4f000 103:02 28329760                  /usr/lib/libicudata.so.75.1
745833000000-745833c97000 rw-p 00001000 103:02 28870157                  /usr/lib/jvm/java-21-openjdk/lib/server/classes.jsa
745833c97000-745834000000 ---p 00000000 00:00 0 
745834000000-745834040000 rw-p 00000000 00:00 0 
745834040000-745834060000 rw-p 00000000 00:00 0 
745834060000-745874000000 ---p 00000000 00:00 0 
745874000000-745874021000 rw-p 00000000 00:00 0 
745874021000-745878000000 ---p 00000000 00:00 0 
745878000000-745878021000 rw-p 00000000 00:00 0 
745878021000-74587c000000 ---p 00000000 00:00 0 
74587c046000-74587c2c4000 rw-p 00000000 00:00 0 
74587c2c4000-74587c4c4000 rw-s 112b97000 00:06 428                       /dev/dri/renderD128
74587c4c4000-74587c6c4000 rw-s 1276b6000 00:06 428                       /dev/dri/renderD128
74587c6c4000-74587c805000 rw-s 00000000 103:02 25296913                  /home/gian/.cache/mesa_shader_cache_db/index
74587c805000-74587c806000 ---p 00000000 00:00 0 
74587c806000-74587d006000 rw-p 00000000 00:00 0 
74587d006000-74587d04d000 r--p 00000000 103:02 28329775                  /usr/lib/libicuuc.so.75.1
74587d04d000-74587d15f000 r-xp 00047000 103:02 28329775                  /usr/lib/libicuuc.so.75.1
74587d15f000-74587d1ea000 r--p 00159000 103:02 28329775                  /usr/lib/libicuuc.so.75.1
74587d1ea000-74587d1fd000 r--p 001e4000 103:02 28329775                  /usr/lib/libicuuc.so.75.1
74587d1fd000-74587d1fe000 rw-p 001f7000 103:02 28329775                  /usr/lib/libicuuc.so.75.1
74587d1fe000-74587d200000 rw-p 00000000 00:00 0 
74587d200000-74587d218000 r--p 00000000 103:02 28352347                  /usr/lib/libgallium-24.3.1-arch1.1.so
74587d218000-74587e991000 r-xp 00018000 103:02 28352347                  /usr/lib/libgallium-24.3.1-arch1.1.so
74587e991000-74587f7b4000 r--p 01791000 103:02 28352347                  /usr/lib/libgallium-24.3.1-arch1.1.so
74587f7b4000-74587f86c000 r--p 025b4000 103:02 28352347                  /usr/lib/libgallium-24.3.1-arch1.1.so
74587f86c000-74587f883000 rw-p 0266c000 103:02 28352347                  /usr/lib/libgallium-24.3.1-arch1.1.so
74587f883000-74587fa46000 rw-p 00000000 00:00 0 
74587fa80000-74587fa83000 r--p 00000000 103:02 28326637                  /usr/lib/liblzma.so.5.6.3
74587fa83000-74587faa6000 r-xp 00003000 103:02 28326637                  /usr/lib/liblzma.so.5.6.3
74587faa6000-74587fab1000 r--p 00026000 103:02 28326637                  /usr/lib/liblzma.so.5.6.3
74587fab1000-74587fab2000 r--p 00031000 103:02 28326637                  /usr/lib/liblzma.so.5.6.3
74587fab2000-74587fab3000 rw-p 00032000 103:02 28326637                  /usr/lib/liblzma.so.5.6.3
74587fab3000-74587fad4000 r--p 00000000 103:02 28329859                  /usr/lib/libxml2.so.2.13.5
74587fad4000-74587fbb8000 r-xp 00021000 103:02 28329859                  /usr/lib/libxml2.so.2.13.5
74587fbb8000-74587fbf3000 r--p 00105000 103:02 28329859                  /usr/lib/libxml2.so.2.13.5
74587fbf3000-74587fbfe000 r--p 00140000 103:02 28329859                  /usr/lib/libxml2.so.2.13.5
74587fbfe000-74587fbff000 rw-p 0014b000 103:02 28329859                  /usr/lib/libxml2.so.2.13.5
74587fbff000-74587fc00000 rw-p 00000000 00:00 0 
74587fc00000-74587fc43000 r-xp 00000000 00:2b 111                        /tmp/lwjglgian/3.2.3-build-13/libglfw.so
74587fc43000-74587fe42000 ---p 00043000 00:2b 111                        /tmp/lwjglgian/3.2.3-build-13/libglfw.so
74587fe42000-74587fe43000 r--p 00042000 00:2b 111                        /tmp/lwjglgian/3.2.3-build-13/libglfw.so
74587fe43000-74587fe45000 rw-p 00043000 00:2b 111                        /tmp/lwjglgian/3.2.3-build-13/libglfw.so
74587fe45000-74587fe66000 rw-p 00000000 00:00 0 
74587fe74000-74587fe76000 r--p 00000000 103:02 28352131                  /usr/lib/libpciaccess.so.0.11.1
74587fe76000-74587fe7b000 r-xp 00002000 103:02 28352131                  /usr/lib/libpciaccess.so.0.11.1
74587fe7b000-74587fe7d000 r--p 00007000 103:02 28352131                  /usr/lib/libpciaccess.so.0.11.1
74587fe7d000-74587fe7e000 r--p 00008000 103:02 28352131                  /usr/lib/libpciaccess.so.0.11.1
74587fe7e000-74587fe7f000 rw-p 00009000 103:02 28352131                  /usr/lib/libpciaccess.so.0.11.1
74587fe7f000-74587fe93000 r--p 00000000 103:02 28354742                  /usr/lib/libSPIRV-Tools.so
74587fe93000-74587ff6d000 r-xp 00014000 103:02 28354742                  /usr/lib/libSPIRV-Tools.so
74587ff6d000-74587ffb5000 r--p 000ee000 103:02 28354742                  /usr/lib/libSPIRV-Tools.so
74587ffb5000-74587ffff000 r--p 00136000 103:02 28354742                  /usr/lib/libSPIRV-Tools.so
74587ffff000-745880000000 rw-p 00180000 103:02 28354742                  /usr/lib/libSPIRV-Tools.so
745880000000-745880021000 rw-p 00000000 00:00 0 
745880021000-745884000000 ---p 00000000 00:00 0 
745884000000-745884021000 rw-p 00000000 00:00 0 
745884021000-745888000000 ---p 00000000 00:00 0 
745888009000-745888016000 r--p 00000000 103:02 28315798                  /usr/lib/libncursesw.so.6.5
745888016000-74588805d000 r-xp 0000d000 103:02 28315798                  /usr/lib/libncursesw.so.6.5
74588805d000-745888073000 r--p 00054000 103:02 28315798                  /usr/lib/libncursesw.so.6.5
745888073000-745888077000 r--p 0006a000 103:02 28315798                  /usr/lib/libncursesw.so.6.5
745888077000-745888078000 rw-p 0006e000 103:02 28315798                  /usr/lib/libncursesw.so.6.5
745888078000-74588807e000 r--p 00000000 103:02 28352202                  /usr/lib/libedit.so.0.0.73
74588807e000-74588809e000 r-xp 00006000 103:02 28352202                  /usr/lib/libedit.so.0.0.73
74588809e000-7458880ab000 r--p 00026000 103:02 28352202                  /usr/lib/libedit.so.0.0.73
7458880ab000-7458880ad000 r--p 00033000 103:02 28352202                  /usr/lib/libedit.so.0.0.73
7458880ad000-7458880ae000 rw-p 00035000 103:02 28352202                  /usr/lib/libedit.so.0.0.73
7458880ae000-7458880b1000 rw-p 00000000 00:00 0 
7458880b1000-7458880b3000 r--p 00000000 103:02 28331385                  /usr/lib/libffi.so.8.1.4
7458880b3000-7458880b9000 r-xp 00002000 103:02 28331385                  /usr/lib/libffi.so.8.1.4
7458880b9000-7458880ba000 r--p 00008000 103:02 28331385                  /usr/lib/libffi.so.8.1.4
7458880ba000-7458880bb000 r--p 00009000 103:02 28331385                  /usr/lib/libffi.so.8.1.4
7458880bb000-7458880bc000 rw-p 0000a000 103:02 28331385                  /usr/lib/libffi.so.8.1.4
7458880bc000-7458880bf000 r--p 00000000 103:02 28352150                  /usr/lib/libdrm_intel.so.1.123.0
7458880bf000-7458880d5000 r-xp 00003000 103:02 28352150                  /usr/lib/libdrm_intel.so.1.123.0
7458880d5000-7458880de000 r--p 00019000 103:02 28352150                  /usr/lib/libdrm_intel.so.1.123.0
7458880de000-7458880df000 r--p 00022000 103:02 28352150                  /usr/lib/libdrm_intel.so.1.123.0
7458880df000-7458880e0000 rw-p 00023000 103:02 28352150                  /usr/lib/libdrm_intel.so.1.123.0
7458880e0000-7458880e3000 r--p 00000000 103:02 28352147                  /usr/lib/libdrm_amdgpu.so.1.123.0
7458880e3000-7458880e8000 r-xp 00003000 103:02 28352147                  /usr/lib/libdrm_amdgpu.so.1.123.0
7458880e8000-7458880ea000 r--p 00008000 103:02 28352147                  /usr/lib/libdrm_amdgpu.so.1.123.0
7458880ea000-7458880eb000 r--p 00009000 103:02 28352147                  /usr/lib/libdrm_amdgpu.so.1.123.0
7458880eb000-7458880ec000 rw-p 0000a000 103:02 28352147                  /usr/lib/libdrm_amdgpu.so.1.123.0
7458880ec000-7458880ef000 r--p 00000000 103:02 28336207                  /usr/lib/libelf-0.192.so
7458880ef000-745888102000 r-xp 00003000 103:02 28336207                  /usr/lib/libelf-0.192.so
745888102000-745888106000 r--p 00016000 103:02 28336207                  /usr/lib/libelf-0.192.so
745888106000-745888107000 r--p 00019000 103:02 28336207                  /usr/lib/libelf-0.192.so
745888107000-745888108000 rw-p 0001a000 103:02 28336207                  /usr/lib/libelf-0.192.so
745888108000-74588810a000 r--p 00000000 103:02 28352156                  /usr/lib/libdrm_radeon.so.1.123.0
74588810a000-745888110000 r-xp 00002000 103:02 28352156                  /usr/lib/libdrm_radeon.so.1.123.0
745888110000-745888114000 r--p 00008000 103:02 28352156                  /usr/lib/libdrm_radeon.so.1.123.0
745888114000-745888115000 r--p 0000b000 103:02 28352156                  /usr/lib/libdrm_radeon.so.1.123.0
745888115000-745888116000 rw-p 0000c000 103:02 28352156                  /usr/lib/libdrm_radeon.so.1.123.0
745888116000-745888119000 r--p 00000000 103:02 28346956                  /usr/lib/libxcb-sync.so.1.0.0
745888119000-74588811c000 r-xp 00003000 103:02 28346956                  /usr/lib/libxcb-sync.so.1.0.0
74588811c000-74588811d000 r--p 00006000 103:02 28346956                  /usr/lib/libxcb-sync.so.1.0.0
74588811d000-74588811e000 r--p 00007000 103:02 28346956                  /usr/lib/libxcb-sync.so.1.0.0
74588811e000-74588811f000 rw-p 00008000 103:02 28346956                  /usr/lib/libxcb-sync.so.1.0.0
74588811f000-745888126000 r--p 00000000 103:02 28346935                  /usr/lib/libxcb-randr.so.0.1.0
745888126000-74588812c000 r-xp 00007000 103:02 28346935                  /usr/lib/libxcb-randr.so.0.1.0
74588812c000-74588812f000 r--p 0000d000 103:02 28346935                  /usr/lib/libxcb-randr.so.0.1.0
74588812f000-745888130000 r--p 00010000 103:02 28346935                  /usr/lib/libxcb-randr.so.0.1.0
745888130000-745888131000 rw-p 00011000 103:02 28346935                  /usr/lib/libxcb-randr.so.0.1.0
745888131000-745888133000 r--p 00000000 103:02 28352267                  /usr/lib/libsensors.so.5.0.0
745888133000-74588813a000 r-xp 00002000 103:02 28352267                  /usr/lib/libsensors.so.5.0.0
74588813a000-74588813e000 r--p 00009000 103:02 28352267                  /usr/lib/libsensors.so.5.0.0
74588813e000-74588813f000 r--p 0000d000 103:02 28352267                  /usr/lib/libsensors.so.5.0.0
74588813f000-745888140000 rw-p 0000e000 103:02 28352267                  /usr/lib/libsensors.so.5.0.0
745888140000-74588814c000 r--p 00000000 103:02 28326930                  /usr/lib/libzstd.so.1.5.6
74588814c000-74588820c000 r-xp 0000c000 103:02 28326930                  /usr/lib/libzstd.so.1.5.6
74588820c000-74588821d000 r--p 000cc000 103:02 28326930                  /usr/lib/libzstd.so.1.5.6
74588821d000-74588821e000 r--p 000dd000 103:02 28326930                  /usr/lib/libzstd.so.1.5.6
74588821e000-74588821f000 rw-p 000de000 103:02 28326930                  /usr/lib/libzstd.so.1.5.6
74588821f000-745888222000 r--p 00000000 103:02 28346962                  /usr/lib/libxcb-xfixes.so.0.0.0
745888222000-745888225000 r-xp 00003000 103:02 28346962                  /usr/lib/libxcb-xfixes.so.0.0.0
745888225000-745888226000 r--p 00006000 103:02 28346962                  /usr/lib/libxcb-xfixes.so.0.0.0
745888226000-745888227000 r--p 00007000 103:02 28346962                  /usr/lib/libxcb-xfixes.so.0.0.0
745888227000-745888228000 rw-p 00008000 103:02 28346962                  /usr/lib/libxcb-xfixes.so.0.0.0
745888228000-74588822a000 r--p 00000000 103:02 28335324                  /usr/lib/libexpat.so.1.10.0
74588822a000-745888247000 r-xp 00002000 103:02 28335324                  /usr/lib/libexpat.so.1.10.0
745888247000-74588824f000 r--p 0001f000 103:02 28335324                  /usr/lib/libexpat.so.1.10.0
74588824f000-745888251000 r--p 00026000 103:02 28335324                  /usr/lib/libexpat.so.1.10.0
745888251000-745888252000 rw-p 00028000 103:02 28335324                  /usr/lib/libexpat.so.1.10.0
745888252000-74588825e000 r--p 00000000 103:02 28346929                  /usr/lib/libxcb-glx.so.0.0.0
74588825e000-745888267000 r-xp 0000c000 103:02 28346929                  /usr/lib/libxcb-glx.so.0.0.0
745888267000-74588826c000 r--p 00015000 103:02 28346929                  /usr/lib/libxcb-glx.so.0.0.0
74588826c000-74588826e000 r--p 0001a000 103:02 28346929                  /usr/lib/libxcb-glx.so.0.0.0
74588826e000-74588826f000 rw-p 0001c000 103:02 28346929                  /usr/lib/libxcb-glx.so.0.0.0
74588826f000-745888274000 r--p 00000000 103:02 28352144                  /usr/lib/libdrm.so.2.123.0
745888274000-745888280000 r-xp 00005000 103:02 28352144                  /usr/lib/libdrm.so.2.123.0
745888280000-745888284000 r--p 00011000 103:02 28352144                  /usr/lib/libdrm.so.2.123.0
745888284000-745888285000 r--p 00015000 103:02 28352144                  /usr/lib/libdrm.so.2.123.0
745888285000-745888286000 rw-p 00016000 103:02 28352144                  /usr/lib/libdrm.so.2.123.0
745888286000-745888287000 r--p 00000000 103:02 28352355                  /usr/lib/libglapi.so.0.0.0
745888287000-745888295000 r-xp 00001000 103:02 28352355                  /usr/lib/libglapi.so.0.0.0
745888295000-7458882aa000 r--p 0000f000 103:02 28352355                  /usr/lib/libglapi.so.0.0.0
7458882aa000-7458882ae000 r--p 00023000 103:02 28352355                  /usr/lib/libglapi.so.0.0.0
7458882ae000-7458882af000 rw-p 00027000 103:02 28352355                  /usr/lib/libglapi.so.0.0.0
7458882af000-7458882c4000 r--p 00000000 103:02 28352342                  /usr/lib/libGLX_mesa.so.0.0.0
7458882c4000-7458882fd000 r-xp 00015000 103:02 28352342                  /usr/lib/libGLX_mesa.so.0.0.0
7458882fd000-745888310000 r--p 0004e000 103:02 28352342                  /usr/lib/libGLX_mesa.so.0.0.0
745888310000-745888315000 r--p 00060000 103:02 28352342                  /usr/lib/libGLX_mesa.so.0.0.0
745888315000-745888316000 rw-p 00065000 103:02 28352342                  /usr/lib/libGLX_mesa.so.0.0.0
745888316000-745888319000 r--p 00000000 103:02 28352371                  /usr/lib/libGLX.so.0.0.0
745888319000-745888333000 r-xp 00003000 103:02 28352371                  /usr/lib/libGLX.so.0.0.0
745888333000-745888336000 r--p 0001d000 103:02 28352371                  /usr/lib/libGLX.so.0.0.0
745888336000-745888337000 r--p 00020000 103:02 28352371                  /usr/lib/libGLX.so.0.0.0
745888337000-745888338000 rw-p 00021000 103:02 28352371                  /usr/lib/libGLX.so.0.0.0
745888338000-745888348000 rw-p 00000000 00:00 0 
745888348000-745888389000 r--p 00000000 103:02 28352374                  /usr/lib/libGLdispatch.so.0.0.0
745888389000-7458883c8000 r-xp 00041000 103:02 28352374                  /usr/lib/libGLdispatch.so.0.0.0
7458883c8000-7458883db000 r--p 00080000 103:02 28352374                  /usr/lib/libGLdispatch.so.0.0.0
7458883db000-7458883f7000 r--p 00093000 103:02 28352374                  /usr/lib/libGLdispatch.so.0.0.0
7458883f7000-7458883f8000 rw-p 000af000 103:02 28352374                  /usr/lib/libGLdispatch.so.0.0.0
7458883f8000-745888400000 rw-p 00000000 00:00 0 
745888400000-745888451000 r-xp 00000000 00:2b 110                        /tmp/lwjglgian/3.2.3-build-13/liblwjgl.so
745888451000-745888650000 ---p 00051000 00:2b 110                        /tmp/lwjglgian/3.2.3-build-13/liblwjgl.so
745888650000-745888651000 r--p 00050000 00:2b 110                        /tmp/lwjglgian/3.2.3-build-13/liblwjgl.so
745888651000-745888652000 rw-p 00051000 00:2b 110                        /tmp/lwjglgian/3.2.3-build-13/liblwjgl.so
745888655000-745888656000 r--p 00000000 103:02 28352170                  /usr/lib/libxshmfence.so.1.0.0
745888656000-745888657000 r-xp 00001000 103:02 28352170                  /usr/lib/libxshmfence.so.1.0.0
745888657000-745888658000 r--p 00002000 103:02 28352170                  /usr/lib/libxshmfence.so.1.0.0
745888658000-745888659000 r--p 00002000 103:02 28352170                  /usr/lib/libxshmfence.so.1.0.0
745888659000-74588865a000 rw-p 00003000 103:02 28352170                  /usr/lib/libxshmfence.so.1.0.0
74588865a000-74588865b000 r--p 00000000 103:02 28346932                  /usr/lib/libxcb-present.so.0.0.0
74588865b000-74588865c000 r-xp 00001000 103:02 28346932                  /usr/lib/libxcb-present.so.0.0.0
74588865c000-74588865d000 r--p 00002000 103:02 28346932                  /usr/lib/libxcb-present.so.0.0.0
74588865d000-74588865e000 r--p 00002000 103:02 28346932                  /usr/lib/libxcb-present.so.0.0.0
74588865e000-74588865f000 rw-p 00003000 103:02 28346932                  /usr/lib/libxcb-present.so.0.0.0
74588865f000-7458886a1000 r--p 00000000 103:02 28352365                  /usr/lib/libGL.so.1.7.0
7458886a1000-7458886c0000 r-xp 00042000 103:02 28352365                  /usr/lib/libGL.so.1.7.0
7458886c0000-7458886d5000 r--p 00061000 103:02 28352365                  /usr/lib/libGL.so.1.7.0
7458886d5000-7458886e3000 r--p 00075000 103:02 28352365                  /usr/lib/libGL.so.1.7.0
7458886e3000-7458886e4000 rw-p 00083000 103:02 28352365                  /usr/lib/libGL.so.1.7.0
7458886e4000-7458886e5000 rw-p 00000000 00:00 0 
7458886e5000-7458886fc000 r--p 00000000 103:02 28349325                  /usr/lib/libX11.so.6.4.0
7458886fc000-745888790000 r-xp 00017000 103:02 28349325                  /usr/lib/libX11.so.6.4.0
745888790000-74588881f000 r--p 000ab000 103:02 28349325                  /usr/lib/libX11.so.6.4.0
74588881f000-745888822000 r--p 00139000 103:02 28349325                  /usr/lib/libX11.so.6.4.0
745888822000-745888826000 rw-p 0013c000 103:02 28349325                  /usr/lib/libX11.so.6.4.0
745888826000-745888827000 ---p 00000000 00:00 0 
745888827000-74588882b000 ---p 00000000 00:00 0 
74588882b000-745888927000 rw-p 00000000 00:00 0 
745888927000-745888928000 ---p 00000000 00:00 0 
745888928000-74588892c000 ---p 00000000 00:00 0 
74588892c000-745888a28000 rw-p 00000000 00:00 0 
745888a28000-745888a2d000 r--p 00000000 103:02 28870131                  /usr/lib/jvm/java-21-openjdk/lib/libjsvml.so
745888a2d000-745888a6e000 r-xp 00005000 103:02 28870131                  /usr/lib/jvm/java-21-openjdk/lib/libjsvml.so
745888a6e000-745888af7000 r--p 00046000 103:02 28870131                  /usr/lib/jvm/java-21-openjdk/lib/libjsvml.so
745888af7000-745888af8000 r--p 000ce000 103:02 28870131                  /usr/lib/jvm/java-21-openjdk/lib/libjsvml.so
745888af8000-745888af9000 rw-p 000cf000 103:02 28870131                  /usr/lib/jvm/java-21-openjdk/lib/libjsvml.so
745888af9000-745888afa000 ---p 00000000 00:00 0 
745888afa000-745888afe000 ---p 00000000 00:00 0 
745888afe000-745888bfa000 rw-p 00000000 00:00 0 
745888bfa000-745888bfb000 ---p 00000000 00:00 0 
745888bfb000-745888bff000 ---p 00000000 00:00 0 
745888bff000-745888cfb000 rw-p 00000000 00:00 0 
745888cfb000-745888cfc000 ---p 00000000 00:00 0 
745888cfc000-745888d00000 ---p 00000000 00:00 0 
745888d00000-745888dfc000 rw-p 00000000 00:00 0 
745888dfc000-745888dfd000 ---p 00000000 00:00 0 
745888dfd000-745888e01000 ---p 00000000 00:00 0 
745888e01000-745888efd000 rw-p 00000000 00:00 0 
745888efd000-745888efe000 ---p 00000000 00:00 0 
745888efe000-745888f02000 ---p 00000000 00:00 0 
745888f02000-745888ffe000 rw-p 00000000 00:00 0 
745888ffe000-745888fff000 ---p 00000000 00:00 0 
745888fff000-745889003000 ---p 00000000 00:00 0 
745889003000-7458890ff000 rw-p 00000000 00:00 0 
7458890ff000-745889100000 ---p 00000000 00:00 0 
745889100000-745889104000 ---p 00000000 00:00 0 
745889104000-745889200000 rw-p 00000000 00:00 0 
745889200000-7458894eb000 r--p 00000000 103:02 28346012                  /usr/lib/locale/locale-archive
7458894ee000-7458894f0000 r--p 00000000 103:02 28346926                  /usr/lib/libxcb-dri3.so.0.1.0
7458894f0000-7458894f2000 r-xp 00002000 103:02 28346926                  /usr/lib/libxcb-dri3.so.0.1.0
7458894f2000-7458894f3000 r--p 00004000 103:02 28346926                  /usr/lib/libxcb-dri3.so.0.1.0
7458894f3000-7458894f4000 r--p 00004000 103:02 28346926                  /usr/lib/libxcb-dri3.so.0.1.0
7458894f4000-7458894f5000 rw-p 00005000 103:02 28346926                  /usr/lib/libxcb-dri3.so.0.1.0
7458894f5000-7458894f6000 ---p 00000000 00:00 0 
7458894f6000-7458895f6000 rw-p 00000000 00:00 0 
7458895f6000-7458895f7000 ---p 00000000 00:00 0 
7458895f7000-7458896f7000 rw-p 00000000 00:00 0 
7458896f7000-7458896f8000 ---p 00000000 00:00 0 
7458896f8000-7458897f8000 rw-p 00000000 00:00 0 
7458897f8000-7458897f9000 ---p 00000000 00:00 0 
7458897f9000-7458898f9000 rw-p 00000000 00:00 0 
7458898f9000-74588c021000 rw-p 00000000 00:00 0 
74588c021000-745890000000 ---p 00000000 00:00 0 
745890000000-745890001000 r--p 00000000 103:02 28346953                  /usr/lib/libxcb-shm.so.0.0.0
745890001000-745890002000 r-xp 00001000 103:02 28346953                  /usr/lib/libxcb-shm.so.0.0.0
745890002000-745890003000 r--p 00002000 103:02 28346953                  /usr/lib/libxcb-shm.so.0.0.0
745890003000-745890004000 r--p 00002000 103:02 28346953                  /usr/lib/libxcb-shm.so.0.0.0
745890004000-745890005000 rw-p 00003000 103:02 28346953                  /usr/lib/libxcb-shm.so.0.0.0
745890005000-745890052000 rw-p 00000000 00:00 0 
745890052000-745890053000 r--p 00000000 103:02 28349322                  /usr/lib/libX11-xcb.so.1.0.0
745890053000-745890054000 r-xp 00001000 103:02 28349322                  /usr/lib/libX11-xcb.so.1.0.0
745890054000-745890055000 r--p 00002000 103:02 28349322                  /usr/lib/libX11-xcb.so.1.0.0
745890055000-745890056000 r--p 00002000 103:02 28349322                  /usr/lib/libX11-xcb.so.1.0.0
745890056000-745890057000 rw-p 00003000 103:02 28349322                  /usr/lib/libX11-xcb.so.1.0.0
745890057000-745890058000 r--p 00000000 103:02 28352617                  /usr/lib/libXinerama.so.1.0.0
745890058000-745890059000 r-xp 00001000 103:02 28352617                  /usr/lib/libXinerama.so.1.0.0
745890059000-74589005a000 r--p 00002000 103:02 28352617                  /usr/lib/libXinerama.so.1.0.0
74589005a000-74589005b000 r--p 00002000 103:02 28352617                  /usr/lib/libXinerama.so.1.0.0
74589005b000-74589005c000 rw-p 00003000 103:02 28352617                  /usr/lib/libXinerama.so.1.0.0
74589005c000-74589005f000 r--p 00000000 103:02 28352549                  /usr/lib/libXcursor.so.1.0.2
74589005f000-745890065000 r-xp 00003000 103:02 28352549                  /usr/lib/libXcursor.so.1.0.2
745890065000-745890067000 r--p 00009000 103:02 28352549                  /usr/lib/libXcursor.so.1.0.2
745890067000-745890068000 r--p 0000a000 103:02 28352549                  /usr/lib/libXcursor.so.1.0.2
745890068000-745890069000 rw-p 0000b000 103:02 28352549                  /usr/lib/libXcursor.so.1.0.2
745890069000-745890075000 r--p 00000000 103:02 28346983                  /usr/lib/libxcb.so.1.1.0
745890075000-745890089000 r-xp 0000c000 103:02 28346983                  /usr/lib/libxcb.so.1.1.0
745890089000-745890092000 r--p 00020000 103:02 28346983                  /usr/lib/libxcb.so.1.1.0
745890092000-745890093000 r--p 00028000 103:02 28346983                  /usr/lib/libxcb.so.1.1.0
745890093000-745890094000 rw-p 00029000 103:02 28346983                  /usr/lib/libxcb.so.1.1.0
745890094000-745890397000 rw-p 00000000 00:00 0 
745890397000-745890398000 ---p 00000000 00:00 0 
745890398000-745890498000 rw-p 00000000 00:00 0 
745890498000-745890499000 ---p 00000000 00:00 0 
745890499000-745890599000 rw-p 00000000 00:00 0 
745890599000-74589059a000 ---p 00000000 00:00 0 
74589059a000-74589069a000 rw-p 00000000 00:00 0 
74589069a000-7458909ca000 rw-p 00000000 00:00 0 
7458909ca000-74589394a000 ---p 00000000 00:00 0 
74589394a000-7458939b8000 rw-p 00000000 00:00 0 
7458939b8000-745893fa8000 ---p 00000000 00:00 0 
745893fa8000-74589400f000 rw-p 00000000 00:00 0 
74589400f000-7458945ff000 ---p 00000000 00:00 0 
7458945ff000-745894600000 rw-p 00000000 00:00 0 
745894600000-745894870000 rwxp 00000000 00:00 0 
745894870000-74589bb37000 ---p 00000000 00:00 0 
74589bb37000-74589bda7000 rwxp 00000000 00:00 0 
74589bda7000-74589c0c9000 ---p 00000000 00:00 0 
74589c0c9000-74589c339000 rwxp 00000000 00:00 0 
74589c339000-7458a3600000 ---p 00000000 00:00 0 
7458a3600000-7458abe0d000 r--s 00000000 103:02 28870148                  /usr/lib/jvm/java-21-openjdk/lib/modules
7458abe0e000-7458abe10000 r--p 00000000 103:02 28350204                  /usr/lib/libXfixes.so.3.1.0
7458abe10000-7458abe13000 r-xp 00002000 103:02 28350204                  /usr/lib/libXfixes.so.3.1.0
7458abe13000-7458abe14000 r--p 00005000 103:02 28350204                  /usr/lib/libXfixes.so.3.1.0
7458abe14000-7458abe15000 r--p 00005000 103:02 28350204                  /usr/lib/libXfixes.so.3.1.0
7458abe15000-7458abe16000 rw-p 00006000 103:02 28350204                  /usr/lib/libXfixes.so.3.1.0
7458abe16000-7458abe18000 r--p 00000000 103:02 28352690                  /usr/lib/libXrandr.so.2.2.0
7458abe18000-7458abe1f000 r-xp 00002000 103:02 28352690                  /usr/lib/libXrandr.so.2.2.0
7458abe1f000-7458abe21000 r--p 00009000 103:02 28352690                  /usr/lib/libXrandr.so.2.2.0
7458abe21000-7458abe22000 r--p 0000a000 103:02 28352690                  /usr/lib/libXrandr.so.2.2.0
7458abe22000-7458abe23000 rw-p 0000b000 103:02 28352690                  /usr/lib/libXrandr.so.2.2.0
7458abe23000-7458ad0ea000 rw-p 00000000 00:00 0 
7458ad0ea000-7458b0000000 ---p 00000000 00:00 0 
7458b0000000-7458b0002000 r--p 00000000 103:02 28350717                  /usr/lib/libXrender.so.1.3.0
7458b0002000-7458b0009000 r-xp 00002000 103:02 28350717                  /usr/lib/libXrender.so.1.3.0
7458b0009000-7458b000a000 r--p 00009000 103:02 28350717                  /usr/lib/libXrender.so.1.3.0
7458b000a000-7458b000b000 r--p 00009000 103:02 28350717                  /usr/lib/libXrender.so.1.3.0
7458b000b000-7458b000c000 rw-p 0000a000 103:02 28350717                  /usr/lib/libXrender.so.1.3.0
7458b000c000-7458b0010000 r--p 00000000 103:02 28350139                  /usr/lib/libXext.so.6.4.0
7458b0010000-7458b001b000 r-xp 00004000 103:02 28350139                  /usr/lib/libXext.so.6.4.0
7458b001b000-7458b001f000 r--p 0000f000 103:02 28350139                  /usr/lib/libXext.so.6.4.0
7458b001f000-7458b0020000 r--p 00012000 103:02 28350139                  /usr/lib/libXext.so.6.4.0
7458b0020000-7458b0021000 rw-p 00013000 103:02 28350139                  /usr/lib/libXext.so.6.4.0
7458b0021000-7458b092f000 rw-p 00000000 00:00 0 
7458b092f000-7458b0a15000 ---p 00000000 00:00 0 
7458b0a15000-7458b0a1a000 rw-p 00000000 00:00 0 
7458b0a1a000-7458b0b00000 ---p 00000000 00:00 0 
7458b0b00000-7458b0b04000 ---p 00000000 00:00 0 
7458b0b04000-7458b0c00000 rw-p 00000000 00:00 0 
7458b0c00000-7458b0c97000 r--p 00000000 103:02 28315735                  /usr/lib/libstdc++.so.6.0.33
7458b0c97000-7458b0de4000 r-xp 00097000 103:02 28315735                  /usr/lib/libstdc++.so.6.0.33
7458b0de4000-7458b0e74000 r--p 001e4000 103:02 28315735                  /usr/lib/libstdc++.so.6.0.33
7458b0e74000-7458b0e81000 r--p 00274000 103:02 28315735                  /usr/lib/libstdc++.so.6.0.33
7458b0e81000-7458b0e82000 rw-p 00281000 103:02 28315735                  /usr/lib/libstdc++.so.6.0.33
7458b0e82000-7458b0e86000 rw-p 00000000 00:00 0 
7458b0e86000-7458b0e89000 r--p 00000000 103:02 28350209                  /usr/lib/libXi.so.6.1.0
7458b0e89000-7458b0e95000 r-xp 00003000 103:02 28350209                  /usr/lib/libXi.so.6.1.0
7458b0e95000-7458b0e97000 r--p 0000f000 103:02 28350209                  /usr/lib/libXi.so.6.1.0
7458b0e97000-7458b0e98000 r--p 00011000 103:02 28350209                  /usr/lib/libXi.so.6.1.0
7458b0e98000-7458b0e99000 rw-p 00012000 103:02 28350209                  /usr/lib/libXi.so.6.1.0
7458b0e99000-7458b0e9a000 r--p 00000000 103:02 28352174                  /usr/lib/libXxf86vm.so.1.0.0
7458b0e9a000-7458b0e9d000 r-xp 00001000 103:02 28352174                  /usr/lib/libXxf86vm.so.1.0.0
7458b0e9d000-7458b0e9e000 r--p 00004000 103:02 28352174                  /usr/lib/libXxf86vm.so.1.0.0
7458b0e9e000-7458b0e9f000 r--p 00004000 103:02 28352174                  /usr/lib/libXxf86vm.so.1.0.0
7458b0e9f000-7458b0ea0000 rw-p 00005000 103:02 28352174                  /usr/lib/libXxf86vm.so.1.0.0
7458b0ea0000-7458b0ea2000 r--p 00000000 103:02 28346894                  /usr/lib/libXdmcp.so.6.0.0
7458b0ea2000-7458b0ea4000 r-xp 00002000 103:02 28346894                  /usr/lib/libXdmcp.so.6.0.0
7458b0ea4000-7458b0ea6000 r--p 00004000 103:02 28346894                  /usr/lib/libXdmcp.so.6.0.0
7458b0ea6000-7458b0ea7000 r--p 00005000 103:02 28346894                  /usr/lib/libXdmcp.so.6.0.0
7458b0ea7000-7458b0ea8000 rw-p 00006000 103:02 28346894                  /usr/lib/libXdmcp.so.6.0.0
7458b0ea8000-7458b0ea9000 r--p 00000000 103:02 28346898                  /usr/lib/libXau.so.6.0.0
7458b0ea9000-7458b0eaa000 r-xp 00001000 103:02 28346898                  /usr/lib/libXau.so.6.0.0
7458b0eaa000-7458b0eab000 r--p 00002000 103:02 28346898                  /usr/lib/libXau.so.6.0.0
7458b0eab000-7458b0eac000 r--p 00002000 103:02 28346898                  /usr/lib/libXau.so.6.0.0
7458b0eac000-7458b0ead000 rw-p 00003000 103:02 28346898                  /usr/lib/libXau.so.6.0.0
7458b0ec6000-7458b0eca000 r-xp 00000000 00:00 0 
7458b0eca000-7458b0ecb000 rw-s 00000000 00:01 3812                       /memfd:xshmfence (deleted)
7458b0ecb000-7458b0ecc000 rw-s 112f98000 00:06 428                       /dev/dri/renderD128
7458b0ecc000-7458b0ecd000 rw-s 112f97000 00:06 428                       /dev/dri/renderD128
7458b0ecd000-7458b0ece000 rw-s 113dc9000 00:06 428                       /dev/dri/renderD128
7458b0ece000-7458b0ecf000 rw-s 119568000 00:06 428                       /dev/dri/renderD128
7458b0ecf000-7458b0ed0000 r-xp 00000000 00:00 0 
7458b0ed0000-7458b0f11000 rw-p 00000000 00:00 0 
7458b0f11000-7458b0f1f000 r--p 00000000 103:02 28314909                  /usr/lib/libm.so.6
7458b0f1f000-7458b0fa2000 r-xp 0000e000 103:02 28314909                  /usr/lib/libm.so.6
7458b0fa2000-7458b0ffe000 r--p 00091000 103:02 28314909                  /usr/lib/libm.so.6
7458b0ffe000-7458b0fff000 r--p 000ec000 103:02 28314909                  /usr/lib/libm.so.6
7458b0fff000-7458b1000000 rw-p 000ed000 103:02 28314909                  /usr/lib/libm.so.6
7458b1000000-7458b100e000 r--p 00000000 103:02 28870160                  /usr/lib/jvm/java-21-openjdk/lib/server/libjvm.so
7458b100e000-7458b1fa0000 r-xp 0000e000 103:02 28870160                  /usr/lib/jvm/java-21-openjdk/lib/server/libjvm.so
7458b1fa0000-7458b218f000 r--p 00fa0000 103:02 28870160                  /usr/lib/jvm/java-21-openjdk/lib/server/libjvm.so
7458b218f000-7458b2260000 r--p 0118e000 103:02 28870160                  /usr/lib/jvm/java-21-openjdk/lib/server/libjvm.so
7458b2260000-7458b228a000 rw-p 0125f000 103:02 28870160                  /usr/lib/jvm/java-21-openjdk/lib/server/libjvm.so
7458b228a000-7458b22f0000 rw-p 00000000 00:00 0 
7458b22f0000-7458b22f1000 r--p 00000000 103:02 28314926                  /usr/lib/libpthread.so.0
7458b22f1000-7458b22f2000 r-xp 00001000 103:02 28314926                  /usr/lib/libpthread.so.0
7458b22f2000-7458b22f3000 r--p 00002000 103:02 28314926                  /usr/lib/libpthread.so.0
7458b22f3000-7458b22f4000 r--p 00002000 103:02 28314926                  /usr/lib/libpthread.so.0
7458b22f4000-7458b22f5000 rw-p 00003000 103:02 28314926                  /usr/lib/libpthread.so.0
7458b22f5000-7458b22f7000 r--p 00000000 103:02 28870147                  /usr/lib/jvm/java-21-openjdk/lib/libzip.so
7458b22f7000-7458b22fb000 r-xp 00002000 103:02 28870147                  /usr/lib/jvm/java-21-openjdk/lib/libzip.so
7458b22fb000-7458b22fd000 r--p 00006000 103:02 28870147                  /usr/lib/jvm/java-21-openjdk/lib/libzip.so
7458b22fd000-7458b22fe000 r--p 00007000 103:02 28870147                  /usr/lib/jvm/java-21-openjdk/lib/libzip.so
7458b22fe000-7458b22ff000 rw-p 00008000 103:02 28870147                  /usr/lib/jvm/java-21-openjdk/lib/libzip.so
7458b22ff000-7458b2302000 r--p 00000000 103:02 28870138                  /usr/lib/jvm/java-21-openjdk/lib/libnet.so
7458b2302000-7458b2309000 r-xp 00003000 103:02 28870138                  /usr/lib/jvm/java-21-openjdk/lib/libnet.so
7458b2309000-7458b230b000 r--p 0000a000 103:02 28870138                  /usr/lib/jvm/java-21-openjdk/lib/libnet.so
7458b230b000-7458b230c000 r--p 0000b000 103:02 28870138                  /usr/lib/jvm/java-21-openjdk/lib/libnet.so
7458b230c000-7458b230d000 rw-p 0000c000 103:02 28870138                  /usr/lib/jvm/java-21-openjdk/lib/libnet.so
7458b230d000-7458b2314000 r--p 00000000 103:02 28870139                  /usr/lib/jvm/java-21-openjdk/lib/libnio.so
7458b2314000-7458b231d000 r-xp 00007000 103:02 28870139                  /usr/lib/jvm/java-21-openjdk/lib/libnio.so
7458b231d000-7458b2322000 r--p 00010000 103:02 28870139                  /usr/lib/jvm/java-21-openjdk/lib/libnio.so
7458b2322000-7458b2323000 r--p 00014000 103:02 28870139                  /usr/lib/jvm/java-21-openjdk/lib/libnio.so
7458b2323000-7458b2324000 rw-p 00015000 103:02 28870139                  /usr/lib/jvm/java-21-openjdk/lib/libnio.so
7458b2324000-7458b238d000 rw-p 00000000 00:00 0 
7458b238d000-7458b2397000 r--p 00000000 103:02 28870123                  /usr/lib/jvm/java-21-openjdk/lib/libjava.so
7458b2397000-7458b23a4000 r-xp 0000a000 103:02 28870123                  /usr/lib/jvm/java-21-openjdk/lib/libjava.so
7458b23a4000-7458b23a9000 r--p 00017000 103:02 28870123                  /usr/lib/jvm/java-21-openjdk/lib/libjava.so
7458b23a9000-7458b23aa000 r--p 0001b000 103:02 28870123                  /usr/lib/jvm/java-21-openjdk/lib/libjava.so
7458b23aa000-7458b23ab000 rw-p 0001c000 103:02 28870123                  /usr/lib/jvm/java-21-openjdk/lib/libjava.so
7458b23ab000-7458b23ac000 rw-p 00000000 00:00 0 
7458b23ac000-7458b23b0000 r--p 00000000 103:02 28315705                  /usr/lib/libgcc_s.so.1
7458b23b0000-7458b23d4000 r-xp 00004000 103:02 28315705                  /usr/lib/libgcc_s.so.1
7458b23d4000-7458b23d8000 r--p 00028000 103:02 28315705                  /usr/lib/libgcc_s.so.1
7458b23d8000-7458b23d9000 r--p 0002b000 103:02 28315705                  /usr/lib/libgcc_s.so.1
7458b23d9000-7458b23da000 rw-p 0002c000 103:02 28315705                  /usr/lib/libgcc_s.so.1
7458b23da000-7458b23dd000 rw-p 00000000 00:00 0 
7458b23dd000-7458b23e0000 r--p 00000000 103:02 28318975                  /usr/lib/libz.so.1.3.1
7458b23e0000-7458b23ee000 r-xp 00003000 103:02 28318975                  /usr/lib/libz.so.1.3.1
7458b23ee000-7458b23f4000 r--p 00011000 103:02 28318975                  /usr/lib/libz.so.1.3.1
7458b23f4000-7458b23f5000 r--p 00017000 103:02 28318975                  /usr/lib/libz.so.1.3.1
7458b23f5000-7458b23f6000 rw-p 00018000 103:02 28318975                  /usr/lib/libz.so.1.3.1
7458b23f6000-7458b241a000 r--p 00000000 103:02 28314899                  /usr/lib/libc.so.6
7458b241a000-7458b258b000 r-xp 00024000 103:02 28314899                  /usr/lib/libc.so.6
7458b258b000-7458b25d9000 r--p 00195000 103:02 28314899                  /usr/lib/libc.so.6
7458b25d9000-7458b25dd000 r--p 001e3000 103:02 28314899                  /usr/lib/libc.so.6
7458b25dd000-7458b25df000 rw-p 001e7000 103:02 28314899                  /usr/lib/libc.so.6
7458b25df000-7458b25e7000 rw-p 00000000 00:00 0 
7458b25e7000-7458b25e8000 r--p 00000000 103:02 28314904                  /usr/lib/libdl.so.2
7458b25e8000-7458b25e9000 r-xp 00001000 103:02 28314904                  /usr/lib/libdl.so.2
7458b25e9000-7458b25ea000 r--p 00002000 103:02 28314904                  /usr/lib/libdl.so.2
7458b25ea000-7458b25eb000 r--p 00002000 103:02 28314904                  /usr/lib/libdl.so.2
7458b25eb000-7458b25ec000 rw-p 00003000 103:02 28314904                  /usr/lib/libdl.so.2
7458b25ec000-7458b25f1000 rw-p 00000000 00:00 0 
7458b25f1000-7458b25f8000 ---p 00000000 00:00 0 
7458b25f8000-7458b2600000 rw-s 00000000 00:2b 119                        /tmp/hsperfdata_gian/8009
7458b2600000-7458b2601000 ---p 00000000 00:00 0 
7458b2601000-7458b2602000 r--p 00000000 00:00 0 
7458b2602000-7458b2603000 ---p 00000000 00:00 0 
7458b2603000-7458b2604000 r--p 00000000 103:02 28870127                  /usr/lib/jvm/java-21-openjdk/lib/libjimage.so
7458b2604000-7458b2606000 r-xp 00001000 103:02 28870127                  /usr/lib/jvm/java-21-openjdk/lib/libjimage.so
7458b2606000-7458b2607000 r--p 00003000 103:02 28870127                  /usr/lib/jvm/java-21-openjdk/lib/libjimage.so
7458b2607000-7458b2608000 r--p 00003000 103:02 28870127                  /usr/lib/jvm/java-21-openjdk/lib/libjimage.so
7458b2608000-7458b2609000 rw-p 00004000 103:02 28870127                  /usr/lib/jvm/java-21-openjdk/lib/libjimage.so
7458b2609000-7458b260b000 r--p 00000000 103:02 28870128                  /usr/lib/jvm/java-21-openjdk/lib/libjli.so
7458b260b000-7458b2615000 r-xp 00002000 103:02 28870128                  /usr/lib/jvm/java-21-openjdk/lib/libjli.so
7458b2615000-7458b2618000 r--p 0000c000 103:02 28870128                  /usr/lib/jvm/java-21-openjdk/lib/libjli.so
7458b2618000-7458b2619000 r--p 0000e000 103:02 28870128                  /usr/lib/jvm/java-21-openjdk/lib/libjli.so
7458b2619000-7458b261a000 rw-p 0000f000 103:02 28870128                  /usr/lib/jvm/java-21-openjdk/lib/libjli.so
7458b261a000-7458b261c000 rw-p 00000000 00:00 0 
7458b261c000-7458b2620000 r--p 00000000 00:00 0                          [vvar]
7458b2620000-7458b2622000 r-xp 00000000 00:00 0                          [vdso]
7458b2622000-7458b2623000 r--p 00000000 103:02 28314890                  /usr/lib/ld-linux-x86-64.so.2
7458b2623000-7458b264c000 r-xp 00001000 103:02 28314890                  /usr/lib/ld-linux-x86-64.so.2
7458b264c000-7458b2656000 r--p 0002a000 103:02 28314890                  /usr/lib/ld-linux-x86-64.so.2
7458b2656000-7458b2658000 r--p 00034000 103:02 28314890                  /usr/lib/ld-linux-x86-64.so.2
7458b2658000-7458b265a000 rw-p 00036000 103:02 28314890                  /usr/lib/ld-linux-x86-64.so.2
7ffc92358000-7ffc9237a000 rw-p 00000000 00:00 0                          [stack]
ffffffffff600000-ffffffffff601000 --xp 00000000 00:00 0                  [vsyscall]
Total number of mappings: 522


VM Arguments:
jvm_args: -Dfile.encoding=UTF-8 -Duser.country=US -Duser.language=en -Duser.variant 
java_command: Main
java_class_path (initial): /home/gian/IdeaProjects/jade/build/classes/java/main:/home/gian/IdeaProjects/jade/build/resources/main:/home/gian/.gradle/caches/modules-2/files-2.1/org.lwjgl/lwjgl-assimp/3.2.3/f62aa07a20afbdd3097efc296c4841e0d29700eb/lwjgl-assimp-3.2.3.jar:/home/gian/.gradle/caches/modules-2/files-2.1/org.lwjgl/lwjgl-assimp/3.2.3/9ecc218db17c49f2819a5a80dee7efea65a9ac4f/lwjgl-assimp-3.2.3-natives-linux.jar:/home/gian/.gradle/caches/modules-2/files-2.1/org.lwjgl/lwjgl-glfw/3.2.3/5e520d5c290c8b012545a8d34fa5db5ab051ea53/lwjgl-glfw-3.2.3.jar:/home/gian/.gradle/caches/modules-2/files-2.1/org.lwjgl/lwjgl-glfw/3.2.3/62b044d9b0a057444bef2ab70b9afc288ec09dba/lwjgl-glfw-3.2.3-natives-linux.jar:/home/gian/.gradle/caches/modules-2/files-2.1/org.lwjgl/lwjgl-nfd/3.2.3/c44fee1043c022cf6614a28872d44cf114ca7737/lwjgl-nfd-3.2.3.jar:/home/gian/.gradle/caches/modules-2/files-2.1/org.lwjgl/lwjgl-nfd/3.2.3/e473f9c4814eb3e3cb8a8235266b10fee8063d09/lwjgl-nfd-3.2.3-natives-linux.jar:/home/gian/.gradle/caches/modules-2/files-2.1/org.lwjgl/lwjgl-openal/3.2.3/106742e805803ab9eab8e343f0fb31a3d263903c/lwjgl-openal-3.2.3.jar:/home/gian/.gradle/caches/modules-2/files-2.1/org.lwjgl/lwjgl-openal/3.2.3/869ddd9dbbf92a7d1be7f5942ca0adbde068d999/lwjgl-openal-3.2.3-natives-linux.jar:/home/gian/.gradle/caches/modules-2/files-2.1/org.lwjgl/lwjgl-opengl/3.2.3/bdd534a323d0c8f54969b95e424b6ac8984f7d6e/lwjgl-opengl-3.2.3.jar:/home/gian/.gradle/caches/modules-2/files-2.1/org.lwjgl/lwjgl-opengl/3.2.3/7f14db5da9aa7951efe88993f519d7d38ad6e46b/lwjgl-opengl-3.2.3-natives-linux.jar:/home/gian/.gradle/caches/modules-2/files-2.1/org.lwjgl/lwjgl-stb/3.2.3/40eccaa4fa86fc815f2e17946a392fb5fdcc286a/lwjgl-stb-3.2.3.jar:/home/gian/.gradle/caches/modules-2/files-2.1/org.lwjgl/lwjgl-stb/3.2.3/189950254d81e9214b39cc656163541bf1accbba/lwjgl-stb-3.2.3-natives-linux.jar:/home/gian/.gradle/caches/modules-2/files-2.1/org.lwjgl/lwjgl/3.2.3/17a59ba0fe8d474ec9dbe0d5db40d2cfe59c4c08/lwjgl-3.2.3.jar:/home/gian/.gradle/caches/modules-2/files-2.1/org.lwjgl/lwjgl/3.2.3/3d9d36c93446c7a1c90bc7aec8fa89c7988bf82b/lwjgl-3.2.3-natives-linux.jar:/home/gian/.gradle/caches/modules-2/files-2.1/org.joml/joml/1.10.7/f8c3f2e7db281bde099342dd36133de4bbba390c/joml-1.10.7.jar:/home/gian/.gradle/caches/modules-2/files-2.1/org.jetbrains.kotlin/kotlin-stdlib-jdk8/1.8.20/73576ddf378c5b4f1f6b449fe6b119b8183fc078/kotlin-stdlib-jdk8-1.8.20.jar:/home/gian/.gradle/caches/modules-2/files-2.1/org.jetbrains.kotlin/kotlin-stdlib-jdk7/1.8.20/3aa51faf20aae8b31e1a4bc54f8370673d7b7df4/kotlin-stdlib-jdk7-1.8.20.jar:/home/gian/.gradle/caches/modules-2/files-2.1/org.jetbrains.kotlin/kotlin-stdlib/1.8.20/e72fc5e03ec6c064c678a6bd0d955c88d55b0c4a/kotlin-stdlib-1.8.20.jar:/home/gian/.gradle/caches/modules-2/files-2.1/org.jetbrains.kotlin/kotlin-stdlib-common/1.8.20/5eddaaf234c8c49d03eebeb6a14feb7f90faca71/kotlin-stdlib-common-1.8.20.jar:/home/gian/.gradle/caches/modules-2/files-2.1/org.jetbrains/annotations/13.0/919f0dfe192fb4e063e7dacadee7f8bb9a2672a9/annotations-13.0.jar
Launcher Type: SUN_STANDARD

[Global flags]
     intx CICompilerCount                          = 4                                         {product} {ergonomic}
     uint ConcGCThreads                            = 3                                         {product} {ergonomic}
     uint G1ConcRefinementThreads                  = 10                                        {product} {ergonomic}
   size_t G1HeapRegionSize                         = 2097152                                   {product} {ergonomic}
    uintx GCDrainStackTargetSize                   = 64                                        {product} {ergonomic}
   size_t InitialHeapSize                          = 213909504                                 {product} {ergonomic}
   size_t MarkStackSize                            = 4194304                                   {product} {ergonomic}
   size_t MaxHeapSize                              = 3403677696                                {product} {ergonomic}
   size_t MaxNewSize                               = 2040528896                                {product} {ergonomic}
   size_t MinHeapDeltaBytes                        = 2097152                                   {product} {ergonomic}
   size_t MinHeapSize                              = 8388608                                   {product} {ergonomic}
    uintx NonNMethodCodeHeapSize                   = 5839372                                {pd product} {ergonomic}
    uintx NonProfiledCodeHeapSize                  = 122909434                              {pd product} {ergonomic}
    uintx ProfiledCodeHeapSize                     = 122909434                              {pd product} {ergonomic}
    uintx ReservedCodeCacheSize                    = 251658240                              {pd product} {ergonomic}
     bool SegmentedCodeCache                       = true                                      {product} {ergonomic}
   size_t SoftMaxHeapSize                          = 3403677696                             {manageable} {ergonomic}
     bool UseCompressedOops                        = true                           {product lp64_product} {ergonomic}
     bool UseG1GC                                  = true                                      {product} {ergonomic}

Logging:
Log output configuration:
 #0: stdout all=warning uptime,level,tags foldmultilines=false
 #1: stderr all=off uptime,level,tags foldmultilines=false

Environment Variables:
PATH=/home/gian/.cargo/bin:/usr/local/sbin:/usr/local/bin:/usr/bin:/opt/android-sdk/cmdline-tools/latest/bin:/opt/android-sdk/platform-tools:/var/lib/flatpak/exports/bin:/usr/lib/jvm/default/bin:/usr/bin/site_perl:/usr/bin/vendor_perl:/usr/bin/core_perl
SHELL=/usr/bin/bash
DISPLAY=:1
LANG=en_US.UTF-8

Active Locale:
LC_ALL=en_US.UTF-8
LC_COLLATE=en_US.UTF-8
LC_CTYPE=en_US.UTF-8
LC_MESSAGES=en_US.UTF-8
LC_MONETARY=en_US.UTF-8
LC_NUMERIC=en_US.UTF-8
LC_TIME=en_US.UTF-8

Signal Handlers:
   SIGSEGV: 0x00007458b1c5f8d0 in libjvm.so+12974288, mask=11100100010111111101111111111110, flags=SA_RESTART|SA_SIGINFO, unblocked
    SIGBUS: 0x00007458b1c5f8d0 in libjvm.so+12974288, mask=11100100010111111101111111111110, flags=SA_RESTART|SA_SIGINFO, unblocked
    SIGFPE: 0x00007458b1c5f8d0 in libjvm.so+12974288, mask=11100100010111111101111111111110, flags=SA_RESTART|SA_SIGINFO, unblocked
   SIGPIPE: 0x00007458b1b1df80 in libjvm.so+11657088, mask=11100100010111111101111111111110, flags=SA_RESTART|SA_SIGINFO, blocked
   SIGXFSZ: 0x00007458b1b1df80 in libjvm.so+11657088, mask=11100100010111111101111111111110, flags=SA_RESTART|SA_SIGINFO, blocked
    SIGILL: 0x00007458b1c5f8d0 in libjvm.so+12974288, mask=11100100010111111101111111111110, flags=SA_RESTART|SA_SIGINFO, unblocked
   SIGUSR2: 0x00007458b1b2bad0 in libjvm.so+11713232, mask=00000000000000000000000000000000, flags=SA_RESTART|SA_SIGINFO, blocked
    SIGHUP: 0x00007458b1b16540 in libjvm.so+11625792, mask=11100100010111111101111111111110, flags=SA_RESTART|SA_SIGINFO, blocked
    SIGINT: 0x00007458b1b16540 in libjvm.so+11625792, mask=11100100010111111101111111111110, flags=SA_RESTART|SA_SIGINFO, blocked
   SIGTERM: 0x00007458b1b16540 in libjvm.so+11625792, mask=11100100010111111101111111111110, flags=SA_RESTART|SA_SIGINFO, blocked
   SIGQUIT: 0x00007458b1b16540 in libjvm.so+11625792, mask=11100100010111111101111111111110, flags=SA_RESTART|SA_SIGINFO, blocked
   SIGTRAP: 0x00007458b1c5f8d0 in libjvm.so+12974288, mask=11100100010111111101111111111110, flags=SA_RESTART|SA_SIGINFO, unblocked


Periodic native trim disabled

---------------  S Y S T E M  ---------------

OS:
NAME="Arch Linux"
PRETTY_NAME="Arch Linux"
ID=arch
BUILD_ID=rolling
ANSI_COLOR="38;2;23;147;209"
HOME_URL="https://archlinux.org/"
DOCUMENTATION_URL="https://wiki.archlinux.org/"
SUPPORT_URL="https://bbs.archlinux.org/"
BUG_REPORT_URL="https://gitlab.archlinux.org/groups/archlinux/-/issues"
PRIVACY_POLICY_URL="https://terms.archlinux.org/docs/privacy-policy/"
LOGO=archlinux-logo
uname: Linux 6.12.1-arch1-1 #1 SMP PREEMPT_DYNAMIC Fri, 22 Nov 2024 16:04:27 +0000 x86_64
OS uptime: 0 days 1:05 hours
libc: glibc 2.40 NPTL 2.40 
rlimit (soft/hard): STACK 8192k/infinity , CORE infinity/infinity , NPROC 51463/51463 , NOFILE 524288/524288 , AS infinity/infinity , CPU infinity/infinity , DATA infinity/infinity , FSIZE infinity/infinity , MEMLOCK 8192k/8192k
load average: 0.83 1.00 0.89

/proc/meminfo:
MemTotal:       13289404 kB
MemFree:         3480084 kB
MemAvailable:    6946440 kB
Buffers:          122872 kB
Cached:          3605720 kB
SwapCached:            0 kB
Active:          6330952 kB
Inactive:        2278756 kB
Active(anon):    4948640 kB
Inactive(anon):        0 kB
Active(file):    1382312 kB
Inactive(file):  2278756 kB
Unevictable:         136 kB
Mlocked:             136 kB
SwapTotal:       4194300 kB
SwapFree:        4194300 kB
Zswap:                 0 kB
Zswapped:              0 kB
Dirty:               224 kB
Writeback:             0 kB
AnonPages:       4876420 kB
Mapped:          1042788 kB
Shmem:             67520 kB
KReclaimable:     108720 kB
Slab:             218596 kB
SReclaimable:     108720 kB
SUnreclaim:       109876 kB
KernelStack:       17256 kB
PageTables:        51776 kB
SecPageTables:      4192 kB
NFS_Unstable:          0 kB
Bounce:                0 kB
WritebackTmp:          0 kB
CommitLimit:    10839000 kB
Committed_AS:    8363612 kB
VmallocTotal:   34359738367 kB
VmallocUsed:       91704 kB
VmallocChunk:          0 kB
Percpu:             9168 kB
HardwareCorrupted:     0 kB
AnonHugePages:   1824768 kB
ShmemHugePages:        0 kB
ShmemPmdMapped:        0 kB
FileHugePages:   1101824 kB
FilePmdMapped:    356352 kB
CmaTotal:              0 kB
CmaFree:               0 kB
Unaccepted:            0 kB
HugePages_Total:       0
HugePages_Free:        0
HugePages_Rsvd:        0
HugePages_Surp:        0
Hugepagesize:       2048 kB
Hugetlb:               0 kB
DirectMap4k:      864604 kB
DirectMap2M:     9637888 kB
DirectMap1G:     3145728 kB

/sys/kernel/mm/transparent_hugepage/enabled: [always] madvise never
/sys/kernel/mm/transparent_hugepage/hpage_pmd_size: 2097152
/sys/kernel/mm/transparent_hugepage/defrag (defrag/compaction efforts parameter): always defer defer+madvise [madvise] never

Process Memory:
Virtual Size: 7227896K (peak: 7293432K)
Resident Set Size: 218324K (peak: 218324K) (anon: 71100K, file: 146388K, shmem: 836K)
Swapped out: 0K
C-Heap outstanding allocations: 48872K, retained: 3843K
glibc malloc tunables: (default)

/proc/sys/kernel/threads-max (system-wide limit on the number of threads): 102926
/proc/sys/vm/max_map_count (maximum number of memory map areas a process may have): 1048576
/proc/sys/vm/swappiness (control to define how aggressively the kernel swaps out anonymous memory): 60
/proc/sys/kernel/pid_max (system-wide limit on number of process identifiers): 4194304

container information not found.
Steal ticks since vm start: 0
Steal ticks percentage since vm start:  0.000

CPU: total 12 (initial active 12) (12 cores per cpu, 2 threads per core) family 25 model 68 stepping 1 microcode 0xa404105, cx8, cmov, fxsr, ht, mmx, 3dnowpref, sse, sse2, sse3, ssse3, sse4a, sse4.1, sse4.2, popcnt, lzcnt, tsc, tscinvbit, avx, avx2, aes, erms, clmul, bmi1, bmi2, adx, sha, fma, vzeroupper, clflush, clflushopt, rdtscp, rdpid, fsrm, f16c, pku, ospke, cet_ss
CPU Model and flags from /proc/cpuinfo:
model name	: AMD Ryzen 5 7535HS with Radeon Graphics
flags		: fpu vme de pse tsc msr pae mce cx8 apic sep mtrr pge mca cmov pat pse36 clflush mmx fxsr sse sse2 ht syscall nx mmxext fxsr_opt pdpe1gb rdtscp lm constant_tsc rep_good nopl xtopology nonstop_tsc cpuid extd_apicid aperfmperf rapl pni pclmulqdq monitor ssse3 fma cx16 sse4_1 sse4_2 x2apic movbe popcnt aes xsave avx f16c rdrand lahf_lm cmp_legacy svm extapic cr8_legacy abm sse4a misalignsse 3dnowprefetch osvw ibs skinit wdt tce topoext perfctr_core perfctr_nb bpext perfctr_llc mwaitx cpb cat_l3 cdp_l3 hw_pstate ssbd mba ibrs ibpb stibp vmmcall fsgsbase bmi1 avx2 smep bmi2 erms invpcid cqm rdt_a rdseed adx smap clflushopt clwb sha_ni xsaveopt xsavec xgetbv1 xsaves cqm_llc cqm_occup_llc cqm_mbm_total cqm_mbm_local user_shstk clzero irperf xsaveerptr rdpru wbnoinvd cppc arat npt lbrv svm_lock nrip_save tsc_scale vmcb_clean flushbyasid decodeassists pausefilter pfthreshold avic v_vmsave_vmload vgif v_spec_ctrl umip pku ospke vaes vpclmulqdq rdpid overflow_recov succor smca fsrm debug_swap

Online cpus: 0-11
Offline cpus: 
BIOS frequency limitation: <Not Available>
Frequency switch latency (ns): 0
Available cpu frequencies: <Not Available>
Current governor: powersave
Core performance/turbo boost: 1

Memory: 4k page, physical 13289404k(6946440k free), swap 4194300k(4194300k free)
Page Sizes: 4k

vm_info: OpenJDK 64-Bit Server VM (21.0.5+11) for linux-amd64 JRE (21.0.5+11), built on 2024-10-16T10:19:33Z by "builduser" with gcc 14.2.1 20240910

END.
